#
# There is insufficient memory for the Java Runtime Environment to continue.
# Native memory allocation (malloc) failed to allocate 2200976 bytes for Chunk::new
# Possible reasons:
#   The system is out of physical RAM or swap space
#   The process is running with CompressedOops enabled, and the Java Heap may be blocking the growth of the native heap
# Possible solutions:
#   Reduce memory load on the system
#   Increase physical memory or swap space
#   Check if swap backing store is full
#   Decrease Java heap size (-Xmx/-Xms)
#   Decrease number of Java threads
#   Decrease Java thread stack sizes (-Xss)
#   Set larger code cache with -XX:ReservedCodeCacheSize=
#   JVM is running with Unscaled Compressed Oops mode in which the Java heap is
#     placed in the first 4GB address space. The Java Heap base address is the
#     maximum limit for the native heap growth. Please use -XX:HeapBaseMinAddress
#     to set the Java Heap base and to place the Java Heap above 4GB virtual address.
# This output file may be truncated or incomplete.
#
#  Out of Memory Error (allocation.cpp:389), pid=73256, tid=0x0000000000010190
#
# JRE version: OpenJDK Runtime Environment (8.0_242-b01) (build 1.8.0_242-release-1644-b01)
# Java VM: OpenJDK 64-Bit Server VM (25.242-b01 mixed mode windows-amd64 compressed oops)
# Failed to write core dump. Minidumps are not enabled by default on client versions of Windows
#

---------------  T H R E A D  ---------------

Current thread (0x0000000016f0d800):  JavaThread "C2 CompilerThread1" daemon [_thread_in_native, id=65936, stack(0x0000000018780000,0x0000000018880000)]

Stack: [0x0000000018780000,0x0000000018880000]
[error occurred during error reporting (printing stack bounds), id 0xc0000005]

Native frames: (J=compiled Java code, j=interpreted, Vv=VM code, C=native code)


Current CompileTask:
C2:   7084 2429       4       java.net.URLClassLoader$1::run (5 bytes)


---------------  P R O C E S S  ---------------

Java Threads: ( => current thread )
  0x000000001ac54000 JavaThread "Cache worker for execution history cache (C:\Users\SHADOWRATH\.gradle\caches\6.1.1\executionHistory)" [_thread_blocked, id=35964, stack(0x00000000207e0000,0x00000000208e0000)]
  0x000000001ac50000 JavaThread "Cache worker for cache directory md-rule (C:\Users\SHADOWRATH\.gradle\caches\6.1.1\md-rule)" [_thread_blocked, id=45116, stack(0x000000001f630000,0x000000001f730000)]
  0x000000001ac52800 JavaThread "Cache worker for cache directory md-supplier (C:\Users\SHADOWRATH\.gradle\caches\6.1.1\md-supplier)" [_thread_blocked, id=69892, stack(0x000000001f290000,0x000000001f390000)]
  0x000000001ac53000 JavaThread "Cache worker for file hash cache (C:\Users\SHADOWRATH\AndroidStudioProjects\UsingStrings\.gradle\6.1.1\fileHashes)" [_thread_blocked, id=75688, stack(0x000000001f530000,0x000000001f630000)]
  0x000000001ac4e800 JavaThread "Cache worker for checksums cache (C:\Users\SHADOWRATH\AndroidStudioProjects\UsingStrings\.gradle\checksums)" [_thread_blocked, id=6612, stack(0x000000001f430000,0x000000001f530000)]
  0x000000001ac51800 JavaThread "Cache worker for file hash cache (C:\Users\SHADOWRATH\.gradle\caches\6.1.1\fileHashes)" [_thread_blocked, id=43476, stack(0x000000001ccf0000,0x000000001cdf0000)]
  0x000000001ac4f800 JavaThread "File lock request listener" [_thread_in_native, id=27376, stack(0x000000001cbf0000,0x000000001ccf0000)]
  0x000000001ab8c800 JavaThread "Cache worker for journal cache (C:\Users\SHADOWRATH\.gradle\caches\journal-1)" [_thread_blocked, id=33624, stack(0x000000001caf0000,0x000000001cbf0000)]
  0x000000001aad0000 JavaThread "Thread-9" [_thread_blocked, id=14972, stack(0x000000001c7f0000,0x000000001c8f0000)]
  0x000000001aaf6800 JavaThread "Stdin handler" [_thread_blocked, id=17648, stack(0x000000001c6f0000,0x000000001c7f0000)]
  0x000000001aaf6000 JavaThread "Asynchronous log dispatcher for DefaultDaemonConnection: socket connection from /127.0.0.1:56260 to /127.0.0.1:56261" [_thread_blocked, id=64640, stack(0x000000001c5f0000,0x000000001c6f0000)]
  0x000000001ab07000 JavaThread "Daemon worker" [_thread_in_native, id=28384, stack(0x000000001c4f0000,0x000000001c5f0000)]
  0x000000001aafe800 JavaThread "Cancel handler" [_thread_blocked, id=21044, stack(0x000000001c3f0000,0x000000001c4f0000)]
  0x000000001aaa8000 JavaThread "Handler for socket connection from /127.0.0.1:56260 to /127.0.0.1:56261" [_thread_in_native, id=70032, stack(0x000000001c0f0000,0x000000001c1f0000)]
  0x000000001aaa4000 JavaThread "Daemon" [_thread_blocked, id=30032, stack(0x000000001bff0000,0x000000001c0f0000)]
  0x000000001aa8b000 JavaThread "Daemon periodic checks" [_thread_blocked, id=51332, stack(0x000000001bef0000,0x000000001bff0000)]
  0x000000001aa38000 JavaThread "Incoming local TCP Connector on port 56260" [_thread_in_native, id=11800, stack(0x000000001bd00000,0x000000001be00000)]
  0x0000000018ff1000 JavaThread "Daemon health stats" [_thread_blocked, id=36900, stack(0x000000001b720000,0x000000001b820000)]
  0x0000000016f5e800 JavaThread "Service Thread" daemon [_thread_blocked, id=15840, stack(0x0000000018d80000,0x0000000018e80000)]
  0x0000000016f14800 JavaThread "C1 CompilerThread2" daemon [_thread_blocked, id=68760, stack(0x0000000018880000,0x0000000018980000)]
=>0x0000000016f0d800 JavaThread "C2 CompilerThread1" daemon [_thread_in_native, id=65936, stack(0x0000000018780000,0x0000000018880000)]
  0x0000000016f08800 JavaThread "C2 CompilerThread0" daemon [_thread_in_native, id=61232, stack(0x0000000018680000,0x0000000018780000)]
  0x0000000016f04000 JavaThread "Attach Listener" daemon [_thread_blocked, id=16740, stack(0x0000000018580000,0x0000000018680000)]
  0x0000000016f03000 JavaThread "Signal Dispatcher" daemon [_thread_blocked, id=67552, stack(0x0000000018480000,0x0000000018580000)]
  0x00000000022db800 JavaThread "Finalizer" daemon [_thread_blocked, id=49656, stack(0x0000000018150000,0x0000000018250000)]
  0x0000000016ee9000 JavaThread "Reference Handler" daemon [_thread_blocked, id=23820, stack(0x0000000018050000,0x0000000018150000)]
  0x00000000021e2800 JavaThread "main" [_thread_blocked, id=51260, stack(0x00000000020e0000,0x00000000021e0000)]

Other Threads:
  0x0000000016ec5800 VMThread [stack: 0x0000000017f50000,0x0000000018050000] [id=32384]
  0x00000000189a9000 WatcherThread [stack: 0x0000000018e80000,0x0000000018f80000] [id=72708]

VM state:not at safepoint (normal execution)

VM Mutex/Monitor currently owned by a thread: None

heap address: 0x0000000080000000, size: 2048 MB, Compressed Oops mode: 32-bit
Narrow klass base: 0x0000000000000000, Narrow klass shift: 3
Compressed class space size: 1073741824 Address: 0x0000000100000000

Heap:
 PSYoungGen      total 117760K, used 49679K [0x00000000d5580000, 0x00000000dec80000, 0x0000000100000000)
  eden space 109056K, 37% used [0x00000000d5580000,0x00000000d7dc3d28,0x00000000dc000000)
  from space 8704K, 97% used [0x00000000de400000,0x00000000dec3fff0,0x00000000dec80000)
  to   space 12800K, 0% used [0x00000000dd380000,0x00000000dd380000,0x00000000de000000)
 ParOldGen       total 62976K, used 11326K [0x0000000080000000, 0x0000000083d80000, 0x00000000d5580000)
  object space 62976K, 17% used [0x0000000080000000,0x0000000080b0f9b0,0x0000000083d80000)
 Metaspace       used 31410K, capacity 32206K, committed 32432K, reserved 1077248K
  class space    used 4275K, capacity 4500K, committed 4528K, reserved 1048576K

Card table byte_map: [0x00000000116a0000,0x0000000011ab0000] byte_map_base: 0x00000000112a0000

Marking Bits: (ParMarkBitMap*) 0x0000000068bcf030
 Begin Bits: [0x0000000012160000, 0x0000000014160000)
 End Bits:   [0x0000000014160000, 0x0000000016160000)

Polling page: 0x0000000000890000

CodeCache: size=245760Kb used=9540Kb max_used=9540Kb free=236219Kb
 bounds [0x00000000022e0000, 0x0000000002c40000, 0x00000000112e0000]
 total_blobs=3149 nmethods=2468 adapters=594
 compilation: enabled

Compilation events (10 events):
Event: 6.830 Thread 0x0000000016f14800 2474       3       org.objectweb.asm.Label::accept (65 bytes)
Event: 6.831 Thread 0x0000000016f14800 nmethod 2474 0x0000000002c33210 code [0x0000000002c333c0, 0x0000000002c33948]
Event: 6.831 Thread 0x0000000016f14800 2475       3       org.objectweb.asm.ClassReader::readLabel (20 bytes)
Event: 6.831 Thread 0x0000000016f14800 nmethod 2475 0x0000000002c33b50 code [0x0000000002c33ce0, 0x0000000002c34110]
Event: 6.831 Thread 0x0000000016f14800 2476       3       org.objectweb.asm.Label::addLineNumber (89 bytes)
Event: 6.832 Thread 0x0000000016f14800 nmethod 2476 0x0000000002c34310 code [0x0000000002c344a0, 0x0000000002c34948]
Event: 6.836 Thread 0x0000000016f14800 2477       1       com.google.common.cache.LocalCache$2::poll (2 bytes)
Event: 6.837 Thread 0x0000000016f14800 nmethod 2477 0x0000000002c34b10 code [0x0000000002c34c60, 0x0000000002c34d70]
Event: 6.843 Thread 0x0000000016f14800 2478       3       com.google.common.collect.CollectPreconditions::checkNonnegative (37 bytes)
Event: 6.844 Thread 0x0000000016f14800 nmethod 2478 0x0000000002c34dd0 code [0x0000000002c34fc0, 0x0000000002c358e8]

GC Heap History (10 events):
Event: 2.289 GC heap before
{Heap before GC invocations=3 (full 0):
 PSYoungGen      total 38400K, used 36589K [0x00000000d5580000, 0x00000000da080000, 0x0000000100000000)
  eden space 33280K, 100% used [0x00000000d5580000,0x00000000d7600000,0x00000000d7600000)
  from space 5120K, 64% used [0x00000000d7b00000,0x00000000d7e3b770,0x00000000d8000000)
  to   space 5120K, 0% used [0x00000000d7600000,0x00000000d7600000,0x00000000d7b00000)
 ParOldGen       total 87552K, used 16K [0x0000000080000000, 0x0000000085580000, 0x00000000d5580000)
  object space 87552K, 0% used [0x0000000080000000,0x0000000080004000,0x0000000085580000)
 Metaspace       used 12102K, capacity 12420K, committed 12544K, reserved 1060864K
  class space    used 1608K, capacity 1730K, committed 1792K, reserved 1048576K
Event: 2.295 GC heap after
Heap after GC invocations=3 (full 0):
 PSYoungGen      total 38400K, used 5104K [0x00000000d5580000, 0x00000000da080000, 0x0000000100000000)
  eden space 33280K, 0% used [0x00000000d5580000,0x00000000d5580000,0x00000000d7600000)
  from space 5120K, 99% used [0x00000000d7600000,0x00000000d7afc030,0x00000000d7b00000)
  to   space 5120K, 0% used [0x00000000d9b80000,0x00000000d9b80000,0x00000000da080000)
 ParOldGen       total 87552K, used 1145K [0x0000000080000000, 0x0000000085580000, 0x00000000d5580000)
  object space 87552K, 1% used [0x0000000080000000,0x000000008011e430,0x0000000085580000)
 Metaspace       used 12102K, capacity 12420K, committed 12544K, reserved 1060864K
  class space    used 1608K, capacity 1730K, committed 1792K, reserved 1048576K
}
Event: 2.638 GC heap before
{Heap before GC invocations=4 (full 0):
 PSYoungGen      total 38400K, used 38384K [0x00000000d5580000, 0x00000000da080000, 0x0000000100000000)
  eden space 33280K, 100% used [0x00000000d5580000,0x00000000d7600000,0x00000000d7600000)
  from space 5120K, 99% used [0x00000000d7600000,0x00000000d7afc030,0x00000000d7b00000)
  to   space 5120K, 0% used [0x00000000d9b80000,0x00000000d9b80000,0x00000000da080000)
 ParOldGen       total 87552K, used 1145K [0x0000000080000000, 0x0000000085580000, 0x00000000d5580000)
  object space 87552K, 1% used [0x0000000080000000,0x000000008011e430,0x0000000085580000)
 Metaspace       used 15353K, capacity 15820K, committed 16128K, reserved 1062912K
  class space    used 2047K, capacity 2218K, committed 2304K, reserved 1048576K
Event: 2.650 GC heap after
Heap after GC invocations=4 (full 0):
 PSYoungGen      total 71680K, used 5088K [0x00000000d5580000, 0x00000000da080000, 0x0000000100000000)
  eden space 66560K, 0% used [0x00000000d5580000,0x00000000d5580000,0x00000000d9680000)
  from space 5120K, 99% used [0x00000000d9b80000,0x00000000da078020,0x00000000da080000)
  to   space 5120K, 0% used [0x00000000d9680000,0x00000000d9680000,0x00000000d9b80000)
 ParOldGen       total 87552K, used 3781K [0x0000000080000000, 0x0000000085580000, 0x00000000d5580000)
  object space 87552K, 4% used [0x0000000080000000,0x00000000803b1460,0x0000000085580000)
 Metaspace       used 15353K, capacity 15820K, committed 16128K, reserved 1062912K
  class space    used 2047K, capacity 2218K, committed 2304K, reserved 1048576K
}
Event: 5.427 GC heap before
{Heap before GC invocations=5 (full 0):
 PSYoungGen      total 71680K, used 70463K [0x00000000d5580000, 0x00000000da080000, 0x0000000100000000)
  eden space 66560K, 98% used [0x00000000d5580000,0x00000000d9557fa0,0x00000000d9680000)
  from space 5120K, 99% used [0x00000000d9b80000,0x00000000da078020,0x00000000da080000)
  to   space 5120K, 0% used [0x00000000d9680000,0x00000000d9680000,0x00000000d9b80000)
 ParOldGen       total 87552K, used 3781K [0x0000000080000000, 0x0000000085580000, 0x00000000d5580000)
  object space 87552K, 4% used [0x0000000080000000,0x00000000803b1460,0x0000000085580000)
 Metaspace       used 20559K, capacity 21228K, committed 21296K, reserved 1067008K
  class space    used 2869K, capacity 3084K, committed 3120K, reserved 1048576K
Event: 5.438 GC heap after
Heap after GC invocations=5 (full 0):
 PSYoungGen      total 71680K, used 5088K [0x00000000d5580000, 0x00000000df080000, 0x0000000100000000)
  eden space 66560K, 0% used [0x00000000d5580000,0x00000000d5580000,0x00000000d9680000)
  from space 5120K, 99% used [0x00000000d9680000,0x00000000d9b78030,0x00000000d9b80000)
  to   space 12800K, 0% used [0x00000000de400000,0x00000000de400000,0x00000000df080000)
 ParOldGen       total 87552K, used 10362K [0x0000000080000000, 0x0000000085580000, 0x00000000d5580000)
  object space 87552K, 11% used [0x0000000080000000,0x0000000080a1e830,0x0000000085580000)
 Metaspace       used 20559K, capacity 21228K, committed 21296K, reserved 1067008K
  class space    used 2869K, capacity 3084K, committed 3120K, reserved 1048576K
}
Event: 5.438 GC heap before
{Heap before GC invocations=6 (full 1):
 PSYoungGen      total 71680K, used 5088K [0x00000000d5580000, 0x00000000df080000, 0x0000000100000000)
  eden space 66560K, 0% used [0x00000000d5580000,0x00000000d5580000,0x00000000d9680000)
  from space 5120K, 99% used [0x00000000d9680000,0x00000000d9b78030,0x00000000d9b80000)
  to   space 12800K, 0% used [0x00000000de400000,0x00000000de400000,0x00000000df080000)
 ParOldGen       total 87552K, used 10362K [0x0000000080000000, 0x0000000085580000, 0x00000000d5580000)
  object space 87552K, 11% used [0x0000000080000000,0x0000000080a1e830,0x0000000085580000)
 Metaspace       used 20559K, capacity 21228K, committed 21296K, reserved 1067008K
  class space    used 2869K, capacity 3084K, committed 3120K, reserved 1048576K
Event: 5.478 GC heap after
Heap after GC invocations=6 (full 1):
 PSYoungGen      total 71680K, used 0K [0x00000000d5580000, 0x00000000df080000, 0x0000000100000000)
  eden space 66560K, 0% used [0x00000000d5580000,0x00000000d5580000,0x00000000d9680000)
  from space 5120K, 0% used [0x00000000d9680000,0x00000000d9680000,0x00000000d9b80000)
  to   space 12800K, 0% used [0x00000000de400000,0x00000000de400000,0x00000000df080000)
 ParOldGen       total 62976K, used 11318K [0x0000000080000000, 0x0000000083d80000, 0x00000000d5580000)
  object space 62976K, 17% used [0x0000000080000000,0x0000000080b0d9b0,0x0000000083d80000)
 Metaspace       used 20559K, capacity 21228K, committed 21296K, reserved 1067008K
  class space    used 2869K, capacity 3084K, committed 3120K, reserved 1048576K
}
Event: 6.387 GC heap before
{Heap before GC invocations=7 (full 1):
 PSYoungGen      total 71680K, used 66560K [0x00000000d5580000, 0x00000000df080000, 0x0000000100000000)
  eden space 66560K, 100% used [0x00000000d5580000,0x00000000d9680000,0x00000000d9680000)
  from space 5120K, 0% used [0x00000000d9680000,0x00000000d9680000,0x00000000d9b80000)
  to   space 12800K, 0% used [0x00000000de400000,0x00000000de400000,0x00000000df080000)
 ParOldGen       total 62976K, used 11318K [0x0000000080000000, 0x0000000083d80000, 0x00000000d5580000)
  object space 62976K, 17% used [0x0000000080000000,0x0000000080b0d9b0,0x0000000083d80000)
 Metaspace       used 28302K, capacity 29044K, committed 29232K, reserved 1075200K
  class space    used 3898K, capacity 4127K, committed 4144K, reserved 1048576K
Event: 6.398 GC heap after
Heap after GC invocations=7 (full 1):
 PSYoungGen      total 117760K, used 8447K [0x00000000d5580000, 0x00000000dec80000, 0x0000000100000000)
  eden space 109056K, 0% used [0x00000000d5580000,0x00000000d5580000,0x00000000dc000000)
  from space 8704K, 97% used [0x00000000de400000,0x00000000dec3fff0,0x00000000dec80000)
  to   space 12800K, 0% used [0x00000000dd380000,0x00000000dd380000,0x00000000de000000)
 ParOldGen       total 62976K, used 11326K [0x0000000080000000, 0x0000000083d80000, 0x00000000d5580000)
  object space 62976K, 17% used [0x0000000080000000,0x0000000080b0f9b0,0x0000000083d80000)
 Metaspace       used 28302K, capacity 29044K, committed 29232K, reserved 1075200K
  class space    used 3898K, capacity 4127K, committed 4144K, reserved 1048576K
}

Deoptimization events (10 events):
Event: 6.334 Thread 0x000000001ab07000 Uncommon trap: reason=class_check action=maybe_recompile pc=0x0000000002a2bb1c method=sun.misc.URLClassPath.getLoader(I)Lsun/misc/URLClassPath$Loader; @ 239
Event: 6.334 Thread 0x000000001ab07000 Uncommon trap: reason=unstable_if action=reinterpret pc=0x00000000027ea0bc method=java.lang.String.regionMatches(ZILjava/lang/String;II)Z @ 41
Event: 6.371 Thread 0x000000001ab07000 Uncommon trap: reason=class_check action=maybe_recompile pc=0x0000000002a2bb1c method=sun.misc.URLClassPath.getLoader(I)Lsun/misc/URLClassPath$Loader; @ 239
Event: 6.399 Thread 0x0000000016ee9000 Uncommon trap: reason=unstable_if action=reinterpret pc=0x0000000002819a3c method=java.lang.ref.Reference.tryHandlePending(Z)Z @ 104
Event: 6.649 Thread 0x000000001ab07000 Uncommon trap: reason=unstable_if action=reinterpret pc=0x000000000254904c method=java.util.HashMap.getNode(ILjava/lang/Object;)Ljava/util/HashMap$Node; @ 53
Event: 6.649 Thread 0x000000001ab07000 Uncommon trap: reason=unstable_if action=reinterpret pc=0x00000000027ab638 method=java.util.HashMap.hash(Ljava/lang/Object;)I @ 1
Event: 6.679 Thread 0x000000001ab07000 Uncommon trap: reason=unstable_if action=reinterpret pc=0x0000000002bf2938 method=java.util.HashMap.putVal(ILjava/lang/Object;Ljava/lang/Object;ZZ)Ljava/lang/Object; @ 85
Event: 6.727 Thread 0x000000001ab07000 Uncommon trap: reason=unstable_if action=reinterpret pc=0x0000000002bde538 method=org.gradle.internal.reflect.PropertyAccessorType.isGetGetterName(Ljava/lang/String;)Z @ 14
Event: 6.755 Thread 0x000000001ab07000 Uncommon trap: reason=unstable_if action=reinterpret pc=0x0000000002a61240 method=org.objectweb.asm.ByteVector.putShort(I)Lorg/objectweb/asm/ByteVector; @ 13
Event: 6.851 Thread 0x000000001ab07000 Uncommon trap: reason=class_check action=maybe_recompile pc=0x0000000002a2aff4 method=sun.misc.URLClassPath.getLoader(I)Lsun/misc/URLClassPath$Loader; @ 94

Classes redefined (0 events):
No events

Internal exceptions (10 events):
Event: 6.484 Thread 0x000000001ab07000 Exception <a 'java/lang/ClassNotFoundException': org/gradle/initialization/DefaultSettingsCustomizer> (0x00000000d59f8b40) thrown at [C:\src\AOSP-openjdk-git\hotspot\src\share\vm\classfile\systemDictionary.cpp, line 210]
Event: 6.488 Thread 0x000000001ab07000 Exception <a 'java/lang/ClassNotFoundException': org/gradle/initialization/DefaultSettings_DecoratedCustomizer> (0x00000000d5a675f0) thrown at [C:\src\AOSP-openjdk-git\hotspot\src\share\vm\classfile\systemDictionary.cpp, line 210]
Event: 6.534 Thread 0x000000001ab07000 Exception <a 'java/lang/ClassNotFoundException': org/gradle/initialization/DefaultProjectDescriptorBeanInfo> (0x00000000d5cd30d0) thrown at [C:\src\AOSP-openjdk-git\hotspot\src\share\vm\classfile\systemDictionary.cpp, line 210]
Event: 6.535 Thread 0x000000001ab07000 Exception <a 'java/lang/ClassNotFoundException': org/gradle/initialization/DefaultProjectDescriptorCustomizer> (0x00000000d5d03ff0) thrown at [C:\src\AOSP-openjdk-git\hotspot\src\share\vm\classfile\systemDictionary.cpp, line 210]
Event: 6.649 Thread 0x000000001ab07000 Implicit null exception at 0x00000000027ab1db to 0x00000000027ab61d
Event: 6.701 Thread 0x000000001aad0000 Exception <a 'java/lang/NoSuchMethodError': <clinit>> (0x00000000d55cd358) thrown at [C:\src\AOSP-openjdk-git\hotspot\src\share\vm\prims\jni.cpp, line 1615]
Event: 6.701 Thread 0x000000001aad0000 Exception <a 'java/lang/NoSuchMethodError': <clinit>> (0x00000000d55cf678) thrown at [C:\src\AOSP-openjdk-git\hotspot\src\share\vm\prims\jni.cpp, line 1615]
Event: 6.702 Thread 0x000000001aad0000 Exception <a 'java/lang/NoSuchMethodError': <clinit>> (0x00000000d55df090) thrown at [C:\src\AOSP-openjdk-git\hotspot\src\share\vm\prims\jni.cpp, line 1615]
Event: 6.703 Thread 0x000000001aad0000 Exception <a 'java/lang/NoSuchMethodError': <clinit>> (0x00000000d55e21b0) thrown at [C:\src\AOSP-openjdk-git\hotspot\src\share\vm\prims\jni.cpp, line 1615]
Event: 6.703 Thread 0x000000001aad0000 Exception <a 'java/lang/NoSuchMethodError': <clinit>> (0x00000000d707c8a0) thrown at [C:\src\AOSP-openjdk-git\hotspot\src\share\vm\prims\jni.cpp, line 1615]

Events (10 events):
Event: 6.845 loading class org/gradle/internal/build/event/types/DefaultScriptPluginIdentifier done
Event: 6.847 loading class org/gradle/configuration/ProjectScriptTarget
Event: 6.847 loading class org/gradle/configuration/ProjectScriptTarget done
Event: 6.848 loading class org/gradle/api/internal/project/ProjectScript
Event: 6.848 loading class org/gradle/api/internal/project/ProjectScript done
Event: 6.851 Thread 0x000000001ab07000 Uncommon trap: trap_request=0xffffffde fr.pc=0x0000000002a2aff4
Event: 6.851 Executing VM operation: RevokeBias
Event: 6.851 Executing VM operation: RevokeBias done
Event: 6.851 Thread 0x000000001ab07000 DEOPT PACKING pc=0x0000000002a2aff4 sp=0x000000001c5ea8e0
Event: 6.851 Thread 0x000000001ab07000 DEOPT UNPACKING pc=0x000000000232557b sp=0x000000001c5ea8e8 mode 2


Dynamic libraries:
0x00007ff7aa910000 - 0x00007ff7aa941000 	C:\Program Files\Android\Android Studio\jre\bin\java.exe
0x00007ffb254b0000 - 0x00007ffb2565d000 	C:\Windows\SYSTEM32\ntdll.dll
0x00007ffb22b30000 - 0x00007ffb22c6e000 	C:\Windows\system32\KERNEL32.DLL
0x00007ffb22960000 - 0x00007ffb22a75000 	C:\Windows\system32\KERNELBASE.dll
0x00007ffb24980000 - 0x00007ffb24a2a000 	C:\Windows\system32\ADVAPI32.dll
0x00007ffb22c70000 - 0x00007ffb22de7000 	C:\Windows\system32\USER32.dll
0x00007ffb206a0000 - 0x00007ffb2091a000 	C:\Windows\WinSxS\amd64_microsoft.windows.common-controls_6595b64144ccf1df_6.0.9600.17810_none_6240b9c7ecbd0bda\COMCTL32.dll
0x00007ffb233a0000 - 0x00007ffb2344a000 	C:\Windows\system32\msvcrt.dll
0x00007ffb24d70000 - 0x00007ffb24dc9000 	C:\Windows\SYSTEM32\sechost.dll
0x00007ffb24e10000 - 0x00007ffb24f51000 	C:\Windows\system32\RPCRT4.dll
0x00007ffb23250000 - 0x00007ffb2339b000 	C:\Windows\system32\GDI32.dll
0x00007ffb24dd0000 - 0x00007ffb24e06000 	C:\Windows\system32\IMM32.DLL
0x00007ffb23080000 - 0x00007ffb231d2000 	C:\Windows\system32\MSCTF.dll
0x00007ffb21850000 - 0x00007ffb21882000 	C:\Windows\SYSTEM32\ntmarta.dll
0x00007ffb223c0000 - 0x00007ffb223ee000 	C:\Windows\SYSTEM32\SspiCli.dll
0x0000000068320000 - 0x00000000683f2000 	C:\Program Files\Android\Android Studio\jre\jre\bin\msvcr100.dll
0x0000000068400000 - 0x0000000068c4b000 	C:\Program Files\Android\Android Studio\jre\jre\bin\server\jvm.dll
0x00007ffb15780000 - 0x00007ffb15789000 	C:\Windows\SYSTEM32\WSOCK32.dll
0x00007ffb1e860000 - 0x00007ffb1e882000 	C:\Windows\SYSTEM32\WINMM.dll
0x00007ffb1e820000 - 0x00007ffb1e82a000 	C:\Windows\SYSTEM32\VERSION.dll
0x00007ffb25100000 - 0x00007ffb25107000 	C:\Windows\system32\PSAPI.DLL
0x00007ffb24c40000 - 0x00007ffb24c9a000 	C:\Windows\system32\WS2_32.dll
0x00007ffb1e830000 - 0x00007ffb1e85a000 	C:\Windows\SYSTEM32\WINMMBASE.dll
0x00007ffb252b0000 - 0x00007ffb252b9000 	C:\Windows\system32\NSI.dll
0x00007ffb22910000 - 0x00007ffb2295f000 	C:\Windows\SYSTEM32\cfgmgr32.dll
0x00007ffb213a0000 - 0x00007ffb213c8000 	C:\Windows\SYSTEM32\DEVOBJ.dll
0x00007ffb204f0000 - 0x00007ffb204ff000 	C:\Program Files\Android\Android Studio\jre\jre\bin\verify.dll
0x00007ffb15bd0000 - 0x00007ffb15bf9000 	C:\Program Files\Android\Android Studio\jre\jre\bin\java.dll
0x00007ffb1c0f0000 - 0x00007ffb1c106000 	C:\Program Files\Android\Android Studio\jre\jre\bin\zip.dll
0x00007ffb23450000 - 0x00007ffb24979000 	C:\Windows\system32\SHELL32.dll
0x00007ffb22df0000 - 0x00007ffb23002000 	C:\Windows\SYSTEM32\combase.dll
0x00007ffb24a30000 - 0x00007ffb24a84000 	C:\Windows\system32\SHLWAPI.dll
0x00007ffb20b20000 - 0x00007ffb20bd2000 	C:\Windows\SYSTEM32\SHCORE.dll
0x00007ffb22600000 - 0x00007ffb22615000 	C:\Windows\SYSTEM32\profapi.dll
0x00007ffb1b190000 - 0x00007ffb1b1aa000 	C:\Program Files\Android\Android Studio\jre\jre\bin\net.dll
0x00007ffb21e00000 - 0x00007ffb21e59000 	C:\Windows\system32\mswsock.dll
0x00007ffb16bf0000 - 0x00007ffb16c03000 	C:\Program Files\Android\Android Studio\jre\jre\bin\nio.dll
0x00007ffb0ffd0000 - 0x00007ffb0fff6000 	C:\Users\SHADOWRATH\.gradle\native\31\windows-amd64\native-platform.dll
0x00007ffb1d6d0000 - 0x00007ffb1d6dd000 	C:\Program Files\Android\Android Studio\jre\jre\bin\management.dll
0x00007ffb21e60000 - 0x00007ffb21e80000 	C:\Windows\SYSTEM32\CRYPTSP.dll
0x00007ffb21a80000 - 0x00007ffb21ab6000 	C:\Windows\system32\rsaenh.dll
0x00007ffb220b0000 - 0x00007ffb220d6000 	C:\Windows\SYSTEM32\bcrypt.dll
0x00007ffb21b90000 - 0x00007ffb21bb1000 	C:\Windows\SYSTEM32\USERENV.dll
0x00007ffb22400000 - 0x00007ffb22463000 	C:\Windows\system32\bcryptprimitives.dll
0x00007ffb22470000 - 0x00007ffb2247b000 	C:\Windows\SYSTEM32\CRYPTBASE.dll
0x00007ffb1e5d0000 - 0x00007ffb1e5fa000 	C:\Windows\SYSTEM32\IPHLPAPI.DLL
0x00007ffb1e5c0000 - 0x00007ffb1e5ca000 	C:\Windows\SYSTEM32\WINNSI.DLL
0x00007ffb1b360000 - 0x00007ffb1b376000 	C:\Windows\SYSTEM32\dhcpcsvc6.DLL
0x00007ffb1b340000 - 0x00007ffb1b35a000 	C:\Windows\SYSTEM32\dhcpcsvc.DLL

VM Arguments:
jvm_args: -Xmx2048m -Dfile.encoding=windows-1252 -Duser.country=US -Duser.language=en -Duser.variant 
java_command: org.gradle.launcher.daemon.bootstrap.GradleDaemon 6.1.1
java_class_path (initial): C:\Users\SHADOWRATH\.gradle\wrapper\dists\gradle-6.1.1-all\cfmwm155h49vnt3hynmlrsdst\gradle-6.1.1\lib\gradle-launcher-6.1.1.jar
Launcher Type: SUN_STANDARD

Environment Variables:
PATH=C:\Program Files\Microsoft MPI\Bin\;C:\Program Files\Dell\DW WLAN Card;C:\Windows\system32;C:\Windows;C:\Windows\System32\Wbem;C:\Windows\System32\WindowsPowerShell\v1.0\;C:\Program Files\WIDCOMM\Bluetooth Software\;C:\Program Files\WIDCOMM\Bluetooth Software\syswow64;C:\Program Files (x86)\NVIDIA Corporation\PhysX\Common;C:\Program Files\Microsoft SQL Server\Client SDK\ODBC\130\Tools\Binn\;C:\Program Files (x86)\Microsoft SQL Server\140\Tools\Binn\;C:\Program Files\Microsoft SQL Server\140\Tools\Binn\;C:\Program Files\Microsoft SQL Server\140\DTS\Binn\;C:\Program Files (x86)\Microsoft SQL Server\150\DTS\Binn\;C:\Program Files (x86)\Microsoft SQL Server\140\DTS\Binn\;C:\Program Files\NVIDIA Corporation\NVIDIA NvDLISR\;C:\Program Files\Java\jdk13\bin;C:\Program Files\NVIDIA Corporation\NVIDIA NvDLISR;C:\Program Files\Git\cmd;C:\Program Files\MySQL\MySQL Shell 8.0\bin\;C:\Program Files\java\jdk-13.0.2\bin
USERNAME=SHADOWRATH
OS=Windows_NT
PROCESSOR_IDENTIFIER=Intel64 Family 6 Model 61 Stepping 4, GenuineIntel



---------------  S Y S T E M  ---------------

OS: Windows 8.1 , 64 bit Build 9600 (6.3.9600.17415)

CPU:total 4 (initial active 4) (2 cores per cpu, 2 threads per core) family 6 model 61 stepping 4, cmov, cx8, fxsr, mmx, sse, sse2, sse3, ssse3, sse4.1, sse4.2, popcnt, avx, avx2, aes, clmul, erms, 3dnowpref, lzcnt, ht, tsc, tscinvbit, bmi1, bmi2, adx

Memory: 4k page, physical 8297700k(1009468k free), swap 11369700k(10708k free)

vm_info: OpenJDK 64-Bit Server VM (25.242-b01) for windows-amd64 JRE (1.8.0_242-release-1644-b01), built by "builder" with MS VC++ 10.0 (VS2010)

time: Fri Aug 07 13:09:44 2020
timezone: Sri Lanka Standard Time
elapsed time: 7 seconds (0d 0h 0m 7s)

