#
# There is insufficient memory for the Java Runtime Environment to continue.
# Native memory allocation (malloc) failed to allocate 1005216 bytes for Chunk::new
# Possible reasons:
#   The system is out of physical RAM or swap space
#   The process is running with CompressedOops enabled, and the Java Heap may be blocking the growth of the native heap
# Possible solutions:
#   Reduce memory load on the system
#   Increase physical memory or swap space
#   Check if swap backing store is full
#   Decrease Java heap size (-Xmx/-Xms)
#   Decrease number of Java threads
#   Decrease Java thread stack sizes (-Xss)
#   Set larger code cache with -XX:ReservedCodeCacheSize=
#   JVM is running with Unscaled Compressed Oops mode in which the Java heap is
#     placed in the first 4GB address space. The Java Heap base address is the
#     maximum limit for the native heap growth. Please use -XX:HeapBaseMinAddress
#     to set the Java Heap base and to place the Java Heap above 4GB virtual address.
# This output file may be truncated or incomplete.
#
#  Out of Memory Error (allocation.cpp:389), pid=15980, tid=0x000000000000a3e0
#
# JRE version: OpenJDK Runtime Environment (8.0_242-b01) (build 1.8.0_242-release-1644-b01)
# Java VM: OpenJDK 64-Bit Server VM (25.242-b01 mixed mode windows-amd64 compressed oops)
# Failed to write core dump. Minidumps are not enabled by default on client versions of Windows
#

---------------  T H R E A D  ---------------

Current thread (0x0000000016e0f000):  JavaThread "C2 CompilerThread1" daemon [_thread_in_native, id=41952, stack(0x0000000018680000,0x0000000018780000)]

Stack: [0x0000000018680000,0x0000000018780000]
[error occurred during error reporting (printing stack bounds), id 0xc0000005]

Native frames: (J=compiled Java code, j=interpreted, Vv=VM code, C=native code)


Current CompileTask:
C2: 169059 9705       4       com.android.ide.common.resources.NodeUtils::duplicateNode (315 bytes)


---------------  P R O C E S S  ---------------

Java Threads: ( => current thread )
  0x000000001dba9800 JavaThread "Cache worker for execution history cache (C:\Users\SHADOWRATH\AndroidStudioProjects\UsingStrings\.gradle\6.1.1\executionHistory)" [_thread_blocked, id=17424, stack(0x0000000024d30000,0x0000000024e30000)]
  0x000000001dba8000 JavaThread "Execution worker for ':' Thread 3" [_thread_in_native, id=57292, stack(0x0000000024e50000,0x0000000024f50000)]
  0x000000001dba9000 JavaThread "Execution worker for ':' Thread 2" [_thread_blocked, id=66164, stack(0x0000000024830000,0x0000000024930000)]
  0x000000001dba6000 JavaThread "Execution worker for ':'" [_thread_blocked, id=22164, stack(0x0000000024530000,0x0000000024630000)]
  0x000000001dba5000 JavaThread "Cache worker for file content cache (C:\Users\SHADOWRATH\AndroidStudioProjects\UsingStrings\.gradle\6.1.1\fileContent)" [_thread_blocked, id=33900, stack(0x0000000023e30000,0x0000000023f30000)]
  0x000000001dba4800 JavaThread "Cache worker for Build Output Cleanup Cache (C:\Users\SHADOWRATH\AndroidStudioProjects\UsingStrings\.gradle\buildOutputCleanup)" [_thread_blocked, id=40780, stack(0x0000000023130000,0x0000000023230000)]
  0x000000001a9fc000 JavaThread "Build operations Thread 4" [_thread_blocked, id=10740, stack(0x0000000023030000,0x0000000023130000)]
  0x000000001a9fb800 JavaThread "Build operations Thread 3" [_thread_blocked, id=52380, stack(0x0000000022f30000,0x0000000023030000)]
  0x000000001a9fa000 JavaThread "Build operations Thread 2" [_thread_blocked, id=31624, stack(0x00000000217c0000,0x00000000218c0000)]
  0x000000001a9f9000 JavaThread "Build operations" [_thread_blocked, id=71244, stack(0x00000000216c0000,0x00000000217c0000)]
  0x000000001de0f000 JavaThread "Cache worker for cache directory md-rule (C:\Users\SHADOWRATH\.gradle\caches\6.1.1\md-rule)" [_thread_blocked, id=31048, stack(0x00000000215c0000,0x00000000216c0000)]
  0x000000001de0e800 JavaThread "Cache worker for cache directory md-supplier (C:\Users\SHADOWRATH\.gradle\caches\6.1.1\md-supplier)" [_thread_blocked, id=58072, stack(0x00000000214c0000,0x00000000215c0000)]
  0x000000001de11800 JavaThread "Cache worker for file hash cache (C:\Users\SHADOWRATH\AndroidStudioProjects\UsingStrings\.gradle\6.1.1\fileHashes)" [_thread_blocked, id=62296, stack(0x00000000206c0000,0x00000000207c0000)]
  0x000000001de0d000 JavaThread "Cache worker for checksums cache (C:\Users\SHADOWRATH\AndroidStudioProjects\UsingStrings\.gradle\checksums)" [_thread_blocked, id=14276, stack(0x00000000205c0000,0x00000000206c0000)]
  0x000000001de08800 JavaThread "Thread-35" [_thread_blocked, id=58352, stack(0x000000001f090000,0x000000001f190000)]
  0x000000001de0b800 JavaThread "Stdin handler" [_thread_blocked, id=49524, stack(0x000000001ef90000,0x000000001f090000)]
  0x000000001de07800 JavaThread "Asynchronous log dispatcher for DefaultDaemonConnection: socket connection from /127.0.0.1:55710 to /127.0.0.1:55828" [_thread_blocked, id=49000, stack(0x000000001c6f0000,0x000000001c7f0000)]
  0x000000001de05800 JavaThread "Daemon worker Thread 2" [_thread_blocked, id=68588, stack(0x000000001c3f0000,0x000000001c4f0000)]
  0x000000001de07000 JavaThread "Cancel handler" [_thread_blocked, id=26272, stack(0x000000001c2f0000,0x000000001c3f0000)]
  0x000000001de03000 JavaThread "Handler for socket connection from /127.0.0.1:55710 to /127.0.0.1:55828" [_thread_in_native, id=2248, stack(0x000000001bff0000,0x000000001c0f0000)]
  0x000000001de04800 JavaThread "Daemon Thread 2" [_thread_blocked, id=5620, stack(0x000000001bef0000,0x000000001bff0000)]
  0x000000001de09000 JavaThread "Cache worker for file content cache (C:\Users\SHADOWRATH\.gradle\caches\6.1.1\fileContent)" [_thread_blocked, id=17548, stack(0x0000000023d30000,0x0000000023e30000)]
  0x000000001de0a800 JavaThread "Memory manager" [_thread_blocked, id=50276, stack(0x0000000023c30000,0x0000000023d30000)]
  0x000000001a9fd000 JavaThread "Cache worker for execution history cache (C:\Users\SHADOWRATH\.gradle\caches\6.1.1\executionHistory)" [_thread_blocked, id=12700, stack(0x00000000207c0000,0x00000000208c0000)]
  0x000000001a9fa800 JavaThread "Cache worker for file hash cache (C:\Users\SHADOWRATH\.gradle\caches\6.1.1\fileHashes)" [_thread_blocked, id=42488, stack(0x000000001cbf0000,0x000000001ccf0000)]
  0x000000001a9f8800 JavaThread "File lock request listener" [_thread_in_native, id=57540, stack(0x000000001caf0000,0x000000001cbf0000)]
  0x000000001abb1000 JavaThread "Cache worker for journal cache (C:\Users\SHADOWRATH\.gradle\caches\journal-1)" [_thread_blocked, id=58092, stack(0x000000001c9f0000,0x000000001caf0000)]
  0x000000001a9e3800 JavaThread "Daemon periodic checks" [_thread_blocked, id=77580, stack(0x000000001bdf0000,0x000000001bef0000)]
  0x000000001a968800 JavaThread "Incoming local TCP Connector on port 55710" [_thread_in_native, id=46924, stack(0x000000001bc00000,0x000000001bd00000)]
  0x000000001894e800 JavaThread "Daemon health stats" [_thread_blocked, id=64848, stack(0x000000001b620000,0x000000001b720000)]
  0x0000000016e5e000 JavaThread "Service Thread" daemon [_thread_blocked, id=38676, stack(0x0000000018c80000,0x0000000018d80000)]
  0x0000000016e2f000 JavaThread "C1 CompilerThread2" daemon [_thread_blocked, id=51184, stack(0x0000000018780000,0x0000000018880000)]
=>0x0000000016e0f000 JavaThread "C2 CompilerThread1" daemon [_thread_in_native, id=41952, stack(0x0000000018680000,0x0000000018780000)]
  0x0000000016e09800 JavaThread "C2 CompilerThread0" daemon [_thread_in_native, id=8848, stack(0x0000000018580000,0x0000000018680000)]
  0x0000000016e07800 JavaThread "Attach Listener" daemon [_thread_blocked, id=23808, stack(0x0000000018480000,0x0000000018580000)]
  0x0000000016e06800 JavaThread "Signal Dispatcher" daemon [_thread_blocked, id=39668, stack(0x0000000018380000,0x0000000018480000)]
  0x0000000016de9000 JavaThread "Finalizer" daemon [_thread_blocked, id=55076, stack(0x0000000018050000,0x0000000018150000)]
  0x00000000021d2000 JavaThread "Reference Handler" daemon [_thread_blocked, id=36096, stack(0x0000000017f50000,0x0000000018050000)]
  0x00000000020e2800 JavaThread "main" [_thread_blocked, id=50532, stack(0x0000000001f80000,0x0000000002080000)]

Other Threads:
  0x0000000016dc5800 VMThread [stack: 0x0000000017e50000,0x0000000017f50000] [id=30620]
  0x00000000188b4800 WatcherThread [stack: 0x0000000018d80000,0x0000000018e80000] [id=54252]

VM state:not at safepoint (normal execution)

VM Mutex/Monitor currently owned by a thread: None

heap address: 0x0000000080000000, size: 2048 MB, Compressed Oops mode: 32-bit
Narrow klass base: 0x0000000000000000, Narrow klass shift: 3
Compressed class space size: 1073741824 Address: 0x0000000100000000

Heap:
 PSYoungGen      total 187904K, used 87273K [0x00000000d5580000, 0x00000000e2800000, 0x0000000100000000)
  eden space 171008K, 41% used [0x00000000d5580000,0x00000000d9a3b5d8,0x00000000dfc80000)
  from space 16896K, 99% used [0x00000000e1200000,0x00000000e227f060,0x00000000e2280000)
  to   space 22016K, 0% used [0x00000000dfc80000,0x00000000dfc80000,0x00000000e1200000)
 ParOldGen       total 114176K, used 38014K [0x0000000080000000, 0x0000000086f80000, 0x00000000d5580000)
  object space 114176K, 33% used [0x0000000080000000,0x000000008251f9d8,0x0000000086f80000)
 Metaspace       used 71648K, capacity 74628K, committed 74776K, reserved 1114112K
  class space    used 9594K, capacity 10235K, committed 10288K, reserved 1048576K

Card table byte_map: [0x00000000115a0000,0x00000000119b0000] byte_map_base: 0x00000000111a0000

Marking Bits: (ParMarkBitMap*) 0x0000000068bcf030
 Begin Bits: [0x0000000012060000, 0x0000000014060000)
 End Bits:   [0x0000000014060000, 0x0000000016060000)

Polling page: 0x00000000007a0000

CodeCache: size=245760Kb used=27672Kb max_used=27672Kb free=218088Kb
 bounds [0x00000000021e0000, 0x0000000003d10000, 0x00000000111e0000]
 total_blobs=9365 nmethods=8562 adapters=715
 compilation: enabled

Compilation events (10 events):
Event: 168.492 Thread 0x0000000016e09800 nmethod 9722 0x0000000003cd4110 code [0x0000000003cd4260, 0x0000000003cd4658]
Event: 168.492 Thread 0x0000000016e09800 9706       4       com.sun.org.apache.xerces.internal.dom.NodeImpl::isIdAttribute (17 bytes)
Event: 168.493 Thread 0x0000000016e09800 nmethod 9706 0x0000000003cd4b10 code [0x0000000003cd4c40, 0x0000000003cd4cb8]
Event: 168.494 Thread 0x0000000016e09800 9726       4       com.android.utils.XmlUtils$PositionAwareStringBuilder::append (69 bytes)
Event: 168.512 Thread 0x0000000016e09800 nmethod 9726 0x0000000003cd5510 code [0x0000000003cd5680, 0x0000000003cd5dd8]
Event: 168.512 Thread 0x0000000016e09800 9727       4       java.util.HashSet::remove (20 bytes)
Event: 168.529 Thread 0x0000000016e09800 nmethod 9727 0x0000000003ce0610 code [0x0000000003ce07e0, 0x0000000003ce16d8]
Event: 168.530 Thread 0x0000000016e09800 9728       4       com.sun.org.apache.xerces.internal.dom.AttrImpl::getNodeValue (5 bytes)
Event: 168.531 Thread 0x0000000016e09800 nmethod 9728 0x0000000003ce0390 code [0x0000000003ce04e0, 0x0000000003ce0568]
Event: 168.531 Thread 0x0000000016e09800 9729       4       com.android.utils.XmlUtils::append (639 bytes)

GC Heap History (10 events):
Event: 43.465 GC heap before
{Heap before GC invocations=15 (full 2):
 PSYoungGen      total 120832K, used 120766K [0x00000000d5580000, 0x00000000de080000, 0x0000000100000000)
  eden space 110592K, 100% used [0x00000000d5580000,0x00000000dc180000,0x00000000dc180000)
  from space 10240K, 99% used [0x00000000dd680000,0x00000000de06fb90,0x00000000de080000)
  to   space 12800K, 0% used [0x00000000dc780000,0x00000000dc780000,0x00000000dd400000)
 ParOldGen       total 74752K, used 14494K [0x0000000080000000, 0x0000000084900000, 0x00000000d5580000)
  object space 74752K, 19% used [0x0000000080000000,0x0000000080e27a28,0x0000000084900000)
 Metaspace       used 51138K, capacity 52926K, committed 53160K, reserved 1095680K
  class space    used 6863K, capacity 7256K, committed 7344K, reserved 1048576K
Event: 43.482 GC heap after
Heap after GC invocations=15 (full 2):
 PSYoungGen      total 129536K, used 12797K [0x00000000d5580000, 0x00000000e0180000, 0x0000000100000000)
  eden space 116736K, 0% used [0x00000000d5580000,0x00000000d5580000,0x00000000dc780000)
  from space 12800K, 99% used [0x00000000dc780000,0x00000000dd3ff6d0,0x00000000dd400000)
  to   space 16896K, 0% used [0x00000000df100000,0x00000000df100000,0x00000000e0180000)
 ParOldGen       total 74752K, used 20045K [0x0000000080000000, 0x0000000084900000, 0x00000000d5580000)
  object space 74752K, 26% used [0x0000000080000000,0x0000000081393678,0x0000000084900000)
 Metaspace       used 51138K, capacity 52926K, committed 53160K, reserved 1095680K
  class space    used 6863K, capacity 7256K, committed 7344K, reserved 1048576K
}
Event: 48.947 GC heap before
{Heap before GC invocations=16 (full 2):
 PSYoungGen      total 129536K, used 82564K [0x00000000d5580000, 0x00000000e0180000, 0x0000000100000000)
  eden space 116736K, 59% used [0x00000000d5580000,0x00000000d99a1a78,0x00000000dc780000)
  from space 12800K, 99% used [0x00000000dc780000,0x00000000dd3ff6d0,0x00000000dd400000)
  to   space 16896K, 0% used [0x00000000df100000,0x00000000df100000,0x00000000e0180000)
 ParOldGen       total 74752K, used 20045K [0x0000000080000000, 0x0000000084900000, 0x00000000d5580000)
  object space 74752K, 26% used [0x0000000080000000,0x0000000081393678,0x0000000084900000)
 Metaspace       used 56996K, capacity 58986K, committed 59160K, reserved 1099776K
  class space    used 7810K, capacity 8240K, committed 8240K, reserved 1048576K
Event: 48.966 GC heap after
Heap after GC invocations=16 (full 2):
 PSYoungGen      total 160256K, used 7473K [0x00000000d5580000, 0x00000000e0500000, 0x0000000100000000)
  eden space 143360K, 0% used [0x00000000d5580000,0x00000000d5580000,0x00000000de180000)
  from space 16896K, 44% used [0x00000000df100000,0x00000000df84c778,0x00000000e0180000)
  to   space 15872K, 0% used [0x00000000de180000,0x00000000de180000,0x00000000df100000)
 ParOldGen       total 74752K, used 27771K [0x0000000080000000, 0x0000000084900000, 0x00000000d5580000)
  object space 74752K, 37% used [0x0000000080000000,0x0000000081b1ed40,0x0000000084900000)
 Metaspace       used 56996K, capacity 58986K, committed 59160K, reserved 1099776K
  class space    used 7810K, capacity 8240K, committed 8240K, reserved 1048576K
}
Event: 48.966 GC heap before
{Heap before GC invocations=17 (full 3):
 PSYoungGen      total 160256K, used 7473K [0x00000000d5580000, 0x00000000e0500000, 0x0000000100000000)
  eden space 143360K, 0% used [0x00000000d5580000,0x00000000d5580000,0x00000000de180000)
  from space 16896K, 44% used [0x00000000df100000,0x00000000df84c778,0x00000000e0180000)
  to   space 15872K, 0% used [0x00000000de180000,0x00000000de180000,0x00000000df100000)
 ParOldGen       total 74752K, used 27771K [0x0000000080000000, 0x0000000084900000, 0x00000000d5580000)
  object space 74752K, 37% used [0x0000000080000000,0x0000000081b1ed40,0x0000000084900000)
 Metaspace       used 56996K, capacity 58986K, committed 59160K, reserved 1099776K
  class space    used 7810K, capacity 8240K, committed 8240K, reserved 1048576K
Event: 49.233 GC heap after
Heap after GC invocations=17 (full 3):
 PSYoungGen      total 160256K, used 0K [0x00000000d5580000, 0x00000000e0500000, 0x0000000100000000)
  eden space 143360K, 0% used [0x00000000d5580000,0x00000000d5580000,0x00000000de180000)
  from space 16896K, 0% used [0x00000000df100000,0x00000000df100000,0x00000000e0180000)
  to   space 15872K, 0% used [0x00000000de180000,0x00000000de180000,0x00000000df100000)
 ParOldGen       total 114176K, used 31705K [0x0000000080000000, 0x0000000086f80000, 0x00000000d5580000)
  object space 114176K, 27% used [0x0000000080000000,0x0000000081ef6748,0x0000000086f80000)
 Metaspace       used 56988K, capacity 58956K, committed 59160K, reserved 1099776K
  class space    used 7807K, capacity 8235K, committed 8240K, reserved 1048576K
}
Event: 56.907 GC heap before
{Heap before GC invocations=18 (full 3):
 PSYoungGen      total 160256K, used 143360K [0x00000000d5580000, 0x00000000e0500000, 0x0000000100000000)
  eden space 143360K, 100% used [0x00000000d5580000,0x00000000de180000,0x00000000de180000)
  from space 16896K, 0% used [0x00000000df100000,0x00000000df100000,0x00000000e0180000)
  to   space 15872K, 0% used [0x00000000de180000,0x00000000de180000,0x00000000df100000)
 ParOldGen       total 114176K, used 31705K [0x0000000080000000, 0x0000000086f80000, 0x00000000d5580000)
  object space 114176K, 27% used [0x0000000080000000,0x0000000081ef6748,0x0000000086f80000)
 Metaspace       used 61480K, capacity 64118K, committed 64408K, reserved 1103872K
  class space    used 8454K, capacity 9032K, committed 9136K, reserved 1048576K
Event: 56.921 GC heap after
Heap after GC invocations=18 (full 3):
 PSYoungGen      total 159232K, used 12454K [0x00000000d5580000, 0x00000000e2280000, 0x0000000100000000)
  eden space 143360K, 0% used [0x00000000d5580000,0x00000000d5580000,0x00000000de180000)
  from space 15872K, 78% used [0x00000000de180000,0x00000000deda9a30,0x00000000df100000)
  to   space 16896K, 0% used [0x00000000e1200000,0x00000000e1200000,0x00000000e2280000)
 ParOldGen       total 114176K, used 31713K [0x0000000080000000, 0x0000000086f80000, 0x00000000d5580000)
  object space 114176K, 27% used [0x0000000080000000,0x0000000081ef8748,0x0000000086f80000)
 Metaspace       used 61480K, capacity 64118K, committed 64408K, reserved 1103872K
  class space    used 8454K, capacity 9032K, committed 9136K, reserved 1048576K
}
Event: 163.550 GC heap before
{Heap before GC invocations=19 (full 3):
 PSYoungGen      total 159232K, used 155814K [0x00000000d5580000, 0x00000000e2280000, 0x0000000100000000)
  eden space 143360K, 100% used [0x00000000d5580000,0x00000000de180000,0x00000000de180000)
  from space 15872K, 78% used [0x00000000de180000,0x00000000deda9a30,0x00000000df100000)
  to   space 16896K, 0% used [0x00000000e1200000,0x00000000e1200000,0x00000000e2280000)
 ParOldGen       total 114176K, used 31713K [0x0000000080000000, 0x0000000086f80000, 0x00000000d5580000)
  object space 114176K, 27% used [0x0000000080000000,0x0000000081ef8748,0x0000000086f80000)
 Metaspace       used 69746K, capacity 72644K, committed 72728K, reserved 1112064K
  class space    used 9381K, capacity 10009K, committed 10032K, reserved 1048576K
Event: 163.673 GC heap after
Heap after GC invocations=19 (full 3):
 PSYoungGen      total 187904K, used 16892K [0x00000000d5580000, 0x00000000e2800000, 0x0000000100000000)
  eden space 171008K, 0% used [0x00000000d5580000,0x00000000d5580000,0x00000000dfc80000)
  from space 16896K, 99% used [0x00000000e1200000,0x00000000e227f060,0x00000000e2280000)
  to   space 22016K, 0% used [0x00000000dfc80000,0x00000000dfc80000,0x00000000e1200000)
 ParOldGen       total 114176K, used 38014K [0x0000000080000000, 0x0000000086f80000, 0x00000000d5580000)
  object space 114176K, 33% used [0x0000000080000000,0x000000008251f9d8,0x0000000086f80000)
 Metaspace       used 69746K, capacity 72644K, committed 72728K, reserved 1112064K
  class space    used 9381K, capacity 10009K, committed 10032K, reserved 1048576K
}

Deoptimization events (10 events):
Event: 168.213 Thread 0x000000001dba8000 Uncommon trap: reason=bimorphic action=maybe_recompile pc=0x0000000003c266d0 method=com.sun.org.apache.xerces.internal.dom.NamedNodeMapImpl.findNamePoint(Ljava/lang/String;I)I @ 57
Event: 168.213 Thread 0x000000001dba8000 Uncommon trap: reason=bimorphic action=maybe_recompile pc=0x0000000003c266d0 method=com.sun.org.apache.xerces.internal.dom.NamedNodeMapImpl.findNamePoint(Ljava/lang/String;I)I @ 57
Event: 168.213 Thread 0x000000001dba8000 Uncommon trap: reason=bimorphic action=maybe_recompile pc=0x0000000003c266d0 method=com.sun.org.apache.xerces.internal.dom.NamedNodeMapImpl.findNamePoint(Ljava/lang/String;I)I @ 57
Event: 168.214 Thread 0x000000001dba8000 Uncommon trap: reason=unstable_if action=reinterpret pc=0x0000000003c2adfc method=com.sun.org.apache.xerces.internal.dom.AttrImpl.getValue()Ljava/lang/String; @ 15
Event: 168.253 Thread 0x000000001dba8000 Uncommon trap: reason=unstable_if action=reinterpret pc=0x0000000003c05454 method=com.sun.org.apache.xerces.internal.dom.DeferredDocumentImpl.getTypeInfo(I)Ljava/lang/Object; @ 24
Event: 168.273 Thread 0x000000001dba8000 Uncommon trap: reason=null_check action=make_not_entrant pc=0x0000000003cb4d2c method=com.android.ide.common.resources.NodeUtils.processSingleNodeNamespace(Lorg/w3c/dom/Node;Lorg/w3c/dom/Document;)Z @ 8
Event: 168.326 Thread 0x000000001dba8000 Uncommon trap: reason=class_check action=maybe_recompile pc=0x0000000003cc6d2c method=com.sun.org.apache.xerces.internal.dom.AttrImpl.getOwnerElement()Lorg/w3c/dom/Element; @ 18
Event: 168.326 Thread 0x000000001dba8000 Uncommon trap: reason=class_check action=maybe_recompile pc=0x0000000003cc6d2c method=com.sun.org.apache.xerces.internal.dom.AttrImpl.getOwnerElement()Lorg/w3c/dom/Element; @ 18
Event: 168.326 Thread 0x000000001dba8000 Uncommon trap: reason=class_check action=maybe_recompile pc=0x0000000003cc6d2c method=com.sun.org.apache.xerces.internal.dom.AttrImpl.getOwnerElement()Lorg/w3c/dom/Element; @ 18
Event: 168.358 Thread 0x000000001dba8000 Uncommon trap: reason=class_check action=maybe_recompile pc=0x0000000003cc6d2c method=com.sun.org.apache.xerces.internal.dom.AttrImpl.getOwnerElement()Lorg/w3c/dom/Element; @ 18

Classes redefined (0 events):
No events

Internal exceptions (10 events):
Event: 60.310 Thread 0x000000001a9e5800 Exception <a 'java/lang/NoSuchMethodError': <clinit>> (0x00000000dbb17038) thrown at [C:\src\AOSP-openjdk-git\hotspot\src\share\vm\prims\jni.cpp, line 1615]
Event: 60.311 Thread 0x000000001a9e5800 Exception <a 'java/lang/NoSuchMethodError': <clinit>> (0x00000000dbb225e8) thrown at [C:\src\AOSP-openjdk-git\hotspot\src\share\vm\prims\jni.cpp, line 1615]
Event: 60.312 Thread 0x000000001a9e5800 Exception <a 'java/lang/NoSuchMethodError': <clinit>> (0x00000000dbb2d138) thrown at [C:\src\AOSP-openjdk-git\hotspot\src\share\vm\prims\jni.cpp, line 1615]
Event: 60.314 Thread 0x000000001a9e5800 Exception <a 'java/lang/NoSuchMethodError': <clinit>> (0x00000000dbb46d98) thrown at [C:\src\AOSP-openjdk-git\hotspot\src\share\vm\prims\jni.cpp, line 1615]
Event: 60.316 Thread 0x000000001a9e5800 Exception <a 'java/lang/NoSuchMethodError': <clinit>> (0x00000000dbb57a28) thrown at [C:\src\AOSP-openjdk-git\hotspot\src\share\vm\prims\jni.cpp, line 1615]
Event: 163.132 Thread 0x000000001de05800 Implicit null exception at 0x00000000032ab198 to 0x00000000032ab961
Event: 163.133 Thread 0x000000001de05800 Implicit null exception at 0x0000000003601583 to 0x0000000003601f01
Event: 167.157 Thread 0x000000001dba8000 Implicit null exception at 0x0000000002f6cede to 0x0000000002f6d061
Event: 168.253 Thread 0x000000001dba8000 Implicit null exception at 0x0000000003c053b5 to 0x0000000003c05439
Event: 168.273 Thread 0x000000001dba8000 Implicit null exception at 0x0000000003cb49d7 to 0x0000000003cb4d1d

Events (10 events):
Event: 168.326 Thread 0x000000001dba8000 DEOPT PACKING pc=0x0000000003cc6d2c sp=0x0000000024f4b060
Event: 168.326 Thread 0x000000001dba8000 DEOPT UNPACKING pc=0x000000000222557b sp=0x0000000024f4af90 mode 2
Event: 168.326 Thread 0x000000001dba8000 Uncommon trap: trap_request=0xffffffde fr.pc=0x0000000003cc6d2c
Event: 168.327 Thread 0x000000001dba8000 DEOPT PACKING pc=0x0000000003cc6d2c sp=0x0000000024f4b060
Event: 168.327 Thread 0x000000001dba8000 DEOPT UNPACKING pc=0x000000000222557b sp=0x0000000024f4af90 mode 2
Event: 168.358 Thread 0x000000001dba8000 Uncommon trap: trap_request=0xffffffde fr.pc=0x0000000003cc6d2c
Event: 168.358 Thread 0x000000001dba8000 DEOPT PACKING pc=0x0000000003cc6d2c sp=0x0000000024f4b060
Event: 168.358 Thread 0x000000001dba8000 DEOPT UNPACKING pc=0x000000000222557b sp=0x0000000024f4af90 mode 2
Event: 168.366 loading class com/android/utils/XmlUtils$PositionAwareStringBuilder
Event: 168.366 loading class com/android/utils/XmlUtils$PositionAwareStringBuilder done


Dynamic libraries:
0x00007ff67c270000 - 0x00007ff67c2a1000 	C:\Program Files\Android\Android Studio\jre\bin\java.exe
0x00007ffb254b0000 - 0x00007ffb2565d000 	C:\Windows\SYSTEM32\ntdll.dll
0x00007ffb22b30000 - 0x00007ffb22c6e000 	C:\Windows\system32\KERNEL32.DLL
0x00007ffb22960000 - 0x00007ffb22a75000 	C:\Windows\system32\KERNELBASE.dll
0x00007ffb24980000 - 0x00007ffb24a2a000 	C:\Windows\system32\ADVAPI32.dll
0x00007ffb22c70000 - 0x00007ffb22de7000 	C:\Windows\system32\USER32.dll
0x00007ffb206a0000 - 0x00007ffb2091a000 	C:\Windows\WinSxS\amd64_microsoft.windows.common-controls_6595b64144ccf1df_6.0.9600.17810_none_6240b9c7ecbd0bda\COMCTL32.dll
0x00007ffb233a0000 - 0x00007ffb2344a000 	C:\Windows\system32\msvcrt.dll
0x00007ffb24d70000 - 0x00007ffb24dc9000 	C:\Windows\SYSTEM32\sechost.dll
0x00007ffb24e10000 - 0x00007ffb24f51000 	C:\Windows\system32\RPCRT4.dll
0x00007ffb23250000 - 0x00007ffb2339b000 	C:\Windows\system32\GDI32.dll
0x00007ffb24dd0000 - 0x00007ffb24e06000 	C:\Windows\system32\IMM32.DLL
0x00007ffb23080000 - 0x00007ffb231d2000 	C:\Windows\system32\MSCTF.dll
0x00007ffb21850000 - 0x00007ffb21882000 	C:\Windows\SYSTEM32\ntmarta.dll
0x00007ffb223c0000 - 0x00007ffb223ee000 	C:\Windows\SYSTEM32\SspiCli.dll
0x0000000068320000 - 0x00000000683f2000 	C:\Program Files\Android\Android Studio\jre\jre\bin\msvcr100.dll
0x0000000068400000 - 0x0000000068c4b000 	C:\Program Files\Android\Android Studio\jre\jre\bin\server\jvm.dll
0x00007ffb15780000 - 0x00007ffb15789000 	C:\Windows\SYSTEM32\WSOCK32.dll
0x00007ffb1e860000 - 0x00007ffb1e882000 	C:\Windows\SYSTEM32\WINMM.dll
0x00007ffb1e820000 - 0x00007ffb1e82a000 	C:\Windows\SYSTEM32\VERSION.dll
0x00007ffb25100000 - 0x00007ffb25107000 	C:\Windows\system32\PSAPI.DLL
0x00007ffb24c40000 - 0x00007ffb24c9a000 	C:\Windows\system32\WS2_32.dll
0x00007ffb1e830000 - 0x00007ffb1e85a000 	C:\Windows\SYSTEM32\WINMMBASE.dll
0x00007ffb252b0000 - 0x00007ffb252b9000 	C:\Windows\system32\NSI.dll
0x00007ffb22910000 - 0x00007ffb2295f000 	C:\Windows\SYSTEM32\cfgmgr32.dll
0x00007ffb213a0000 - 0x00007ffb213c8000 	C:\Windows\SYSTEM32\DEVOBJ.dll
0x00007ffb204f0000 - 0x00007ffb204ff000 	C:\Program Files\Android\Android Studio\jre\jre\bin\verify.dll
0x00007ffb15bd0000 - 0x00007ffb15bf9000 	C:\Program Files\Android\Android Studio\jre\jre\bin\java.dll
0x00007ffb1c0f0000 - 0x00007ffb1c106000 	C:\Program Files\Android\Android Studio\jre\jre\bin\zip.dll
0x00007ffb23450000 - 0x00007ffb24979000 	C:\Windows\system32\SHELL32.dll
0x00007ffb22df0000 - 0x00007ffb23002000 	C:\Windows\SYSTEM32\combase.dll
0x00007ffb24a30000 - 0x00007ffb24a84000 	C:\Windows\system32\SHLWAPI.dll
0x00007ffb20b20000 - 0x00007ffb20bd2000 	C:\Windows\SYSTEM32\SHCORE.dll
0x00007ffb22600000 - 0x00007ffb22615000 	C:\Windows\SYSTEM32\profapi.dll
0x00007ffb1b190000 - 0x00007ffb1b1aa000 	C:\Program Files\Android\Android Studio\jre\jre\bin\net.dll
0x00007ffb21e00000 - 0x00007ffb21e59000 	C:\Windows\system32\mswsock.dll
0x00007ffb16bf0000 - 0x00007ffb16c03000 	C:\Program Files\Android\Android Studio\jre\jre\bin\nio.dll
0x00007ffb0ffd0000 - 0x00007ffb0fff6000 	C:\Users\SHADOWRATH\.gradle\native\31\windows-amd64\native-platform.dll
0x00007ffb1d6d0000 - 0x00007ffb1d6dd000 	C:\Program Files\Android\Android Studio\jre\jre\bin\management.dll
0x00007ffb21e60000 - 0x00007ffb21e80000 	C:\Windows\SYSTEM32\CRYPTSP.dll
0x00007ffb21a80000 - 0x00007ffb21ab6000 	C:\Windows\system32\rsaenh.dll
0x00007ffb220b0000 - 0x00007ffb220d6000 	C:\Windows\SYSTEM32\bcrypt.dll
0x00007ffb21b90000 - 0x00007ffb21bb1000 	C:\Windows\SYSTEM32\USERENV.dll
0x00007ffb22400000 - 0x00007ffb22463000 	C:\Windows\system32\bcryptprimitives.dll
0x00007ffb22470000 - 0x00007ffb2247b000 	C:\Windows\SYSTEM32\CRYPTBASE.dll
0x00007ffb1e5d0000 - 0x00007ffb1e5fa000 	C:\Windows\SYSTEM32\IPHLPAPI.DLL
0x00007ffb1e5c0000 - 0x00007ffb1e5ca000 	C:\Windows\SYSTEM32\WINNSI.DLL
0x00007ffb1b360000 - 0x00007ffb1b376000 	C:\Windows\SYSTEM32\dhcpcsvc6.DLL
0x00007ffb1b340000 - 0x00007ffb1b35a000 	C:\Windows\SYSTEM32\dhcpcsvc.DLL

VM Arguments:
jvm_args: -Xmx2048m -Dfile.encoding=windows-1252 -Duser.country=US -Duser.language=en -Duser.variant 
java_command: org.gradle.launcher.daemon.bootstrap.GradleDaemon 6.1.1
java_class_path (initial): C:\Users\SHADOWRATH\.gradle\wrapper\dists\gradle-6.1.1-all\cfmwm155h49vnt3hynmlrsdst\gradle-6.1.1\lib\gradle-launcher-6.1.1.jar
Launcher Type: SUN_STANDARD

Environment Variables:
PATH=C:\Program Files\Microsoft MPI\Bin\;C:\Program Files\Dell\DW WLAN Card;C:\Windows\system32;C:\Windows;C:\Windows\System32\Wbem;C:\Windows\System32\WindowsPowerShell\v1.0\;C:\Program Files\WIDCOMM\Bluetooth Software\;C:\Program Files\WIDCOMM\Bluetooth Software\syswow64;C:\Program Files (x86)\NVIDIA Corporation\PhysX\Common;C:\Program Files\Microsoft SQL Server\Client SDK\ODBC\130\Tools\Binn\;C:\Program Files (x86)\Microsoft SQL Server\140\Tools\Binn\;C:\Program Files\Microsoft SQL Server\140\Tools\Binn\;C:\Program Files\Microsoft SQL Server\140\DTS\Binn\;C:\Program Files (x86)\Microsoft SQL Server\150\DTS\Binn\;C:\Program Files (x86)\Microsoft SQL Server\140\DTS\Binn\;C:\Program Files\NVIDIA Corporation\NVIDIA NvDLISR\;C:\Program Files\Java\jdk13\bin;C:\Program Files\NVIDIA Corporation\NVIDIA NvDLISR;C:\Program Files\Git\cmd;C:\Program Files\MySQL\MySQL Shell 8.0\bin\;C:\Program Files\java\jdk-13.0.2\bin
USERNAME=SHADOWRATH
OS=Windows_NT
PROCESSOR_IDENTIFIER=Intel64 Family 6 Model 61 Stepping 4, GenuineIntel



---------------  S Y S T E M  ---------------

OS: Windows 8.1 , 64 bit Build 9600 (6.3.9600.17415)

CPU:total 4 (initial active 4) (2 cores per cpu, 2 threads per core) family 6 model 61 stepping 4, cmov, cx8, fxsr, mmx, sse, sse2, sse3, ssse3, sse4.1, sse4.2, popcnt, avx, avx2, aes, clmul, erms, 3dnowpref, lzcnt, ht, tsc, tscinvbit, bmi1, bmi2, adx

Memory: 4k page, physical 8297700k(1182348k free), swap 11369700k(18716k free)

vm_info: OpenJDK 64-Bit Server VM (25.242-b01) for windows-amd64 JRE (1.8.0_242-release-1644-b01), built by "builder" with MS VC++ 10.0 (VS2010)

time: Fri Aug 07 12:35:48 2020
timezone: Sri Lanka Standard Time
elapsed time: 169 seconds (0d 0h 2m 49s)

