#
# There is insufficient memory for the Java Runtime Environment to continue.
# Native memory allocation (malloc) failed to allocate 1038176 bytes for Chunk::new
# Possible reasons:
#   The system is out of physical RAM or swap space
#   The process is running with CompressedOops enabled, and the Java Heap may be blocking the growth of the native heap
# Possible solutions:
#   Reduce memory load on the system
#   Increase physical memory or swap space
#   Check if swap backing store is full
#   Decrease Java heap size (-Xmx/-Xms)
#   Decrease number of Java threads
#   Decrease Java thread stack sizes (-Xss)
#   Set larger code cache with -XX:ReservedCodeCacheSize=
#   JVM is running with Unscaled Compressed Oops mode in which the Java heap is
#     placed in the first 4GB address space. The Java Heap base address is the
#     maximum limit for the native heap growth. Please use -XX:HeapBaseMinAddress
#     to set the Java Heap base and to place the Java Heap above 4GB virtual address.
# This output file may be truncated or incomplete.
#
#  Out of Memory Error (allocation.cpp:389), pid=52924, tid=0x00000000000115d8
#
# JRE version: OpenJDK Runtime Environment (8.0_242-b01) (build 1.8.0_242-release-1644-b01)
# Java VM: OpenJDK 64-Bit Server VM (25.242-b01 mixed mode windows-amd64 compressed oops)
# Failed to write core dump. Minidumps are not enabled by default on client versions of Windows
#

---------------  T H R E A D  ---------------

Current thread (0x0000000017877000):  JavaThread "C2 CompilerThread0" daemon [_thread_in_native, id=71128, stack(0x0000000019000000,0x0000000019100000)]

Stack: [0x0000000019000000,0x0000000019100000]
[error occurred during error reporting (printing stack bounds), id 0xc0000005]

Native frames: (J=compiled Java code, j=interpreted, Vv=VM code, C=native code)


Current CompileTask:
C2:  57416 4540   !   4       com.sun.beans.TypeResolver::resolve (274 bytes)


---------------  P R O C E S S  ---------------

Java Threads: ( => current thread )
  0x000000001b8d7800 JavaThread "Cache worker for Build Output Cleanup Cache (C:\Users\SHADOWRATH\AndroidStudioProjects\UsingStrings\.gradle\buildOutputCleanup)" [_thread_blocked, id=5860, stack(0x0000000023c20000,0x0000000023d20000)]
  0x000000001b8d7000 JavaThread "Build operations Thread 4" [_thread_blocked, id=70888, stack(0x0000000023520000,0x0000000023620000)]
  0x000000001b8d5800 JavaThread "Build operations Thread 3" [_thread_blocked, id=16932, stack(0x0000000023420000,0x0000000023520000)]
  0x000000001b8d1800 JavaThread "Build operations Thread 2" [_thread_blocked, id=77648, stack(0x0000000023320000,0x0000000023420000)]
  0x000000001b8d4800 JavaThread "Build operations" [_thread_blocked, id=62124, stack(0x0000000023220000,0x0000000023320000)]
  0x000000001b3f7800 JavaThread "Cache worker for execution history cache (C:\Users\SHADOWRATH\.gradle\caches\6.1.1\executionHistory)" [_thread_blocked, id=75912, stack(0x000000001fe10000,0x000000001ff10000)]
  0x000000001b3f4000 JavaThread "Cache worker for cache directory md-rule (C:\Users\SHADOWRATH\.gradle\caches\6.1.1\md-rule)" [_thread_blocked, id=15380, stack(0x000000001fd10000,0x000000001fe10000)]
  0x000000001b3f6000 JavaThread "Cache worker for cache directory md-supplier (C:\Users\SHADOWRATH\.gradle\caches\6.1.1\md-supplier)" [_thread_blocked, id=37960, stack(0x000000001fc10000,0x000000001fd10000)]
  0x000000001b3f7000 JavaThread "Cache worker for file hash cache (C:\Users\SHADOWRATH\AndroidStudioProjects\UsingStrings\.gradle\6.1.1\fileHashes)" [_thread_blocked, id=58160, stack(0x0000000021550000,0x0000000021650000)]
  0x000000001b3f4800 JavaThread "Cache worker for checksums cache (C:\Users\SHADOWRATH\AndroidStudioProjects\UsingStrings\.gradle\checksums)" [_thread_blocked, id=11508, stack(0x0000000021450000,0x0000000021550000)]
  0x000000001b3f3000 JavaThread "Cache worker for file hash cache (C:\Users\SHADOWRATH\.gradle\caches\6.1.1\fileHashes)" [_thread_blocked, id=32764, stack(0x000000001d670000,0x000000001d770000)]
  0x000000001b3f5800 JavaThread "File lock request listener" [_thread_in_native, id=77780, stack(0x000000001d570000,0x000000001d670000)]
  0x000000001a38b000 JavaThread "Cache worker for journal cache (C:\Users\SHADOWRATH\.gradle\caches\journal-1)" [_thread_blocked, id=74280, stack(0x000000001d470000,0x000000001d570000)]
  0x000000001b2f1800 JavaThread "Thread-9" [_thread_blocked, id=61744, stack(0x000000001d170000,0x000000001d270000)]
  0x000000001b2ce800 JavaThread "Stdin handler" [_thread_blocked, id=73236, stack(0x000000001d070000,0x000000001d170000)]
  0x000000001b2cc000 JavaThread "Asynchronous log dispatcher for DefaultDaemonConnection: socket connection from /127.0.0.1:56102 to /127.0.0.1:56104" [_thread_blocked, id=44128, stack(0x000000001cf70000,0x000000001d070000)]
  0x000000001b2c7000 JavaThread "Daemon worker" [_thread_in_Java, id=21960, stack(0x000000001ce70000,0x000000001cf70000)]
  0x000000001b2c6000 JavaThread "Cancel handler" [_thread_blocked, id=59824, stack(0x000000001cd70000,0x000000001ce70000)]
  0x000000001b2b2000 JavaThread "Handler for socket connection from /127.0.0.1:56102 to /127.0.0.1:56104" [_thread_in_native, id=21908, stack(0x000000001ca70000,0x000000001cb70000)]
  0x000000001b2af800 JavaThread "Daemon" [_thread_blocked, id=19400, stack(0x000000001c970000,0x000000001ca70000)]
  0x000000001b2a4800 JavaThread "Daemon periodic checks" [_thread_blocked, id=35176, stack(0x000000001c870000,0x000000001c970000)]
  0x000000001b256800 JavaThread "Incoming local TCP Connector on port 56102" [_thread_in_native, id=41128, stack(0x000000001c680000,0x000000001c780000)]
  0x000000001b221000 JavaThread "Daemon health stats" [_thread_blocked, id=51968, stack(0x000000001c0a0000,0x000000001c1a0000)]
  0x0000000019331000 JavaThread "Service Thread" daemon [_thread_blocked, id=25244, stack(0x0000000019700000,0x0000000019800000)]
  0x000000001789d000 JavaThread "C1 CompilerThread2" daemon [_thread_blocked, id=8308, stack(0x0000000019200000,0x0000000019300000)]
  0x000000001787f800 JavaThread "C2 CompilerThread1" daemon [_thread_blocked, id=19116, stack(0x0000000019100000,0x0000000019200000)]
=>0x0000000017877000 JavaThread "C2 CompilerThread0" daemon [_thread_in_native, id=71128, stack(0x0000000019000000,0x0000000019100000)]
  0x0000000017875000 JavaThread "Attach Listener" daemon [_thread_blocked, id=71112, stack(0x0000000018f00000,0x0000000019000000)]
  0x0000000017874000 JavaThread "Signal Dispatcher" daemon [_thread_blocked, id=75740, stack(0x0000000018e00000,0x0000000018f00000)]
  0x0000000002c4d000 JavaThread "Finalizer" daemon [_thread_blocked, id=68384, stack(0x0000000018ad0000,0x0000000018bd0000)]
  0x0000000017859000 JavaThread "Reference Handler" daemon [_thread_blocked, id=15596, stack(0x00000000189d0000,0x0000000018ad0000)]
  0x0000000002b52800 JavaThread "main" [_thread_blocked, id=36268, stack(0x00000000029e0000,0x0000000002ae0000)]

Other Threads:
  0x0000000017836000 VMThread [stack: 0x00000000188d0000,0x00000000189d0000] [id=52752]
  0x00000000178cc800 WatcherThread [stack: 0x0000000019800000,0x0000000019900000] [id=53564]

VM state:not at safepoint (normal execution)

VM Mutex/Monitor currently owned by a thread: None

heap address: 0x0000000080000000, size: 2048 MB, Compressed Oops mode: 32-bit
Narrow klass base: 0x0000000000000000, Narrow klass shift: 3
Compressed class space size: 1073741824 Address: 0x0000000100000000

Heap:
 PSYoungGen      total 206848K, used 74452K [0x00000000d5580000, 0x00000000e3680000, 0x0000000100000000)
  eden space 194048K, 31% used [0x00000000d5580000,0x00000000d91bc110,0x00000000e1300000)
  from space 12800K, 99% used [0x00000000e2200000,0x00000000e2e791d8,0x00000000e2e80000)
  to   space 15360K, 0% used [0x00000000e1300000,0x00000000e1300000,0x00000000e2200000)
 ParOldGen       total 59392K, used 20588K [0x0000000080000000, 0x0000000083a00000, 0x00000000d5580000)
  object space 59392K, 34% used [0x0000000080000000,0x000000008141b000,0x0000000083a00000)
 Metaspace       used 50383K, capacity 52072K, committed 52264K, reserved 1093632K
  class space    used 6753K, capacity 7153K, committed 7216K, reserved 1048576K

Card table byte_map: [0x0000000012010000,0x0000000012420000] byte_map_base: 0x0000000011c10000

Marking Bits: (ParMarkBitMap*) 0x0000000068bcf030
 Begin Bits: [0x0000000012ad0000, 0x0000000014ad0000)
 End Bits:   [0x0000000014ad0000, 0x0000000016ad0000)

Polling page: 0x0000000002970000

CodeCache: size=245760Kb used=14567Kb max_used=14579Kb free=231192Kb
 bounds [0x0000000002c50000, 0x0000000003aa0000, 0x0000000011c50000]
 total_blobs=4903 nmethods=4137 adapters=679
 compilation: enabled

Compilation events (10 events):
Event: 57.369 Thread 0x000000001789d000 nmethod 4582 0x0000000003a6c990 code [0x0000000003a6cb20, 0x0000000003a6ce28]
Event: 57.369 Thread 0x000000001789d000 4583       3       java.util.Vector::<init> (7 bytes)
Event: 57.370 Thread 0x000000001789d000 nmethod 4583 0x0000000003a70950 code [0x0000000003a70ac0, 0x0000000003a70cc8]
Event: 57.371 Thread 0x000000001789d000 4584       3       org.objectweb.asm.ClassWriter::toByteArray (1281 bytes)
Event: 57.377 Thread 0x000000001787f800 nmethod 4551 0x0000000003a88510 code [0x0000000003a88b20, 0x0000000003a8d640]
Event: 57.377 Thread 0x000000001789d000 nmethod 4584 0x0000000003a957d0 code [0x0000000003a95fa0, 0x0000000003a9a988]
Event: 57.383 Thread 0x000000001789d000 4585       3       com.google.common.collect.AbstractIndexedListIterator::hasNext (17 bytes)
Event: 57.383 Thread 0x000000001789d000 nmethod 4585 0x0000000003a705d0 code [0x0000000003a70720, 0x0000000003a708d0]
Event: 57.383 Thread 0x000000001789d000 4586       3       com.google.common.base.Preconditions::checkNotNull (14 bytes)
Event: 57.383 Thread 0x000000001789d000 nmethod 4586 0x0000000003a70150 code [0x0000000003a702c0, 0x0000000003a704e8]

GC Heap History (10 events):
Event: 3.456 GC heap before
{Heap before GC invocations=8 (full 1):
 PSYoungGen      total 76800K, used 5686K [0x00000000d5580000, 0x00000000dea80000, 0x0000000100000000)
  eden space 65536K, 0% used [0x00000000d5580000,0x00000000d5580000,0x00000000d9580000)
  from space 11264K, 50% used [0x00000000d9580000,0x00000000d9b0d918,0x00000000da080000)
  to   space 10752K, 0% used [0x00000000de000000,0x00000000de000000,0x00000000dea80000)
 ParOldGen       total 87552K, used 9323K [0x0000000080000000, 0x0000000085580000, 0x00000000d5580000)
  object space 87552K, 10% used [0x0000000080000000,0x000000008091ac10,0x0000000085580000)
 Metaspace       used 20626K, capacity 21224K, committed 21296K, reserved 1067008K
  class space    used 2884K, capacity 3084K, committed 3120K, reserved 1048576K
Event: 3.503 GC heap after
Heap after GC invocations=8 (full 1):
 PSYoungGen      total 76800K, used 0K [0x00000000d5580000, 0x00000000dea80000, 0x0000000100000000)
  eden space 65536K, 0% used [0x00000000d5580000,0x00000000d5580000,0x00000000d9580000)
  from space 11264K, 0% used [0x00000000d9580000,0x00000000d9580000,0x00000000da080000)
  to   space 10752K, 0% used [0x00000000de000000,0x00000000de000000,0x00000000dea80000)
 ParOldGen       total 48128K, used 8519K [0x0000000080000000, 0x0000000082f00000, 0x00000000d5580000)
  object space 48128K, 17% used [0x0000000080000000,0x0000000080851ec0,0x0000000082f00000)
 Metaspace       used 20626K, capacity 21224K, committed 21296K, reserved 1067008K
  class space    used 2884K, capacity 3084K, committed 3120K, reserved 1048576K
}
Event: 31.855 GC heap before
{Heap before GC invocations=9 (full 1):
 PSYoungGen      total 76800K, used 65482K [0x00000000d5580000, 0x00000000dea80000, 0x0000000100000000)
  eden space 65536K, 99% used [0x00000000d5580000,0x00000000d9572b18,0x00000000d9580000)
  from space 11264K, 0% used [0x00000000d9580000,0x00000000d9580000,0x00000000da080000)
  to   space 10752K, 0% used [0x00000000de000000,0x00000000de000000,0x00000000dea80000)
 ParOldGen       total 48128K, used 8519K [0x0000000080000000, 0x0000000082f00000, 0x00000000d5580000)
  object space 48128K, 17% used [0x0000000080000000,0x0000000080851ec0,0x0000000082f00000)
 Metaspace       used 28312K, capacity 29040K, committed 29232K, reserved 1075200K
  class space    used 3901K, capacity 4127K, committed 4144K, reserved 1048576K
Event: 31.867 GC heap after
Heap after GC invocations=9 (full 1):
 PSYoungGen      total 135680K, used 8651K [0x00000000d5580000, 0x00000000de880000, 0x0000000100000000)
  eden space 126976K, 0% used [0x00000000d5580000,0x00000000d5580000,0x00000000dd180000)
  from space 8704K, 99% used [0x00000000de000000,0x00000000de872e68,0x00000000de880000)
  to   space 11264K, 0% used [0x00000000dd280000,0x00000000dd280000,0x00000000ddd80000)
 ParOldGen       total 48128K, used 8527K [0x0000000080000000, 0x0000000082f00000, 0x00000000d5580000)
  object space 48128K, 17% used [0x0000000080000000,0x0000000080853ec0,0x0000000082f00000)
 Metaspace       used 28312K, capacity 29040K, committed 29232K, reserved 1075200K
  class space    used 3901K, capacity 4127K, committed 4144K, reserved 1048576K
}
Event: 37.972 GC heap before
{Heap before GC invocations=10 (full 1):
 PSYoungGen      total 135680K, used 121211K [0x00000000d5580000, 0x00000000de880000, 0x0000000100000000)
  eden space 126976K, 88% used [0x00000000d5580000,0x00000000dc36bed8,0x00000000dd180000)
  from space 8704K, 99% used [0x00000000de000000,0x00000000de872e68,0x00000000de880000)
  to   space 11264K, 0% used [0x00000000dd280000,0x00000000dd280000,0x00000000ddd80000)
 ParOldGen       total 48128K, used 8527K [0x0000000080000000, 0x0000000082f00000, 0x00000000d5580000)
  object space 48128K, 17% used [0x0000000080000000,0x0000000080853ec0,0x0000000082f00000)
 Metaspace       used 34592K, capacity 35426K, committed 35496K, reserved 1079296K
  class space    used 4748K, capacity 5002K, committed 5040K, reserved 1048576K
Event: 37.987 GC heap after
Heap after GC invocations=10 (full 1):
 PSYoungGen      total 139264K, used 11241K [0x00000000d5580000, 0x00000000e2e80000, 0x0000000100000000)
  eden space 128000K, 0% used [0x00000000d5580000,0x00000000d5580000,0x00000000dd280000)
  from space 11264K, 99% used [0x00000000dd280000,0x00000000ddd7a4e0,0x00000000ddd80000)
  to   space 12800K, 0% used [0x00000000e2200000,0x00000000e2200000,0x00000000e2e80000)
 ParOldGen       total 48128K, used 8903K [0x0000000080000000, 0x0000000082f00000, 0x00000000d5580000)
  object space 48128K, 18% used [0x0000000080000000,0x00000000808b1c90,0x0000000082f00000)
 Metaspace       used 34592K, capacity 35426K, committed 35496K, reserved 1079296K
  class space    used 4748K, capacity 5002K, committed 5040K, reserved 1048576K
}
Event: 37.987 GC heap before
{Heap before GC invocations=11 (full 2):
 PSYoungGen      total 139264K, used 11241K [0x00000000d5580000, 0x00000000e2e80000, 0x0000000100000000)
  eden space 128000K, 0% used [0x00000000d5580000,0x00000000d5580000,0x00000000dd280000)
  from space 11264K, 99% used [0x00000000dd280000,0x00000000ddd7a4e0,0x00000000ddd80000)
  to   space 12800K, 0% used [0x00000000e2200000,0x00000000e2200000,0x00000000e2e80000)
 ParOldGen       total 48128K, used 8903K [0x0000000080000000, 0x0000000082f00000, 0x00000000d5580000)
  object space 48128K, 18% used [0x0000000080000000,0x00000000808b1c90,0x0000000082f00000)
 Metaspace       used 34592K, capacity 35426K, committed 35496K, reserved 1079296K
  class space    used 4748K, capacity 5002K, committed 5040K, reserved 1048576K
Event: 38.073 GC heap after
Heap after GC invocations=11 (full 2):
 PSYoungGen      total 139264K, used 0K [0x00000000d5580000, 0x00000000e2e80000, 0x0000000100000000)
  eden space 128000K, 0% used [0x00000000d5580000,0x00000000d5580000,0x00000000dd280000)
  from space 11264K, 0% used [0x00000000dd280000,0x00000000dd280000,0x00000000ddd80000)
  to   space 12800K, 0% used [0x00000000e2200000,0x00000000e2200000,0x00000000e2e80000)
 ParOldGen       total 59392K, used 18042K [0x0000000080000000, 0x0000000083a00000, 0x00000000d5580000)
  object space 59392K, 30% used [0x0000000080000000,0x000000008119ea70,0x0000000083a00000)
 Metaspace       used 34592K, capacity 35426K, committed 35496K, reserved 1079296K
  class space    used 4748K, capacity 5002K, committed 5040K, reserved 1048576K
}
Event: 54.233 GC heap before
{Heap before GC invocations=12 (full 2):
 PSYoungGen      total 139264K, used 128000K [0x00000000d5580000, 0x00000000e2e80000, 0x0000000100000000)
  eden space 128000K, 100% used [0x00000000d5580000,0x00000000dd280000,0x00000000dd280000)
  from space 11264K, 0% used [0x00000000dd280000,0x00000000dd280000,0x00000000ddd80000)
  to   space 12800K, 0% used [0x00000000e2200000,0x00000000e2200000,0x00000000e2e80000)
 ParOldGen       total 59392K, used 18042K [0x0000000080000000, 0x0000000083a00000, 0x00000000d5580000)
  object space 59392K, 30% used [0x0000000080000000,0x000000008119ea70,0x0000000083a00000)
 Metaspace       used 45397K, capacity 46916K, committed 47016K, reserved 1089536K
  class space    used 6136K, capacity 6484K, committed 6576K, reserved 1048576K
Event: 54.252 GC heap after
Heap after GC invocations=12 (full 2):
 PSYoungGen      total 206848K, used 12772K [0x00000000d5580000, 0x00000000e3680000, 0x0000000100000000)
  eden space 194048K, 0% used [0x00000000d5580000,0x00000000d5580000,0x00000000e1300000)
  from space 12800K, 99% used [0x00000000e2200000,0x00000000e2e791d8,0x00000000e2e80000)
  to   space 15360K, 0% used [0x00000000e1300000,0x00000000e1300000,0x00000000e2200000)
 ParOldGen       total 59392K, used 20588K [0x0000000080000000, 0x0000000083a00000, 0x00000000d5580000)
  object space 59392K, 34% used [0x0000000080000000,0x000000008141b000,0x0000000083a00000)
 Metaspace       used 45397K, capacity 46916K, committed 47016K, reserved 1089536K
  class space    used 6136K, capacity 6484K, committed 6576K, reserved 1048576K
}

Deoptimization events (10 events):
Event: 53.709 Thread 0x000000001b2c7000 Uncommon trap: reason=unstable_if action=reinterpret pc=0x0000000002f73aac method=java.util.jar.JarFile.maybeInstantiateVerifier()V @ 4
Event: 53.710 Thread 0x000000001b2c7000 Uncommon trap: reason=unstable_if action=reinterpret pc=0x00000000031f3388 method=java.util.jar.JarFile.maybeInstantiateVerifier()V @ 4
Event: 53.710 Thread 0x000000001b2c7000 Uncommon trap: reason=unstable_if action=reinterpret pc=0x00000000036f3778 method=java.security.CodeSource.matchCerts(Ljava/security/CodeSource;Z)Z @ 11
Event: 53.710 Thread 0x000000001b2c7000 Uncommon trap: reason=unstable_if action=reinterpret pc=0x0000000003189494 method=java.util.jar.JarFile.maybeInstantiateVerifier()V @ 75
Event: 53.730 Thread 0x000000001b2c7000 Uncommon trap: reason=unstable_if action=reinterpret pc=0x0000000002f57c14 method=java.util.LinkedHashMap.get(Ljava/lang/Object;)Ljava/lang/Object; @ 20
Event: 53.764 Thread 0x000000001b2c7000 Uncommon trap: reason=unstable_if action=reinterpret pc=0x00000000036b57a8 method=java.util.jar.JarFile.maybeInstantiateVerifier()V @ 4
Event: 54.000 Thread 0x000000001b2c7000 Uncommon trap: reason=unstable_if action=reinterpret pc=0x00000000033052a8 method=org.objectweb.asm.ByteVector.putUTF8(Ljava/lang/String;)Lorg/objectweb/asm/ByteVector; @ 93
Event: 55.340 Thread 0x000000001b2c7000 Uncommon trap: reason=unstable_if action=reinterpret pc=0x00000000036dc630 method=org.gradle.internal.reflect.PropertyAccessorType.of(Ljava/lang/reflect/Method;)Lorg/gradle/internal/reflect/PropertyAccessorType; @ 56
Event: 56.792 Thread 0x000000001b2c7000 Uncommon trap: reason=unstable_if action=reinterpret pc=0x00000000038a74b0 method=org.gradle.internal.instantiation.generator.AbstractClassGenerator$InjectionAnnotationValidator.validateMethod(Ljava/lang/reflect/Method;Lorg/gradle/internal/reflect/Propert
Event: 56.792 Thread 0x000000001b2c7000 Uncommon trap: reason=unstable_if action=reinterpret pc=0x0000000002da0208 method=org.gradle.internal.instantiation.generator.AbstractClassGenerator$InjectionAnnotationValidator.validateMethod(Ljava/lang/reflect/Method;Lorg/gradle/internal/reflect/Propert

Classes redefined (0 events):
No events

Internal exceptions (10 events):
Event: 57.098 Thread 0x000000001b2c7000 Exception <a 'java/lang/ClassNotFoundException': build_2ch7icy6qjolx38d5pk7ssjb4$_run_closure1BeanInfo> (0x00000000d83f5c68) thrown at [C:\src\AOSP-openjdk-git\hotspot\src\share\vm\classfile\systemDictionary.cpp, line 210]
Event: 57.098 Thread 0x000000001b2c7000 Exception <a 'java/lang/ClassNotFoundException': build_2ch7icy6qjolx38d5pk7ssjb4$_run_closure1Customizer> (0x00000000d8407588) thrown at [C:\src\AOSP-openjdk-git\hotspot\src\share\vm\classfile\systemDictionary.cpp, line 210]
Event: 57.133 Thread 0x000000001b2c7000 Exception <a 'java/lang/ClassNotFoundException': org/gradle/api/internal/file/collections/DefaultConfigurableFileTreeBeanInfo> (0x00000000d85b9958) thrown at [C:\src\AOSP-openjdk-git\hotspot\src\share\vm\classfile\systemDictionary.cpp, line 210]
Event: 57.134 Thread 0x000000001b2c7000 Exception <a 'java/lang/ClassNotFoundException': org/gradle/api/internal/file/CompositeFileTreeBeanInfo> (0x00000000d85f3820) thrown at [C:\src\AOSP-openjdk-git\hotspot\src\share\vm\classfile\systemDictionary.cpp, line 210]
Event: 57.135 Thread 0x000000001b2c7000 Exception <a 'java/lang/ClassNotFoundException': org/gradle/api/internal/file/CompositeFileCollectionBeanInfo> (0x00000000d8631e88) thrown at [C:\src\AOSP-openjdk-git\hotspot\src\share\vm\classfile\systemDictionary.cpp, line 210]
Event: 57.136 Thread 0x000000001b2c7000 Exception <a 'java/lang/ClassNotFoundException': org/gradle/api/internal/file/AbstractFileCollectionBeanInfo> (0x00000000d8670830) thrown at [C:\src\AOSP-openjdk-git\hotspot\src\share\vm\classfile\systemDictionary.cpp, line 210]
Event: 57.137 Thread 0x000000001b2c7000 Exception <a 'java/lang/ClassNotFoundException': org/gradle/api/internal/file/AbstractFileCollectionCustomizer> (0x00000000d86afe78) thrown at [C:\src\AOSP-openjdk-git\hotspot\src\share\vm\classfile\systemDictionary.cpp, line 210]
Event: 57.139 Thread 0x000000001b2c7000 Exception <a 'java/lang/ClassNotFoundException': org/gradle/api/internal/file/CompositeFileCollectionCustomizer> (0x00000000d8700698) thrown at [C:\src\AOSP-openjdk-git\hotspot\src\share\vm\classfile\systemDictionary.cpp, line 210]
Event: 57.140 Thread 0x000000001b2c7000 Exception <a 'java/lang/ClassNotFoundException': org/gradle/api/internal/file/CompositeFileTreeCustomizer> (0x00000000d874ac98) thrown at [C:\src\AOSP-openjdk-git\hotspot\src\share\vm\classfile\systemDictionary.cpp, line 210]
Event: 57.141 Thread 0x000000001b2c7000 Exception <a 'java/lang/ClassNotFoundException': org/gradle/api/internal/file/collections/DefaultConfigurableFileTreeCustomizer> (0x00000000d87a18c0) thrown at [C:\src\AOSP-openjdk-git\hotspot\src\share\vm\classfile\systemDictionary.cpp, line 210]

Events (10 events):
Event: 57.385 loading class com/android/build/gradle/internal/publishing/VariantSpecBuilderImpl
Event: 57.385 loading class com/android/build/gradle/internal/publishing/VariantSpecBuilderImpl done
Event: 57.385 loading class com/android/build/gradle/internal/publishing/PublishingSpecs$VariantSpecBuilder
Event: 57.385 loading class com/android/build/gradle/internal/publishing/PublishingSpecs$VariantSpecBuilder done
Event: 57.386 loading class com/android/build/gradle/internal/scope/InternalArtifactType$MANIFEST_METADATA
Event: 57.386 loading class com/android/build/gradle/internal/scope/InternalArtifactType$MANIFEST_METADATA done
Event: 57.387 loading class com/android/build/gradle/internal/publishing/OutputSpecImpl
Event: 57.387 loading class com/android/build/gradle/internal/publishing/OutputSpecImpl done
Event: 57.387 loading class com/android/build/gradle/internal/publishing/PublishingSpecs$OutputSpec
Event: 57.387 loading class com/android/build/gradle/internal/publishing/PublishingSpecs$OutputSpec done


Dynamic libraries:
0x00007ff7aa910000 - 0x00007ff7aa941000 	C:\Program Files\Android\Android Studio\jre\bin\java.exe
0x00007ffb254b0000 - 0x00007ffb2565d000 	C:\Windows\SYSTEM32\ntdll.dll
0x00007ffb22b30000 - 0x00007ffb22c6e000 	C:\Windows\system32\KERNEL32.DLL
0x00007ffb22960000 - 0x00007ffb22a75000 	C:\Windows\system32\KERNELBASE.dll
0x00007ffb24980000 - 0x00007ffb24a2a000 	C:\Windows\system32\ADVAPI32.dll
0x00007ffb22c70000 - 0x00007ffb22de7000 	C:\Windows\system32\USER32.dll
0x00007ffb206a0000 - 0x00007ffb2091a000 	C:\Windows\WinSxS\amd64_microsoft.windows.common-controls_6595b64144ccf1df_6.0.9600.17810_none_6240b9c7ecbd0bda\COMCTL32.dll
0x00007ffb233a0000 - 0x00007ffb2344a000 	C:\Windows\system32\msvcrt.dll
0x00007ffb24d70000 - 0x00007ffb24dc9000 	C:\Windows\SYSTEM32\sechost.dll
0x00007ffb24e10000 - 0x00007ffb24f51000 	C:\Windows\system32\RPCRT4.dll
0x00007ffb23250000 - 0x00007ffb2339b000 	C:\Windows\system32\GDI32.dll
0x00007ffb24dd0000 - 0x00007ffb24e06000 	C:\Windows\system32\IMM32.DLL
0x00007ffb23080000 - 0x00007ffb231d2000 	C:\Windows\system32\MSCTF.dll
0x00007ffb21850000 - 0x00007ffb21882000 	C:\Windows\SYSTEM32\ntmarta.dll
0x00007ffb223c0000 - 0x00007ffb223ee000 	C:\Windows\SYSTEM32\SspiCli.dll
0x0000000068320000 - 0x00000000683f2000 	C:\Program Files\Android\Android Studio\jre\jre\bin\msvcr100.dll
0x0000000068400000 - 0x0000000068c4b000 	C:\Program Files\Android\Android Studio\jre\jre\bin\server\jvm.dll
0x00007ffb15780000 - 0x00007ffb15789000 	C:\Windows\SYSTEM32\WSOCK32.dll
0x00007ffb1e860000 - 0x00007ffb1e882000 	C:\Windows\SYSTEM32\WINMM.dll
0x00007ffb1e820000 - 0x00007ffb1e82a000 	C:\Windows\SYSTEM32\VERSION.dll
0x00007ffb25100000 - 0x00007ffb25107000 	C:\Windows\system32\PSAPI.DLL
0x00007ffb24c40000 - 0x00007ffb24c9a000 	C:\Windows\system32\WS2_32.dll
0x00007ffb1e830000 - 0x00007ffb1e85a000 	C:\Windows\SYSTEM32\WINMMBASE.dll
0x00007ffb252b0000 - 0x00007ffb252b9000 	C:\Windows\system32\NSI.dll
0x00007ffb22910000 - 0x00007ffb2295f000 	C:\Windows\SYSTEM32\cfgmgr32.dll
0x00007ffb213a0000 - 0x00007ffb213c8000 	C:\Windows\SYSTEM32\DEVOBJ.dll
0x00007ffb204f0000 - 0x00007ffb204ff000 	C:\Program Files\Android\Android Studio\jre\jre\bin\verify.dll
0x00007ffb15bd0000 - 0x00007ffb15bf9000 	C:\Program Files\Android\Android Studio\jre\jre\bin\java.dll
0x00007ffb1c0f0000 - 0x00007ffb1c106000 	C:\Program Files\Android\Android Studio\jre\jre\bin\zip.dll
0x00007ffb23450000 - 0x00007ffb24979000 	C:\Windows\system32\SHELL32.dll
0x00007ffb22df0000 - 0x00007ffb23002000 	C:\Windows\SYSTEM32\combase.dll
0x00007ffb24a30000 - 0x00007ffb24a84000 	C:\Windows\system32\SHLWAPI.dll
0x00007ffb20b20000 - 0x00007ffb20bd2000 	C:\Windows\SYSTEM32\SHCORE.dll
0x00007ffb22600000 - 0x00007ffb22615000 	C:\Windows\SYSTEM32\profapi.dll
0x00007ffb1b190000 - 0x00007ffb1b1aa000 	C:\Program Files\Android\Android Studio\jre\jre\bin\net.dll
0x00007ffb21e00000 - 0x00007ffb21e59000 	C:\Windows\system32\mswsock.dll
0x00007ffb16bf0000 - 0x00007ffb16c03000 	C:\Program Files\Android\Android Studio\jre\jre\bin\nio.dll
0x00007ffb0ffd0000 - 0x00007ffb0fff6000 	C:\Users\SHADOWRATH\.gradle\native\31\windows-amd64\native-platform.dll
0x00007ffb1d6d0000 - 0x00007ffb1d6dd000 	C:\Program Files\Android\Android Studio\jre\jre\bin\management.dll
0x00007ffb21e60000 - 0x00007ffb21e80000 	C:\Windows\SYSTEM32\CRYPTSP.dll
0x00007ffb21a80000 - 0x00007ffb21ab6000 	C:\Windows\system32\rsaenh.dll
0x00007ffb220b0000 - 0x00007ffb220d6000 	C:\Windows\SYSTEM32\bcrypt.dll
0x00007ffb21b90000 - 0x00007ffb21bb1000 	C:\Windows\SYSTEM32\USERENV.dll
0x00007ffb22400000 - 0x00007ffb22463000 	C:\Windows\system32\bcryptprimitives.dll
0x00007ffb22470000 - 0x00007ffb2247b000 	C:\Windows\SYSTEM32\CRYPTBASE.dll
0x00007ffb1e5d0000 - 0x00007ffb1e5fa000 	C:\Windows\SYSTEM32\IPHLPAPI.DLL
0x00007ffb1e5c0000 - 0x00007ffb1e5ca000 	C:\Windows\SYSTEM32\WINNSI.DLL
0x00007ffb1b360000 - 0x00007ffb1b376000 	C:\Windows\SYSTEM32\dhcpcsvc6.DLL
0x00007ffb1b340000 - 0x00007ffb1b35a000 	C:\Windows\SYSTEM32\dhcpcsvc.DLL

VM Arguments:
jvm_args: -Xmx2048m -Dfile.encoding=windows-1252 -Duser.country=US -Duser.language=en -Duser.variant 
java_command: org.gradle.launcher.daemon.bootstrap.GradleDaemon 6.1.1
java_class_path (initial): C:\Users\SHADOWRATH\.gradle\wrapper\dists\gradle-6.1.1-all\cfmwm155h49vnt3hynmlrsdst\gradle-6.1.1\lib\gradle-launcher-6.1.1.jar
Launcher Type: SUN_STANDARD

Environment Variables:
PATH=C:\Program Files\Microsoft MPI\Bin\;C:\Program Files\Dell\DW WLAN Card;C:\Windows\system32;C:\Windows;C:\Windows\System32\Wbem;C:\Windows\System32\WindowsPowerShell\v1.0\;C:\Program Files\WIDCOMM\Bluetooth Software\;C:\Program Files\WIDCOMM\Bluetooth Software\syswow64;C:\Program Files (x86)\NVIDIA Corporation\PhysX\Common;C:\Program Files\Microsoft SQL Server\Client SDK\ODBC\130\Tools\Binn\;C:\Program Files (x86)\Microsoft SQL Server\140\Tools\Binn\;C:\Program Files\Microsoft SQL Server\140\Tools\Binn\;C:\Program Files\Microsoft SQL Server\140\DTS\Binn\;C:\Program Files (x86)\Microsoft SQL Server\150\DTS\Binn\;C:\Program Files (x86)\Microsoft SQL Server\140\DTS\Binn\;C:\Program Files\NVIDIA Corporation\NVIDIA NvDLISR\;C:\Program Files\Java\jdk13\bin;C:\Program Files\NVIDIA Corporation\NVIDIA NvDLISR;C:\Program Files\Git\cmd;C:\Program Files\MySQL\MySQL Shell 8.0\bin\;C:\Program Files\java\jdk-13.0.2\bin
USERNAME=SHADOWRATH
OS=Windows_NT
PROCESSOR_IDENTIFIER=Intel64 Family 6 Model 61 Stepping 4, GenuineIntel



---------------  S Y S T E M  ---------------

OS: Windows 8.1 , 64 bit Build 9600 (6.3.9600.17415)

CPU:total 4 (initial active 4) (2 cores per cpu, 2 threads per core) family 6 model 61 stepping 4, cmov, cx8, fxsr, mmx, sse, sse2, sse3, ssse3, sse4.1, sse4.2, popcnt, avx, avx2, aes, clmul, erms, 3dnowpref, lzcnt, ht, tsc, tscinvbit, bmi1, bmi2, adx

Memory: 4k page, physical 8297700k(836328k free), swap 11369700k(6112k free)

vm_info: OpenJDK 64-Bit Server VM (25.242-b01) for windows-amd64 JRE (1.8.0_242-release-1644-b01), built by "builder" with MS VC++ 10.0 (VS2010)

time: Fri Aug 07 12:55:39 2020
timezone: Sri Lanka Standard Time
elapsed time: 57 seconds (0d 0h 0m 57s)

