#
# There is insufficient memory for the Java Runtime Environment to continue.
# Native memory allocation (malloc) failed to allocate 128256 bytes for Chunk::new
# Possible reasons:
#   The system is out of physical RAM or swap space
#   The process is running with CompressedOops enabled, and the Java Heap may be blocking the growth of the native heap
# Possible solutions:
#   Reduce memory load on the system
#   Increase physical memory or swap space
#   Check if swap backing store is full
#   Decrease Java heap size (-Xmx/-Xms)
#   Decrease number of Java threads
#   Decrease Java thread stack sizes (-Xss)
#   Set larger code cache with -XX:ReservedCodeCacheSize=
#   JVM is running with Unscaled Compressed Oops mode in which the Java heap is
#     placed in the first 4GB address space. The Java Heap base address is the
#     maximum limit for the native heap growth. Please use -XX:HeapBaseMinAddress
#     to set the Java Heap base and to place the Java Heap above 4GB virtual address.
# This output file may be truncated or incomplete.
#
#  Out of Memory Error (allocation.cpp:389), pid=63504, tid=0x00000000000007e8
#
# JRE version: OpenJDK Runtime Environment (8.0_242-b01) (build 1.8.0_242-release-1644-b01)
# Java VM: OpenJDK 64-Bit Server VM (25.242-b01 mixed mode windows-amd64 compressed oops)
# Failed to write core dump. Minidumps are not enabled by default on client versions of Windows
#

---------------  T H R E A D  ---------------

Current thread (0x0000000017437800):  JavaThread "C2 CompilerThread0" daemon [_thread_in_native, id=2024, stack(0x0000000018bb0000,0x0000000018cb0000)]

Stack: [0x0000000018bb0000,0x0000000018cb0000]
[error occurred during error reporting (printing stack bounds), id 0xc0000005]

Native frames: (J=compiled Java code, j=interpreted, Vv=VM code, C=native code)


Current CompileTask:
C2:  14277 3443       4       org.codehaus.groovy.runtime.metaclass.MetaMethodIndex::isMatchingMethod (65 bytes)


---------------  P R O C E S S  ---------------

Java Threads: ( => current thread )
  0x000000001ba3d000 JavaThread "Build operations Thread 4" [_thread_blocked, id=33768, stack(0x0000000021ca0000,0x0000000021da0000)]
  0x000000001ba3c000 JavaThread "Build operations Thread 3" [_thread_blocked, id=72940, stack(0x0000000021ba0000,0x0000000021ca0000)]
  0x000000001ba36000 JavaThread "Build operations Thread 2" [_thread_blocked, id=53236, stack(0x0000000021aa0000,0x0000000021ba0000)]
  0x000000001ba37000 JavaThread "Build operations" [_thread_blocked, id=22144, stack(0x00000000219a0000,0x0000000021aa0000)]
  0x000000001744f800 JavaThread "Cache worker for execution history cache (C:\Users\SHADOWRATH\.gradle\caches\6.1.1\executionHistory)" [_thread_blocked, id=17108, stack(0x0000000020b00000,0x0000000020c00000)]
  0x0000000017452800 JavaThread "Cache worker for cache directory md-rule (C:\Users\SHADOWRATH\.gradle\caches\6.1.1\md-rule)" [_thread_blocked, id=49828, stack(0x000000001f8c0000,0x000000001f9c0000)]
  0x000000001744f000 JavaThread "Cache worker for cache directory md-supplier (C:\Users\SHADOWRATH\.gradle\caches\6.1.1\md-supplier)" [_thread_blocked, id=440, stack(0x000000001f7c0000,0x000000001f8c0000)]
  0x0000000017452000 JavaThread "Cache worker for file hash cache (C:\Users\SHADOWRATH\AndroidStudioProjects\UsingStrings\.gradle\6.1.1\fileHashes)" [_thread_blocked, id=8104, stack(0x0000000020ea0000,0x0000000020fa0000)]
  0x000000001744c800 JavaThread "Cache worker for checksums cache (C:\Users\SHADOWRATH\AndroidStudioProjects\UsingStrings\.gradle\checksums)" [_thread_blocked, id=38660, stack(0x000000001fa30000,0x000000001fb30000)]
  0x000000001744d800 JavaThread "Cache worker for file hash cache (C:\Users\SHADOWRATH\.gradle\caches\6.1.1\fileHashes)" [_thread_blocked, id=39440, stack(0x000000001d220000,0x000000001d320000)]
  0x000000001744e000 JavaThread "File lock request listener" [_thread_in_native, id=6292, stack(0x000000001d120000,0x000000001d220000)]
  0x000000001b148000 JavaThread "Cache worker for journal cache (C:\Users\SHADOWRATH\.gradle\caches\journal-1)" [_thread_blocked, id=54732, stack(0x000000001d020000,0x000000001d120000)]
  0x000000001af19800 JavaThread "Thread-9" [_thread_blocked, id=34968, stack(0x000000001cd20000,0x000000001ce20000)]
  0x000000001af28800 JavaThread "Stdin handler" [_thread_blocked, id=36052, stack(0x000000001cc20000,0x000000001cd20000)]
  0x000000001af3e800 JavaThread "Asynchronous log dispatcher for DefaultDaemonConnection: socket connection from /127.0.0.1:56390 to /127.0.0.1:56391" [_thread_blocked, id=21328, stack(0x000000001cb20000,0x000000001cc20000)]
  0x000000001af2c800 JavaThread "Daemon worker" [_thread_blocked, id=32624, stack(0x000000001ca20000,0x000000001cb20000)]
  0x000000001af2b800 JavaThread "Cancel handler" [_thread_blocked, id=39736, stack(0x000000001c920000,0x000000001ca20000)]
  0x000000001aeed800 JavaThread "Handler for socket connection from /127.0.0.1:56390 to /127.0.0.1:56391" [_thread_in_native, id=52932, stack(0x000000001c620000,0x000000001c720000)]
  0x000000001aee9800 JavaThread "Daemon" [_thread_blocked, id=41920, stack(0x000000001c520000,0x000000001c620000)]
  0x000000001aedb800 JavaThread "Daemon periodic checks" [_thread_blocked, id=17664, stack(0x000000001c420000,0x000000001c520000)]
  0x000000001ae93000 JavaThread "Incoming local TCP Connector on port 56390" [_thread_in_native, id=23584, stack(0x000000001c230000,0x000000001c330000)]
  0x000000001ae0c000 JavaThread "Daemon health stats" [_thread_blocked, id=11648, stack(0x000000001bc50000,0x000000001bd50000)]
  0x0000000018ee9000 JavaThread "Service Thread" daemon [_thread_blocked, id=24944, stack(0x00000000192b0000,0x00000000193b0000)]
  0x000000001744b800 JavaThread "C1 CompilerThread2" daemon [_thread_blocked, id=43896, stack(0x0000000018db0000,0x0000000018eb0000)]
  0x000000001743a800 JavaThread "C2 CompilerThread1" daemon [_thread_in_native, id=10144, stack(0x0000000018cb0000,0x0000000018db0000)]
=>0x0000000017437800 JavaThread "C2 CompilerThread0" daemon [_thread_in_native, id=2024, stack(0x0000000018bb0000,0x0000000018cb0000)]
  0x0000000017435000 JavaThread "Attach Listener" daemon [_thread_blocked, id=11516, stack(0x0000000018ab0000,0x0000000018bb0000)]
  0x0000000017434000 JavaThread "Signal Dispatcher" daemon [_thread_blocked, id=67836, stack(0x00000000189b0000,0x0000000018ab0000)]
  0x000000000280b800 JavaThread "Finalizer" daemon [_thread_blocked, id=59236, stack(0x0000000018680000,0x0000000018780000)]
  0x0000000017419000 JavaThread "Reference Handler" daemon [_thread_blocked, id=16080, stack(0x0000000018580000,0x0000000018680000)]
  0x0000000002712800 JavaThread "main" [_thread_blocked, id=69468, stack(0x00000000025a0000,0x00000000026a0000)]

Other Threads:
  0x00000000173f5800 VMThread [stack: 0x0000000018480000,0x0000000018580000] [id=24004]
  0x000000001748d800 WatcherThread [stack: 0x00000000193b0000,0x00000000194b0000] [id=45072]

VM state:at safepoint (normal execution)

VM Mutex/Monitor currently owned by a thread:  ([mutex/lock_event])
[0x0000000000d5d800] Threads_lock - owner thread: 0x00000000173f5800
[0x0000000000d5ce80] Heap_lock - owner thread: 0x000000001af2c800

OutOfMemory and StackOverflow Exception counts:
OutOfMemoryError java_heap_errors=5

heap address: 0x0000000080000000, size: 2048 MB, Compressed Oops mode: 32-bit
Narrow klass base: 0x0000000000000000, Narrow klass shift: 3
Compressed class space size: 1073741824 Address: 0x0000000100000000

Heap:
 PSYoungGen      total 264192K, used 2624K [0x00000000d5580000, 0x00000000e6580000, 0x0000000100000000)
  eden space 249856K, 0% used [0x00000000d5580000,0x00000000d5580000,0x00000000e4980000)
  from space 14336K, 18% used [0x00000000e4980000,0x00000000e4c10000,0x00000000e5780000)
  to   space 10240K, 0% used [0x00000000e5b80000,0x00000000e5b80000,0x00000000e6580000)
 ParOldGen       total 49664K, used 15018K [0x0000000080000000, 0x0000000083080000, 0x00000000d5580000)
  object space 49664K, 30% used [0x0000000080000000,0x0000000080eaaaa0,0x0000000083080000)
 Metaspace       used 35620K, capacity 36682K, committed 36776K, reserved 1085440K
  class space    used 4897K, capacity 5204K, committed 5296K, reserved 1048576K

Card table byte_map: [0x0000000011bd0000,0x0000000011fe0000] byte_map_base: 0x00000000117d0000

Marking Bits: (ParMarkBitMap*) 0x0000000068bcf030
 Begin Bits: [0x0000000012690000, 0x0000000014690000)
 End Bits:   [0x0000000014690000, 0x0000000016690000)

Polling page: 0x0000000000d10000

CodeCache: size=245760Kb used=12199Kb max_used=12199Kb free=233560Kb
 bounds [0x0000000002810000, 0x0000000003410000, 0x0000000011810000]
 total_blobs=4120 nmethods=3418 adapters=615
 compilation: enabled

Compilation events (10 events):
Event: 14.215 Thread 0x000000001744b800 3448       3       org.codehaus.groovy.util.ComplexKeyHashMap$1::<init> (64 bytes)
Event: 14.215 Thread 0x000000001744b800 nmethod 3448 0x00000000033f7510 code [0x00000000033f7680, 0x00000000033f79b0]
Event: 14.215 Thread 0x000000001744b800 3447       3       org.codehaus.groovy.util.ComplexKeyHashMap::getEntrySetIterator (9 bytes)
Event: 14.215 Thread 0x000000001744b800 nmethod 3447 0x00000000033eb250 code [0x00000000033eb3c0, 0x00000000033eb5a8]
Event: 14.217 Thread 0x0000000017437800 nmethod 3441 0x00000000033facd0 code [0x00000000033fae40, 0x00000000033fb3d8]
Event: 14.217 Thread 0x0000000017437800 3444       4       java.util.HashMap$HashIterator::nextNode (100 bytes)
Event: 14.219 Thread 0x000000001744b800 3449       3       java.lang.ThreadLocal$ThreadLocalMap::expungeStaleEntry (146 bytes)
Event: 14.220 Thread 0x000000001744b800 nmethod 3449 0x00000000033f9910 code [0x00000000033f9b00, 0x00000000033fa7b0]
Event: 14.221 Thread 0x0000000017437800 nmethod 3444 0x00000000033f7f90 code [0x00000000033f80e0, 0x00000000033f82d8]
Event: 14.221 Thread 0x0000000017437800 3443       4       org.codehaus.groovy.runtime.metaclass.MetaMethodIndex::isMatchingMethod (65 bytes)

GC Heap History (10 events):
Event: 3.933 GC heap before
{Heap before GC invocations=6 (full 0):
 PSYoungGen      total 71680K, used 5967K [0x00000000d5580000, 0x00000000df080000, 0x0000000100000000)
  eden space 66560K, 1% used [0x00000000d5580000,0x00000000d565bfb8,0x00000000d9680000)
  from space 5120K, 99% used [0x00000000d9680000,0x00000000d9b78020,0x00000000d9b80000)
  to   space 12800K, 0% used [0x00000000de400000,0x00000000de400000,0x00000000df080000)
 ParOldGen       total 87552K, used 10417K [0x0000000080000000, 0x0000000085580000, 0x00000000d5580000)
  object space 87552K, 11% used [0x0000000080000000,0x0000000080a2c7d0,0x0000000085580000)
 Metaspace       used 20639K, capacity 21228K, committed 21296K, reserved 1067008K
  class space    used 2886K, capacity 3084K, committed 3120K, reserved 1048576K
Event: 3.942 GC heap after
Heap after GC invocations=6 (full 0):
 PSYoungGen      total 144896K, used 5056K [0x00000000d5580000, 0x00000000def80000, 0x0000000100000000)
  eden space 133120K, 0% used [0x00000000d5580000,0x00000000d5580000,0x00000000dd780000)
  from space 11776K, 42% used [0x00000000de400000,0x00000000de8f0040,0x00000000def80000)
  to   space 12288K, 0% used [0x00000000dd780000,0x00000000dd780000,0x00000000de380000)
 ParOldGen       total 87552K, used 10425K [0x0000000080000000, 0x0000000085580000, 0x00000000d5580000)
  object space 87552K, 11% used [0x0000000080000000,0x0000000080a2e7d0,0x0000000085580000)
 Metaspace       used 20639K, capacity 21228K, committed 21296K, reserved 1067008K
  class space    used 2886K, capacity 3084K, committed 3120K, reserved 1048576K
}
Event: 3.942 GC heap before
{Heap before GC invocations=7 (full 1):
 PSYoungGen      total 144896K, used 5056K [0x00000000d5580000, 0x00000000def80000, 0x0000000100000000)
  eden space 133120K, 0% used [0x00000000d5580000,0x00000000d5580000,0x00000000dd780000)
  from space 11776K, 42% used [0x00000000de400000,0x00000000de8f0040,0x00000000def80000)
  to   space 12288K, 0% used [0x00000000dd780000,0x00000000dd780000,0x00000000de380000)
 ParOldGen       total 87552K, used 10425K [0x0000000080000000, 0x0000000085580000, 0x00000000d5580000)
  object space 87552K, 11% used [0x0000000080000000,0x0000000080a2e7d0,0x0000000085580000)
 Metaspace       used 20639K, capacity 21228K, committed 21296K, reserved 1067008K
  class space    used 2886K, capacity 3084K, committed 3120K, reserved 1048576K
Event: 3.992 GC heap after
Heap after GC invocations=7 (full 1):
 PSYoungGen      total 144896K, used 0K [0x00000000d5580000, 0x00000000def80000, 0x0000000100000000)
  eden space 133120K, 0% used [0x00000000d5580000,0x00000000d5580000,0x00000000dd780000)
  from space 11776K, 0% used [0x00000000de400000,0x00000000de400000,0x00000000def80000)
  to   space 12288K, 0% used [0x00000000dd780000,0x00000000dd780000,0x00000000de380000)
 ParOldGen       total 49664K, used 6877K [0x0000000080000000, 0x0000000083080000, 0x00000000d5580000)
  object space 49664K, 13% used [0x0000000080000000,0x00000000806b7650,0x0000000083080000)
 Metaspace       used 20639K, capacity 21228K, committed 21296K, reserved 1067008K
  class space    used 2886K, capacity 3084K, committed 3120K, reserved 1048576K
}
Event: 6.310 GC heap before
{Heap before GC invocations=8 (full 1):
 PSYoungGen      total 144896K, used 133120K [0x00000000d5580000, 0x00000000def80000, 0x0000000100000000)
  eden space 133120K, 100% used [0x00000000d5580000,0x00000000dd780000,0x00000000dd780000)
  from space 11776K, 0% used [0x00000000de400000,0x00000000de400000,0x00000000def80000)
  to   space 12288K, 0% used [0x00000000dd780000,0x00000000dd780000,0x00000000de380000)
 ParOldGen       total 49664K, used 6877K [0x0000000080000000, 0x0000000083080000, 0x00000000d5580000)
  object space 49664K, 13% used [0x0000000080000000,0x00000000806b7650,0x0000000083080000)
 Metaspace       used 32552K, capacity 33312K, committed 33456K, reserved 1077248K
  class space    used 4446K, capacity 4673K, committed 4784K, reserved 1048576K
Event: 6.377 GC heap after
Heap after GC invocations=8 (full 1):
 PSYoungGen      total 145408K, used 12273K [0x00000000d5580000, 0x00000000e6a00000, 0x0000000100000000)
  eden space 133120K, 0% used [0x00000000d5580000,0x00000000d5580000,0x00000000dd780000)
  from space 12288K, 99% used [0x00000000dd780000,0x00000000de37c620,0x00000000de380000)
  to   space 14848K, 0% used [0x00000000e5b80000,0x00000000e5b80000,0x00000000e6a00000)
 ParOldGen       total 49664K, used 8237K [0x0000000080000000, 0x0000000083080000, 0x00000000d5580000)
  object space 49664K, 16% used [0x0000000080000000,0x000000008080b4d8,0x0000000083080000)
 Metaspace       used 32552K, capacity 33312K, committed 33456K, reserved 1077248K
  class space    used 4446K, capacity 4673K, committed 4784K, reserved 1048576K
}
Event: 12.508 GC heap before
{Heap before GC invocations=9 (full 1):
 PSYoungGen      total 145408K, used 56042K [0x00000000d5580000, 0x00000000e6a00000, 0x0000000100000000)
  eden space 133120K, 32% used [0x00000000d5580000,0x00000000d803e210,0x00000000dd780000)
  from space 12288K, 99% used [0x00000000dd780000,0x00000000de37c620,0x00000000de380000)
  to   space 14848K, 0% used [0x00000000e5b80000,0x00000000e5b80000,0x00000000e6a00000)
 ParOldGen       total 49664K, used 8237K [0x0000000080000000, 0x0000000083080000, 0x00000000d5580000)
  object space 49664K, 16% used [0x0000000080000000,0x000000008080b4d8,0x0000000083080000)
 Metaspace       used 34518K, capacity 35430K, committed 35496K, reserved 1079296K
  class space    used 4735K, capacity 5002K, committed 5040K, reserved 1048576K
Event: 12.526 GC heap after
Heap after GC invocations=9 (full 1):
 PSYoungGen      total 260096K, used 8422K [0x00000000d5580000, 0x00000000e6580000, 0x0000000100000000)
  eden space 249856K, 0% used [0x00000000d5580000,0x00000000d5580000,0x00000000e4980000)
  from space 10240K, 82% used [0x00000000e5b80000,0x00000000e63b9a78,0x00000000e6580000)
  to   space 14336K, 0% used [0x00000000e4980000,0x00000000e4980000,0x00000000e5780000)
 ParOldGen       total 49664K, used 8245K [0x0000000080000000, 0x0000000083080000, 0x00000000d5580000)
  object space 49664K, 16% used [0x0000000080000000,0x000000008080d4d8,0x0000000083080000)
 Metaspace       used 34518K, capacity 35430K, committed 35496K, reserved 1079296K
  class space    used 4735K, capacity 5002K, committed 5040K, reserved 1048576K
}
Event: 12.527 GC heap before
{Heap before GC invocations=10 (full 2):
 PSYoungGen      total 260096K, used 8422K [0x00000000d5580000, 0x00000000e6580000, 0x0000000100000000)
  eden space 249856K, 0% used [0x00000000d5580000,0x00000000d5580000,0x00000000e4980000)
  from space 10240K, 82% used [0x00000000e5b80000,0x00000000e63b9a78,0x00000000e6580000)
  to   space 14336K, 0% used [0x00000000e4980000,0x00000000e4980000,0x00000000e5780000)
 ParOldGen       total 49664K, used 8245K [0x0000000080000000, 0x0000000083080000, 0x00000000d5580000)
  object space 49664K, 16% used [0x0000000080000000,0x000000008080d4d8,0x0000000083080000)
 Metaspace       used 34518K, capacity 35430K, committed 35496K, reserved 1079296K
  class space    used 4735K, capacity 5002K, committed 5040K, reserved 1048576K
Event: 12.608 GC heap after
Heap after GC invocations=10 (full 2):
 PSYoungGen      total 260096K, used 0K [0x00000000d5580000, 0x00000000e6580000, 0x0000000100000000)
  eden space 249856K, 0% used [0x00000000d5580000,0x00000000d5580000,0x00000000e4980000)
  from space 10240K, 0% used [0x00000000e5b80000,0x00000000e5b80000,0x00000000e6580000)
  to   space 14336K, 0% used [0x00000000e4980000,0x00000000e4980000,0x00000000e5780000)
 ParOldGen       total 49664K, used 15010K [0x0000000080000000, 0x0000000083080000, 0x00000000d5580000)
  object space 49664K, 30% used [0x0000000080000000,0x0000000080ea8aa0,0x0000000083080000)
 Metaspace       used 34518K, capacity 35430K, committed 35496K, reserved 1079296K
  class space    used 4735K, capacity 5002K, committed 5040K, reserved 1048576K
}

Deoptimization events (10 events):
Event: 5.574 Thread 0x000000001af2c800 Uncommon trap: reason=unstable_if action=reinterpret pc=0x0000000002f86f80 method=org.objectweb.asm.ByteVector.putShort(I)Lorg/objectweb/asm/ByteVector; @ 13
Event: 5.717 Thread 0x000000001af2c800 Uncommon trap: reason=class_check action=maybe_recompile pc=0x0000000002f54b80 method=sun.misc.URLClassPath.getLoader(I)Lsun/misc/URLClassPath$Loader; @ 94
Event: 5.835 Thread 0x000000001af2c800 Uncommon trap: reason=class_check action=maybe_recompile pc=0x0000000002f44a58 method=sun.misc.URLClassPath.getLoader(I)Lsun/misc/URLClassPath$Loader; @ 239
Event: 6.040 Thread 0x000000001af2c800 Uncommon trap: reason=class_check action=maybe_recompile pc=0x0000000002f7eb28 method=java.util.WeakHashMap.eq(Ljava/lang/Object;Ljava/lang/Object;)Z @ 7
Event: 6.378 Thread 0x0000000017419000 Uncommon trap: reason=unstable_if action=reinterpret pc=0x0000000002d447bc method=java.lang.ref.Reference.tryHandlePending(Z)Z @ 104
Event: 6.407 Thread 0x000000001af2c800 Uncommon trap: reason=unstable_if action=reinterpret pc=0x0000000002ccd0a0 method=java.util.WeakHashMap.expungeStaleEntries()V @ 66
Event: 13.677 Thread 0x000000001ba3c000 Uncommon trap: reason=unstable_if action=reinterpret pc=0x0000000002e1c360 method=java.util.concurrent.ConcurrentHashMap.putVal(Ljava/lang/Object;Ljava/lang/Object;Z)Ljava/lang/Object; @ 98
Event: 13.725 Thread 0x000000001ba37000 Uncommon trap: reason=unstable_if action=reinterpret pc=0x0000000002cf59dc method=java.util.concurrent.ConcurrentHashMap.addCount(JI)V @ 34
Event: 13.739 Thread 0x000000001ba3c000 Uncommon trap: reason=unstable_if action=reinterpret pc=0x0000000002d2fcd0 method=java.util.concurrent.ConcurrentHashMap.transfer([Ljava/util/concurrent/ConcurrentHashMap$Node;[Ljava/util/concurrent/ConcurrentHashMap$Node;)V @ 34
Event: 13.740 Thread 0x000000001ba3d000 Uncommon trap: reason=unstable_if action=reinterpret pc=0x000000000325d0d8 method=java.util.concurrent.ConcurrentHashMap.get(Ljava/lang/Object;)Ljava/lang/Object; @ 86

Classes redefined (0 events):
No events

Internal exceptions (10 events):
Event: 6.404 Thread 0x000000001af2c800 Exception <a 'java/lang/ClassNotFoundException': org/gradle/api/internal/artifacts/dsl/dependencies/DefaultDependencyHandlerBeanInfo> (0x00000000d5700378) thrown at [C:\src\AOSP-openjdk-git\hotspot\src\share\vm\classfile\systemDictionary.cpp, line 210]
Event: 6.406 Thread 0x000000001af2c800 Exception <a 'java/lang/ClassNotFoundException': org/gradle/api/internal/artifacts/dsl/dependencies/DefaultDependencyHandlerCustomizer> (0x00000000d575c4f0) thrown at [C:\src\AOSP-openjdk-git\hotspot\src\share\vm\classfile\systemDictionary.cpp, line 210]
Event: 6.416 Thread 0x000000001af2c800 Exception <a 'java/lang/ClassNotFoundException': org/gradle/api/internal/artifacts/dsl/dependencies/DefaultDependencyHandler_DecoratedCustomizer> (0x00000000d58531d8) thrown at [C:\src\AOSP-openjdk-git\hotspot\src\share\vm\classfile\systemDictionary.cpp, 
Event: 6.955 Thread 0x000000001af2c800 Exception <a 'java/lang/IncompatibleClassChangeError': Found class java.lang.Object, but interface was expected> (0x00000000d74e4b68) thrown at [C:\src\AOSP-openjdk-git\hotspot\src\share\vm\interpreter\linkResolver.cpp, line 653]
Event: 6.957 Thread 0x000000001af2c800 Exception <a 'java/lang/NoSuchMethodError': java.lang.Object.lambda$comparing$77a9974f$1(Ljava/util/function/Function;Ljava/lang/Object;Ljava/lang/Object;)I> (0x00000000d74f0008) thrown at [C:\src\AOSP-openjdk-git\hotspot\src\share\vm\interpreter\linkReso
Event: 6.959 Thread 0x000000001af2c800 Exception <a 'java/lang/NoSuchMethodError': java.lang.Object.lambda$thenComparing$36697e65$1(Ljava/util/Comparator;Ljava/lang/Object;Ljava/lang/Object;)I> (0x00000000d7504170) thrown at [C:\src\AOSP-openjdk-git\hotspot\src\share\vm\interpreter\linkResolve
Event: 6.963 Thread 0x000000001af2c800 Exception <a 'java/lang/NoSuchMethodError': java.lang.Object.lambda$comparing$ea9a8b3a$1(Ljava/util/Comparator;Ljava/util/function/Function;Ljava/lang/Object;Ljava/lang/Object;)I> (0x00000000d751b200) thrown at [C:\src\AOSP-openjdk-git\hotspot\src\share\v
Event: 13.640 Thread 0x000000001af2c800 Exception <a 'java/lang/NoSuchMethodError': java.lang.Object.lambda$static$0(Lorg/gradle/api/internal/artifacts/ivyservice/resolveengine/artifact/ArtifactVisitor;)V> (0x00000000d65eb848) thrown at [C:\src\AOSP-openjdk-git\hotspot\src\share\vm\interpreter\
Event: 14.210 Thread 0x000000001af2c800 Exception <a 'java/lang/ClassNotFoundException': build_e0o2ecn2imhxoyffw38fj5dxeBeanInfo> (0x00000000d7136940) thrown at [C:\src\AOSP-openjdk-git\hotspot\src\share\vm\classfile\systemDictionary.cpp, line 210]
Event: 14.212 Thread 0x000000001af2c800 Exception <a 'java/lang/ClassNotFoundException': build_e0o2ecn2imhxoyffw38fj5dxeCustomizer> (0x00000000d7143af0) thrown at [C:\src\AOSP-openjdk-git\hotspot\src\share\vm\classfile\systemDictionary.cpp, line 210]

Events (10 events):
Event: 14.206 loading class groovy/runtime/metaclass/build_e0o2ecn2imhxoyffw38fj5dxeMetaClass
Event: 14.206 loading class groovy/runtime/metaclass/build_e0o2ecn2imhxoyffw38fj5dxeMetaClass done
Event: 14.209 loading class build_e0o2ecn2imhxoyffw38fj5dxeBeanInfo
Event: 14.209 loading class build_e0o2ecn2imhxoyffw38fj5dxeBeanInfo done
Event: 14.210 loading class build_e0o2ecn2imhxoyffw38fj5dxeBeanInfo
Event: 14.210 loading class build_e0o2ecn2imhxoyffw38fj5dxeBeanInfo done
Event: 14.210 loading class build_e0o2ecn2imhxoyffw38fj5dxeCustomizer
Event: 14.210 loading class build_e0o2ecn2imhxoyffw38fj5dxeCustomizer done
Event: 14.212 loading class build_e0o2ecn2imhxoyffw38fj5dxeCustomizer
Event: 14.212 loading class build_e0o2ecn2imhxoyffw38fj5dxeCustomizer done


Dynamic libraries:
0x00007ff654410000 - 0x00007ff654441000 	C:\Program Files\Android\Android Studio\jre\bin\java.exe
0x00007ffb254b0000 - 0x00007ffb2565d000 	C:\Windows\SYSTEM32\ntdll.dll
0x00007ffb22b30000 - 0x00007ffb22c6e000 	C:\Windows\system32\KERNEL32.DLL
0x00007ffb22960000 - 0x00007ffb22a75000 	C:\Windows\system32\KERNELBASE.dll
0x00007ffb24980000 - 0x00007ffb24a2a000 	C:\Windows\system32\ADVAPI32.dll
0x00007ffb22c70000 - 0x00007ffb22de7000 	C:\Windows\system32\USER32.dll
0x00007ffb206a0000 - 0x00007ffb2091a000 	C:\Windows\WinSxS\amd64_microsoft.windows.common-controls_6595b64144ccf1df_6.0.9600.17810_none_6240b9c7ecbd0bda\COMCTL32.dll
0x00007ffb233a0000 - 0x00007ffb2344a000 	C:\Windows\system32\msvcrt.dll
0x00007ffb24d70000 - 0x00007ffb24dc9000 	C:\Windows\SYSTEM32\sechost.dll
0x00007ffb24e10000 - 0x00007ffb24f51000 	C:\Windows\system32\RPCRT4.dll
0x00007ffb23250000 - 0x00007ffb2339b000 	C:\Windows\system32\GDI32.dll
0x00007ffb24dd0000 - 0x00007ffb24e06000 	C:\Windows\system32\IMM32.DLL
0x00007ffb23080000 - 0x00007ffb231d2000 	C:\Windows\system32\MSCTF.dll
0x00007ffb21850000 - 0x00007ffb21882000 	C:\Windows\SYSTEM32\ntmarta.dll
0x00007ffb223c0000 - 0x00007ffb223ee000 	C:\Windows\SYSTEM32\SspiCli.dll
0x0000000068320000 - 0x00000000683f2000 	C:\Program Files\Android\Android Studio\jre\jre\bin\msvcr100.dll
0x0000000068400000 - 0x0000000068c4b000 	C:\Program Files\Android\Android Studio\jre\jre\bin\server\jvm.dll
0x00007ffb15780000 - 0x00007ffb15789000 	C:\Windows\SYSTEM32\WSOCK32.dll
0x00007ffb1e860000 - 0x00007ffb1e882000 	C:\Windows\SYSTEM32\WINMM.dll
0x00007ffb1e820000 - 0x00007ffb1e82a000 	C:\Windows\SYSTEM32\VERSION.dll
0x00007ffb25100000 - 0x00007ffb25107000 	C:\Windows\system32\PSAPI.DLL
0x00007ffb24c40000 - 0x00007ffb24c9a000 	C:\Windows\system32\WS2_32.dll
0x00007ffb1e830000 - 0x00007ffb1e85a000 	C:\Windows\SYSTEM32\WINMMBASE.dll
0x00007ffb252b0000 - 0x00007ffb252b9000 	C:\Windows\system32\NSI.dll
0x00007ffb22910000 - 0x00007ffb2295f000 	C:\Windows\SYSTEM32\cfgmgr32.dll
0x00007ffb213a0000 - 0x00007ffb213c8000 	C:\Windows\SYSTEM32\DEVOBJ.dll
0x00007ffb204f0000 - 0x00007ffb204ff000 	C:\Program Files\Android\Android Studio\jre\jre\bin\verify.dll
0x00007ffb15bd0000 - 0x00007ffb15bf9000 	C:\Program Files\Android\Android Studio\jre\jre\bin\java.dll
0x00007ffb1c0f0000 - 0x00007ffb1c106000 	C:\Program Files\Android\Android Studio\jre\jre\bin\zip.dll
0x00007ffb23450000 - 0x00007ffb24979000 	C:\Windows\system32\SHELL32.dll
0x00007ffb22df0000 - 0x00007ffb23002000 	C:\Windows\SYSTEM32\combase.dll
0x00007ffb24a30000 - 0x00007ffb24a84000 	C:\Windows\system32\SHLWAPI.dll
0x00007ffb20b20000 - 0x00007ffb20bd2000 	C:\Windows\SYSTEM32\SHCORE.dll
0x00007ffb22600000 - 0x00007ffb22615000 	C:\Windows\SYSTEM32\profapi.dll
0x00007ffb1b190000 - 0x00007ffb1b1aa000 	C:\Program Files\Android\Android Studio\jre\jre\bin\net.dll
0x00007ffb21e00000 - 0x00007ffb21e59000 	C:\Windows\system32\mswsock.dll
0x00007ffb16bf0000 - 0x00007ffb16c03000 	C:\Program Files\Android\Android Studio\jre\jre\bin\nio.dll
0x00007ffb0ffd0000 - 0x00007ffb0fff6000 	C:\Users\SHADOWRATH\.gradle\native\31\windows-amd64\native-platform.dll
0x00007ffb1d6d0000 - 0x00007ffb1d6dd000 	C:\Program Files\Android\Android Studio\jre\jre\bin\management.dll
0x00007ffb21e60000 - 0x00007ffb21e80000 	C:\Windows\SYSTEM32\CRYPTSP.dll
0x00007ffb21a80000 - 0x00007ffb21ab6000 	C:\Windows\system32\rsaenh.dll
0x00007ffb220b0000 - 0x00007ffb220d6000 	C:\Windows\SYSTEM32\bcrypt.dll
0x00007ffb21b90000 - 0x00007ffb21bb1000 	C:\Windows\SYSTEM32\USERENV.dll
0x00007ffb22400000 - 0x00007ffb22463000 	C:\Windows\system32\bcryptprimitives.dll
0x00007ffb22470000 - 0x00007ffb2247b000 	C:\Windows\SYSTEM32\CRYPTBASE.dll
0x00007ffb1e5d0000 - 0x00007ffb1e5fa000 	C:\Windows\SYSTEM32\IPHLPAPI.DLL
0x00007ffb1e5c0000 - 0x00007ffb1e5ca000 	C:\Windows\SYSTEM32\WINNSI.DLL
0x00007ffb1b360000 - 0x00007ffb1b376000 	C:\Windows\SYSTEM32\dhcpcsvc6.DLL
0x00007ffb1b340000 - 0x00007ffb1b35a000 	C:\Windows\SYSTEM32\dhcpcsvc.DLL

VM Arguments:
jvm_args: -Xmx2048m -Dfile.encoding=windows-1252 -Duser.country=US -Duser.language=en -Duser.variant 
java_command: org.gradle.launcher.daemon.bootstrap.GradleDaemon 6.1.1
java_class_path (initial): C:\Users\SHADOWRATH\.gradle\wrapper\dists\gradle-6.1.1-all\cfmwm155h49vnt3hynmlrsdst\gradle-6.1.1\lib\gradle-launcher-6.1.1.jar
Launcher Type: SUN_STANDARD

Environment Variables:
PATH=C:\Program Files\Microsoft MPI\Bin\;C:\Program Files\Dell\DW WLAN Card;C:\Windows\system32;C:\Windows;C:\Windows\System32\Wbem;C:\Windows\System32\WindowsPowerShell\v1.0\;C:\Program Files\WIDCOMM\Bluetooth Software\;C:\Program Files\WIDCOMM\Bluetooth Software\syswow64;C:\Program Files (x86)\NVIDIA Corporation\PhysX\Common;C:\Program Files\Microsoft SQL Server\Client SDK\ODBC\130\Tools\Binn\;C:\Program Files (x86)\Microsoft SQL Server\140\Tools\Binn\;C:\Program Files\Microsoft SQL Server\140\Tools\Binn\;C:\Program Files\Microsoft SQL Server\140\DTS\Binn\;C:\Program Files (x86)\Microsoft SQL Server\150\DTS\Binn\;C:\Program Files (x86)\Microsoft SQL Server\140\DTS\Binn\;C:\Program Files\NVIDIA Corporation\NVIDIA NvDLISR\;C:\Program Files\Java\jdk13\bin;C:\Program Files\NVIDIA Corporation\NVIDIA NvDLISR;C:\Program Files\Git\cmd;C:\Program Files\MySQL\MySQL Shell 8.0\bin\;C:\Program Files\java\jdk-13.0.2\bin
USERNAME=SHADOWRATH
OS=Windows_NT
PROCESSOR_IDENTIFIER=Intel64 Family 6 Model 61 Stepping 4, GenuineIntel



---------------  S Y S T E M  ---------------

OS: Windows 8.1 , 64 bit Build 9600 (6.3.9600.17415)

CPU:total 4 (initial active 4) (2 cores per cpu, 2 threads per core) family 6 model 61 stepping 4, cmov, cx8, fxsr, mmx, sse, sse2, sse3, ssse3, sse4.1, sse4.2, popcnt, avx, avx2, aes, clmul, erms, 3dnowpref, lzcnt, ht, tsc, tscinvbit, bmi1, bmi2, adx

Memory: 4k page, physical 8297700k(986736k free), swap 11369700k(6768k free)

vm_info: OpenJDK 64-Bit Server VM (25.242-b01) for windows-amd64 JRE (1.8.0_242-release-1644-b01), built by "builder" with MS VC++ 10.0 (VS2010)

time: Fri Aug 07 13:19:21 2020
timezone: Sri Lanka Standard Time
elapsed time: 14 seconds (0d 0h 0m 14s)

