#
# There is insufficient memory for the Java Runtime Environment to continue.
# Native memory allocation (malloc) failed to allocate 131088 bytes for Chunk::new
# Possible reasons:
#   The system is out of physical RAM or swap space
#   The process is running with CompressedOops enabled, and the Java Heap may be blocking the growth of the native heap
# Possible solutions:
#   Reduce memory load on the system
#   Increase physical memory or swap space
#   Check if swap backing store is full
#   Decrease Java heap size (-Xmx/-Xms)
#   Decrease number of Java threads
#   Decrease Java thread stack sizes (-Xss)
#   Set larger code cache with -XX:ReservedCodeCacheSize=
#   JVM is running with Unscaled Compressed Oops mode in which the Java heap is
#     placed in the first 4GB address space. The Java Heap base address is the
#     maximum limit for the native heap growth. Please use -XX:HeapBaseMinAddress
#     to set the Java Heap base and to place the Java Heap above 4GB virtual address.
# This output file may be truncated or incomplete.
#
#  Out of Memory Error (allocation.cpp:389), pid=35424, tid=0x000000000000a074
#
# JRE version: OpenJDK Runtime Environment (8.0_242-b01) (build 1.8.0_242-release-1644-b01)
# Java VM: OpenJDK 64-Bit Server VM (25.242-b01 mixed mode windows-amd64 compressed oops)
# Failed to write core dump. Minidumps are not enabled by default on client versions of Windows
#

---------------  T H R E A D  ---------------

Current thread (0x0000000016c69000):  JavaThread "C2 CompilerThread1" daemon [_thread_in_native, id=41076, stack(0x00000000184e0000,0x00000000185e0000)]

Stack: [0x00000000184e0000,0x00000000185e0000]
[error occurred during error reporting (printing stack bounds), id 0xc0000005]

Native frames: (J=compiled Java code, j=interpreted, Vv=VM code, C=native code)


Current CompileTask:
C2:  32619 3929   !   4       java.util.jar.Attributes::read (380 bytes)


---------------  P R O C E S S  ---------------

Java Threads: ( => current thread )
  0x000000001ed7a800 JavaThread "Cache worker for Build Output Cleanup Cache (C:\Users\SHADOWRATH\AndroidStudioProjects\UsingStrings\.gradle\buildOutputCleanup)" [_thread_blocked, id=7440, stack(0x00000000220b0000,0x00000000221b0000)]
  0x000000001ed77800 JavaThread "Build operations Thread 4" [_thread_blocked, id=32660, stack(0x00000000217b0000,0x00000000218b0000)]
  0x000000001ed78800 JavaThread "Build operations Thread 3" [_thread_blocked, id=73976, stack(0x00000000216b0000,0x00000000217b0000)]
  0x000000001ed75800 JavaThread "Build operations Thread 2" [_thread_blocked, id=31352, stack(0x00000000215b0000,0x00000000216b0000)]
  0x000000001ed74800 JavaThread "Build operations" [_thread_blocked, id=66324, stack(0x0000000020630000,0x0000000020730000)]
  0x000000001aa2f000 JavaThread "Cache worker for execution history cache (C:\Users\SHADOWRATH\.gradle\caches\6.1.1\executionHistory)" [_thread_blocked, id=40804, stack(0x0000000020530000,0x0000000020630000)]
  0x000000001aa32000 JavaThread "Cache worker for cache directory md-rule (C:\Users\SHADOWRATH\.gradle\caches\6.1.1\md-rule)" [_thread_blocked, id=63320, stack(0x0000000020430000,0x0000000020530000)]
  0x000000001aa2e000 JavaThread "Cache worker for cache directory md-supplier (C:\Users\SHADOWRATH\.gradle\caches\6.1.1\md-supplier)" [_thread_blocked, id=57740, stack(0x000000001f290000,0x000000001f390000)]
  0x000000001aa31000 JavaThread "Cache worker for file hash cache (C:\Users\SHADOWRATH\AndroidStudioProjects\UsingStrings\.gradle\6.1.1\fileHashes)" [_thread_blocked, id=75508, stack(0x000000001f080000,0x000000001f180000)]
  0x000000001aa2d800 JavaThread "Cache worker for checksums cache (C:\Users\SHADOWRATH\AndroidStudioProjects\UsingStrings\.gradle\checksums)" [_thread_blocked, id=15736, stack(0x000000001f190000,0x000000001f290000)]
  0x000000001aa2f800 JavaThread "Cache worker for file hash cache (C:\Users\SHADOWRATH\.gradle\caches\6.1.1\fileHashes)" [_thread_blocked, id=29876, stack(0x000000001ca50000,0x000000001cb50000)]
  0x000000001aa30800 JavaThread "File lock request listener" [_thread_in_native, id=46280, stack(0x000000001c950000,0x000000001ca50000)]
  0x000000001a78a800 JavaThread "Cache worker for journal cache (C:\Users\SHADOWRATH\.gradle\caches\journal-1)" [_thread_blocked, id=46468, stack(0x000000001c850000,0x000000001c950000)]
  0x0000000018dc2800 JavaThread "Thread-9" [_thread_blocked, id=14004, stack(0x000000001c550000,0x000000001c650000)]
  0x000000001a751800 JavaThread "Stdin handler" [_thread_blocked, id=54808, stack(0x000000001c450000,0x000000001c550000)]
  0x000000001a8bb800 JavaThread "Asynchronous log dispatcher for DefaultDaemonConnection: socket connection from /127.0.0.1:56234 to /127.0.0.1:56235" [_thread_blocked, id=39336, stack(0x000000001c350000,0x000000001c450000)]
  0x000000001a73f800 JavaThread "Daemon worker" [_thread_in_native, id=27680, stack(0x000000001c250000,0x000000001c350000)]
  0x000000001a737000 JavaThread "Cancel handler" [_thread_blocked, id=21944, stack(0x000000001c150000,0x000000001c250000)]
  0x000000001a70f800 JavaThread "Handler for socket connection from /127.0.0.1:56234 to /127.0.0.1:56235" [_thread_in_native, id=74960, stack(0x000000001be50000,0x000000001bf50000)]
  0x000000001a708000 JavaThread "Daemon" [_thread_blocked, id=53308, stack(0x000000001bd50000,0x000000001be50000)]
  0x000000001a706800 JavaThread "Daemon periodic checks" [_thread_blocked, id=49604, stack(0x000000001bc50000,0x000000001bd50000)]
  0x000000001a691800 JavaThread "Incoming local TCP Connector on port 56234" [_thread_in_native, id=18936, stack(0x000000001ba60000,0x000000001bb60000)]
  0x0000000018d11000 JavaThread "Daemon health stats" [_thread_blocked, id=50856, stack(0x000000001b480000,0x000000001b580000)]
  0x0000000016cbd800 JavaThread "Service Thread" daemon [_thread_blocked, id=18764, stack(0x0000000018ae0000,0x0000000018be0000)]
  0x0000000016c7a800 JavaThread "C1 CompilerThread2" daemon [_thread_blocked, id=38344, stack(0x00000000185e0000,0x00000000186e0000)]
=>0x0000000016c69000 JavaThread "C2 CompilerThread1" daemon [_thread_in_native, id=41076, stack(0x00000000184e0000,0x00000000185e0000)]
  0x0000000016c66800 JavaThread "C2 CompilerThread0" daemon [_thread_in_native, id=55224, stack(0x00000000183e0000,0x00000000184e0000)]
  0x0000000016c64000 JavaThread "Attach Listener" daemon [_thread_blocked, id=10892, stack(0x00000000182e0000,0x00000000183e0000)]
  0x0000000016c63000 JavaThread "Signal Dispatcher" daemon [_thread_blocked, id=53304, stack(0x00000000181e0000,0x00000000182e0000)]
  0x000000000203b800 JavaThread "Finalizer" daemon [_thread_blocked, id=42908, stack(0x0000000017eb0000,0x0000000017fb0000)]
  0x0000000016c49000 JavaThread "Reference Handler" daemon [_thread_blocked, id=44068, stack(0x0000000017db0000,0x0000000017eb0000)]
  0x0000000001f42800 JavaThread "main" [_thread_blocked, id=15272, stack(0x0000000001d40000,0x0000000001e40000)]

Other Threads:
  0x0000000016c25800 VMThread [stack: 0x0000000017cb0000,0x0000000017db0000] [id=21692]
  0x0000000018722800 WatcherThread [stack: 0x0000000018be0000,0x0000000018ce0000] [id=41636]

VM state:not at safepoint (normal execution)

VM Mutex/Monitor currently owned by a thread: None

heap address: 0x0000000080000000, size: 2048 MB, Compressed Oops mode: 32-bit
Narrow klass base: 0x0000000000000000, Narrow klass shift: 3
Compressed class space size: 1073741824 Address: 0x0000000100000000

Heap:
 PSYoungGen      total 139264K, used 116279K [0x00000000d5580000, 0x00000000e3180000, 0x0000000100000000)
  eden space 128000K, 90% used [0x00000000d5580000,0x00000000dc70dc38,0x00000000dd280000)
  from space 11264K, 0% used [0x00000000dd280000,0x00000000dd280000,0x00000000ddd80000)
  to   space 12800K, 0% used [0x00000000e2500000,0x00000000e2500000,0x00000000e3180000)
 ParOldGen       total 59904K, used 17993K [0x0000000080000000, 0x0000000083a80000, 0x00000000d5580000)
  object space 59904K, 30% used [0x0000000080000000,0x0000000081192470,0x0000000083a80000)
 Metaspace       used 44370K, capacity 45820K, committed 46120K, reserved 1089536K
  class space    used 6001K, capacity 6354K, committed 6448K, reserved 1048576K

Card table byte_map: [0x0000000011400000,0x0000000011810000] byte_map_base: 0x0000000011000000

Marking Bits: (ParMarkBitMap*) 0x0000000068bcf030
 Begin Bits: [0x0000000011ec0000, 0x0000000013ec0000)
 End Bits:   [0x0000000013ec0000, 0x0000000015ec0000)

Polling page: 0x0000000000530000

CodeCache: size=245760Kb used=12030Kb max_used=12030Kb free=233729Kb
 bounds [0x0000000002040000, 0x0000000002c10000, 0x0000000011040000]
 total_blobs=4325 nmethods=3582 adapters=656
 compilation: enabled

Compilation events (10 events):
Event: 32.593 Thread 0x0000000016c7a800 3980       3       sun.security.provider.SHA2::implCompress0 (322 bytes)
Event: 32.594 Thread 0x0000000016c66800 3981       4       sun.security.provider.SHA2::lf_sigma0 (20 bytes)
Event: 32.595 Thread 0x0000000016c7a800 nmethod 3980 0x0000000002c01f90 code [0x0000000002c021e0, 0x0000000002c02f90]
Event: 32.595 Thread 0x0000000016c66800 nmethod 3981 0x0000000002c01d90 code [0x0000000002c01ec0, 0x0000000002c01f18]
Event: 32.595 Thread 0x0000000016c7a800 3982       3       sun.security.provider.SHA2::implCompress (13 bytes)
Event: 32.596 Thread 0x0000000016c7a800 nmethod 3982 0x0000000002c01690 code [0x0000000002c01820, 0x0000000002c01ba8]
Event: 32.596 Thread 0x0000000016c7a800 3983       3       sun.security.provider.SHA2::implCompressCheck (15 bytes)
Event: 32.596 Thread 0x0000000016c7a800 nmethod 3983 0x0000000002c06690 code [0x0000000002c06820, 0x0000000002c06af8]
Event: 32.597 Thread 0x0000000016c66800 3984 %     4       sun.security.provider.SHA2::implCompress0 @ 3 (322 bytes)
Event: 32.605 Thread 0x0000000016c7a800 3985       3       sun.security.util.SignatureFileVerifier::updateSigners (132 bytes)

GC Heap History (10 events):
Event: 3.412 GC heap before
{Heap before GC invocations=7 (full 0):
 PSYoungGen      total 75776K, used 9483K [0x00000000d5580000, 0x00000000dac80000, 0x0000000100000000)
  eden space 65536K, 1% used [0x00000000d5580000,0x00000000d5679368,0x00000000d9580000)
  from space 10240K, 82% used [0x00000000da080000,0x00000000da8c9c30,0x00000000daa80000)
  to   space 11264K, 0% used [0x00000000d9580000,0x00000000d9580000,0x00000000da080000)
 ParOldGen       total 87552K, used 7041K [0x0000000080000000, 0x0000000085580000, 0x00000000d5580000)
  object space 87552K, 8% used [0x0000000080000000,0x00000000806e0500,0x0000000085580000)
 Metaspace       used 20632K, capacity 21228K, committed 21296K, reserved 1067008K
  class space    used 2884K, capacity 3084K, committed 3120K, reserved 1048576K
Event: 3.420 GC heap after
Heap after GC invocations=7 (full 0):
 PSYoungGen      total 76800K, used 5250K [0x00000000d5580000, 0x00000000dea80000, 0x0000000100000000)
  eden space 65536K, 0% used [0x00000000d5580000,0x00000000d5580000,0x00000000d9580000)
  from space 11264K, 46% used [0x00000000d9580000,0x00000000d9aa0be8,0x00000000da080000)
  to   space 10752K, 0% used [0x00000000de000000,0x00000000de000000,0x00000000dea80000)
 ParOldGen       total 87552K, used 9321K [0x0000000080000000, 0x0000000085580000, 0x00000000d5580000)
  object space 87552K, 10% used [0x0000000080000000,0x000000008091a570,0x0000000085580000)
 Metaspace       used 20632K, capacity 21228K, committed 21296K, reserved 1067008K
  class space    used 2884K, capacity 3084K, committed 3120K, reserved 1048576K
}
Event: 3.420 GC heap before
{Heap before GC invocations=8 (full 1):
 PSYoungGen      total 76800K, used 5250K [0x00000000d5580000, 0x00000000dea80000, 0x0000000100000000)
  eden space 65536K, 0% used [0x00000000d5580000,0x00000000d5580000,0x00000000d9580000)
  from space 11264K, 46% used [0x00000000d9580000,0x00000000d9aa0be8,0x00000000da080000)
  to   space 10752K, 0% used [0x00000000de000000,0x00000000de000000,0x00000000dea80000)
 ParOldGen       total 87552K, used 9321K [0x0000000080000000, 0x0000000085580000, 0x00000000d5580000)
  object space 87552K, 10% used [0x0000000080000000,0x000000008091a570,0x0000000085580000)
 Metaspace       used 20632K, capacity 21228K, committed 21296K, reserved 1067008K
  class space    used 2884K, capacity 3084K, committed 3120K, reserved 1048576K
Event: 3.457 GC heap after
Heap after GC invocations=8 (full 1):
 PSYoungGen      total 76800K, used 0K [0x00000000d5580000, 0x00000000dea80000, 0x0000000100000000)
  eden space 65536K, 0% used [0x00000000d5580000,0x00000000d5580000,0x00000000d9580000)
  from space 11264K, 0% used [0x00000000d9580000,0x00000000d9580000,0x00000000da080000)
  to   space 10752K, 0% used [0x00000000de000000,0x00000000de000000,0x00000000dea80000)
 ParOldGen       total 47104K, used 8103K [0x0000000080000000, 0x0000000082e00000, 0x00000000d5580000)
  object space 47104K, 17% used [0x0000000080000000,0x00000000807e9f90,0x0000000082e00000)
 Metaspace       used 20632K, capacity 21228K, committed 21296K, reserved 1067008K
  class space    used 2884K, capacity 3084K, committed 3120K, reserved 1048576K
}
Event: 4.399 GC heap before
{Heap before GC invocations=9 (full 1):
 PSYoungGen      total 76800K, used 65391K [0x00000000d5580000, 0x00000000dea80000, 0x0000000100000000)
  eden space 65536K, 99% used [0x00000000d5580000,0x00000000d955bd98,0x00000000d9580000)
  from space 11264K, 0% used [0x00000000d9580000,0x00000000d9580000,0x00000000da080000)
  to   space 10752K, 0% used [0x00000000de000000,0x00000000de000000,0x00000000dea80000)
 ParOldGen       total 47104K, used 8103K [0x0000000080000000, 0x0000000082e00000, 0x00000000d5580000)
  object space 47104K, 17% used [0x0000000080000000,0x00000000807e9f90,0x0000000082e00000)
 Metaspace       used 28263K, capacity 28980K, committed 29232K, reserved 1075200K
  class space    used 3895K, capacity 4127K, committed 4144K, reserved 1048576K
Event: 4.411 GC heap after
Heap after GC invocations=9 (full 1):
 PSYoungGen      total 136704K, used 8682K [0x00000000d5580000, 0x00000000de880000, 0x0000000100000000)
  eden space 128000K, 0% used [0x00000000d5580000,0x00000000d5580000,0x00000000dd280000)
  from space 8704K, 99% used [0x00000000de000000,0x00000000de87a8e8,0x00000000de880000)
  to   space 11264K, 0% used [0x00000000dd280000,0x00000000dd280000,0x00000000ddd80000)
 ParOldGen       total 47104K, used 8111K [0x0000000080000000, 0x0000000082e00000, 0x00000000d5580000)
  object space 47104K, 17% used [0x0000000080000000,0x00000000807ebf90,0x0000000082e00000)
 Metaspace       used 28263K, capacity 28980K, committed 29232K, reserved 1075200K
  class space    used 3895K, capacity 4127K, committed 4144K, reserved 1048576K
}
Event: 10.162 GC heap before
{Heap before GC invocations=10 (full 1):
 PSYoungGen      total 136704K, used 119009K [0x00000000d5580000, 0x00000000de880000, 0x0000000100000000)
  eden space 128000K, 86% used [0x00000000d5580000,0x00000000dc13ddb8,0x00000000dd280000)
  from space 8704K, 99% used [0x00000000de000000,0x00000000de87a8e8,0x00000000de880000)
  to   space 11264K, 0% used [0x00000000dd280000,0x00000000dd280000,0x00000000ddd80000)
 ParOldGen       total 47104K, used 8111K [0x0000000080000000, 0x0000000082e00000, 0x00000000d5580000)
  object space 47104K, 17% used [0x0000000080000000,0x00000000807ebf90,0x0000000082e00000)
 Metaspace       used 34569K, capacity 35398K, committed 35496K, reserved 1079296K
  class space    used 4740K, capacity 4970K, committed 5040K, reserved 1048576K
Event: 10.179 GC heap after
Heap after GC invocations=10 (full 1):
 PSYoungGen      total 139264K, used 11261K [0x00000000d5580000, 0x00000000e3180000, 0x0000000100000000)
  eden space 128000K, 0% used [0x00000000d5580000,0x00000000d5580000,0x00000000dd280000)
  from space 11264K, 99% used [0x00000000dd280000,0x00000000ddd7f648,0x00000000ddd80000)
  to   space 12800K, 0% used [0x00000000e2500000,0x00000000e2500000,0x00000000e3180000)
 ParOldGen       total 47104K, used 8455K [0x0000000080000000, 0x0000000082e00000, 0x00000000d5580000)
  object space 47104K, 17% used [0x0000000080000000,0x0000000080841c20,0x0000000082e00000)
 Metaspace       used 34569K, capacity 35398K, committed 35496K, reserved 1079296K
  class space    used 4740K, capacity 4970K, committed 5040K, reserved 1048576K
}
Event: 10.179 GC heap before
{Heap before GC invocations=11 (full 2):
 PSYoungGen      total 139264K, used 11261K [0x00000000d5580000, 0x00000000e3180000, 0x0000000100000000)
  eden space 128000K, 0% used [0x00000000d5580000,0x00000000d5580000,0x00000000dd280000)
  from space 11264K, 99% used [0x00000000dd280000,0x00000000ddd7f648,0x00000000ddd80000)
  to   space 12800K, 0% used [0x00000000e2500000,0x00000000e2500000,0x00000000e3180000)
 ParOldGen       total 47104K, used 8455K [0x0000000080000000, 0x0000000082e00000, 0x00000000d5580000)
  object space 47104K, 17% used [0x0000000080000000,0x0000000080841c20,0x0000000082e00000)
 Metaspace       used 34569K, capacity 35398K, committed 35496K, reserved 1079296K
  class space    used 4740K, capacity 4970K, committed 5040K, reserved 1048576K
Event: 10.289 GC heap after
Heap after GC invocations=11 (full 2):
 PSYoungGen      total 139264K, used 0K [0x00000000d5580000, 0x00000000e3180000, 0x0000000100000000)
  eden space 128000K, 0% used [0x00000000d5580000,0x00000000d5580000,0x00000000dd280000)
  from space 11264K, 0% used [0x00000000dd280000,0x00000000dd280000,0x00000000ddd80000)
  to   space 12800K, 0% used [0x00000000e2500000,0x00000000e2500000,0x00000000e3180000)
 ParOldGen       total 59904K, used 17993K [0x0000000080000000, 0x0000000083a80000, 0x00000000d5580000)
  object space 59904K, 30% used [0x0000000080000000,0x0000000081192470,0x0000000083a80000)
 Metaspace       used 34569K, capacity 35398K, committed 35496K, reserved 1079296K
  class space    used 4740K, capacity 4970K, committed 5040K, reserved 1048576K
}

Deoptimization events (10 events):
Event: 31.682 Thread 0x000000001a73f800 Uncommon trap: reason=unstable_if action=reinterpret pc=0x0000000002a96b4c method=java.security.CodeSource.hashCode()I @ 4
Event: 32.199 Thread 0x000000001a73f800 Uncommon trap: reason=unstable_if action=reinterpret pc=0x000000000295629c method=org.objectweb.asm.ByteVector.putUTF8(Ljava/lang/String;)Lorg/objectweb/asm/ByteVector; @ 93
Event: 32.491 Thread 0x000000001a73f800 Uncommon trap: reason=unstable_if action=reinterpret pc=0x00000000029b11ac method=java.util.jar.JarFile.maybeInstantiateVerifier()V @ 75
Event: 32.492 Thread 0x000000001a73f800 Uncommon trap: reason=unstable_if action=reinterpret pc=0x0000000002318d88 method=java.util.jar.Manifest$FastInputStream.readLine([BII)I @ 87
Event: 32.503 Thread 0x000000001a73f800 Uncommon trap: reason=unstable_if action=reinterpret pc=0x000000000250f624 method=java.lang.ThreadLocal.get()Ljava/lang/Object; @ 11
Event: 32.530 Thread 0x000000001a73f800 Uncommon trap: reason=speculate_class_check action=maybe_recompile pc=0x0000000002bc3798 method=java.util.HashMap.putVal(ILjava/lang/Object;Ljava/lang/Object;ZZ)Ljava/lang/Object; @ 56
Event: 32.530 Thread 0x000000001a73f800 Uncommon trap: reason=speculate_class_check action=maybe_recompile pc=0x0000000002bc3798 method=java.util.HashMap.putVal(ILjava/lang/Object;Ljava/lang/Object;ZZ)Ljava/lang/Object; @ 56
Event: 32.530 Thread 0x000000001a73f800 Uncommon trap: reason=speculate_class_check action=maybe_recompile pc=0x0000000002bc3798 method=java.util.HashMap.putVal(ILjava/lang/Object;Ljava/lang/Object;ZZ)Ljava/lang/Object; @ 56
Event: 32.530 Thread 0x000000001a73f800 Uncommon trap: reason=speculate_class_check action=maybe_recompile pc=0x0000000002bc3798 method=java.util.HashMap.putVal(ILjava/lang/Object;Ljava/lang/Object;ZZ)Ljava/lang/Object; @ 56
Event: 32.547 Thread 0x000000001a73f800 Uncommon trap: reason=unstable_if action=reinterpret pc=0x000000000257aefc method=java.lang.CharacterDataLatin1.isWhitespace(I)Z @ 14

Classes redefined (0 events):
No events

Internal exceptions (10 events):
Event: 30.479 Thread 0x0000000018dc2800 Exception <a 'java/lang/NoSuchMethodError': <clinit>> (0x00000000d7f2eb30) thrown at [C:\src\AOSP-openjdk-git\hotspot\src\share\vm\prims\jni.cpp, line 1615]
Event: 30.480 Thread 0x0000000018dc2800 Exception <a 'java/lang/NoSuchMethodError': <clinit>> (0x00000000d7f39a50) thrown at [C:\src\AOSP-openjdk-git\hotspot\src\share\vm\prims\jni.cpp, line 1615]
Event: 30.484 Thread 0x0000000018dc2800 Exception <a 'java/lang/NoSuchMethodError': <clinit>> (0x00000000d7f4ce58) thrown at [C:\src\AOSP-openjdk-git\hotspot\src\share\vm\prims\jni.cpp, line 1615]
Event: 31.473 Thread 0x000000001a73f800 Exception <a 'java/lang/ClassNotFoundException': build_2ch7icy6qjolx38d5pk7ssjb4BeanInfo> (0x00000000d7f91e10) thrown at [C:\src\AOSP-openjdk-git\hotspot\src\share\vm\classfile\systemDictionary.cpp, line 210]
Event: 31.474 Thread 0x000000001a73f800 Exception <a 'java/lang/ClassNotFoundException': build_2ch7icy6qjolx38d5pk7ssjb4Customizer> (0x00000000d7f9f020) thrown at [C:\src\AOSP-openjdk-git\hotspot\src\share\vm\classfile\systemDictionary.cpp, line 210]
Event: 31.480 Thread 0x000000001a73f800 Exception <a 'java/lang/ClassNotFoundException': org/gradle/api/internal/plugins/DefaultObjectConfigurationActionBeanInfo> (0x00000000d8019cb8) thrown at [C:\src\AOSP-openjdk-git\hotspot\src\share\vm\classfile\systemDictionary.cpp, line 210]
Event: 31.481 Thread 0x000000001a73f800 Exception <a 'java/lang/ClassNotFoundException': org/gradle/api/internal/plugins/DefaultObjectConfigurationActionCustomizer> (0x00000000d805ee88) thrown at [C:\src\AOSP-openjdk-git\hotspot\src\share\vm\classfile\systemDictionary.cpp, line 210]
Event: 31.682 Thread 0x000000001a73f800 Implicit null exception at 0x0000000002ac45ad to 0x0000000002ac5589
Event: 31.682 Thread 0x000000001a73f800 Implicit null exception at 0x0000000002a96855 to 0x0000000002a96b3d
Event: 32.503 Thread 0x000000001a73f800 Implicit null exception at 0x000000000250f0e8 to 0x000000000250f60d

Events (10 events):
Event: 32.604 loading class java/util/Base64$Decoder
Event: 32.604 loading class java/util/Base64$Decoder done
Event: 32.604 loading class java/util/Base64$Encoder
Event: 32.604 loading class java/util/Base64$Encoder done
Event: 32.604 loading class sun/nio/cs/ISO_8859_1$Encoder
Event: 32.604 loading class sun/nio/cs/ISO_8859_1$Encoder done
Event: 32.604 loading class sun/nio/cs/Surrogate$Parser
Event: 32.605 loading class sun/nio/cs/Surrogate$Parser done
Event: 32.605 loading class sun/nio/cs/Surrogate
Event: 32.605 loading class sun/nio/cs/Surrogate done


Dynamic libraries:
0x00007ff7aa910000 - 0x00007ff7aa941000 	C:\Program Files\Android\Android Studio\jre\bin\java.exe
0x00007ffb254b0000 - 0x00007ffb2565d000 	C:\Windows\SYSTEM32\ntdll.dll
0x00007ffb22b30000 - 0x00007ffb22c6e000 	C:\Windows\system32\KERNEL32.DLL
0x00007ffb22960000 - 0x00007ffb22a75000 	C:\Windows\system32\KERNELBASE.dll
0x00007ffb24980000 - 0x00007ffb24a2a000 	C:\Windows\system32\ADVAPI32.dll
0x00007ffb22c70000 - 0x00007ffb22de7000 	C:\Windows\system32\USER32.dll
0x00007ffb206a0000 - 0x00007ffb2091a000 	C:\Windows\WinSxS\amd64_microsoft.windows.common-controls_6595b64144ccf1df_6.0.9600.17810_none_6240b9c7ecbd0bda\COMCTL32.dll
0x00007ffb233a0000 - 0x00007ffb2344a000 	C:\Windows\system32\msvcrt.dll
0x00007ffb24d70000 - 0x00007ffb24dc9000 	C:\Windows\SYSTEM32\sechost.dll
0x00007ffb24e10000 - 0x00007ffb24f51000 	C:\Windows\system32\RPCRT4.dll
0x00007ffb23250000 - 0x00007ffb2339b000 	C:\Windows\system32\GDI32.dll
0x00007ffb24dd0000 - 0x00007ffb24e06000 	C:\Windows\system32\IMM32.DLL
0x00007ffb23080000 - 0x00007ffb231d2000 	C:\Windows\system32\MSCTF.dll
0x00007ffb21850000 - 0x00007ffb21882000 	C:\Windows\SYSTEM32\ntmarta.dll
0x00007ffb223c0000 - 0x00007ffb223ee000 	C:\Windows\SYSTEM32\SspiCli.dll
0x0000000068320000 - 0x00000000683f2000 	C:\Program Files\Android\Android Studio\jre\jre\bin\msvcr100.dll
0x0000000068400000 - 0x0000000068c4b000 	C:\Program Files\Android\Android Studio\jre\jre\bin\server\jvm.dll
0x00007ffb15780000 - 0x00007ffb15789000 	C:\Windows\SYSTEM32\WSOCK32.dll
0x00007ffb1e860000 - 0x00007ffb1e882000 	C:\Windows\SYSTEM32\WINMM.dll
0x00007ffb1e820000 - 0x00007ffb1e82a000 	C:\Windows\SYSTEM32\VERSION.dll
0x00007ffb25100000 - 0x00007ffb25107000 	C:\Windows\system32\PSAPI.DLL
0x00007ffb24c40000 - 0x00007ffb24c9a000 	C:\Windows\system32\WS2_32.dll
0x00007ffb1e830000 - 0x00007ffb1e85a000 	C:\Windows\SYSTEM32\WINMMBASE.dll
0x00007ffb252b0000 - 0x00007ffb252b9000 	C:\Windows\system32\NSI.dll
0x00007ffb22910000 - 0x00007ffb2295f000 	C:\Windows\SYSTEM32\cfgmgr32.dll
0x00007ffb213a0000 - 0x00007ffb213c8000 	C:\Windows\SYSTEM32\DEVOBJ.dll
0x00007ffb204f0000 - 0x00007ffb204ff000 	C:\Program Files\Android\Android Studio\jre\jre\bin\verify.dll
0x00007ffb15bd0000 - 0x00007ffb15bf9000 	C:\Program Files\Android\Android Studio\jre\jre\bin\java.dll
0x00007ffb1c0f0000 - 0x00007ffb1c106000 	C:\Program Files\Android\Android Studio\jre\jre\bin\zip.dll
0x00007ffb23450000 - 0x00007ffb24979000 	C:\Windows\system32\SHELL32.dll
0x00007ffb22df0000 - 0x00007ffb23002000 	C:\Windows\SYSTEM32\combase.dll
0x00007ffb24a30000 - 0x00007ffb24a84000 	C:\Windows\system32\SHLWAPI.dll
0x00007ffb20b20000 - 0x00007ffb20bd2000 	C:\Windows\SYSTEM32\SHCORE.dll
0x00007ffb22600000 - 0x00007ffb22615000 	C:\Windows\SYSTEM32\profapi.dll
0x00007ffb1b190000 - 0x00007ffb1b1aa000 	C:\Program Files\Android\Android Studio\jre\jre\bin\net.dll
0x00007ffb21e00000 - 0x00007ffb21e59000 	C:\Windows\system32\mswsock.dll
0x00007ffb16bf0000 - 0x00007ffb16c03000 	C:\Program Files\Android\Android Studio\jre\jre\bin\nio.dll
0x00007ffb0ffd0000 - 0x00007ffb0fff6000 	C:\Users\SHADOWRATH\.gradle\native\31\windows-amd64\native-platform.dll
0x00007ffb1d6d0000 - 0x00007ffb1d6dd000 	C:\Program Files\Android\Android Studio\jre\jre\bin\management.dll
0x00007ffb21e60000 - 0x00007ffb21e80000 	C:\Windows\SYSTEM32\CRYPTSP.dll
0x00007ffb21a80000 - 0x00007ffb21ab6000 	C:\Windows\system32\rsaenh.dll
0x00007ffb220b0000 - 0x00007ffb220d6000 	C:\Windows\SYSTEM32\bcrypt.dll
0x00007ffb21b90000 - 0x00007ffb21bb1000 	C:\Windows\SYSTEM32\USERENV.dll
0x00007ffb22400000 - 0x00007ffb22463000 	C:\Windows\system32\bcryptprimitives.dll
0x00007ffb22470000 - 0x00007ffb2247b000 	C:\Windows\SYSTEM32\CRYPTBASE.dll
0x00007ffb1e5d0000 - 0x00007ffb1e5fa000 	C:\Windows\SYSTEM32\IPHLPAPI.DLL
0x00007ffb1e5c0000 - 0x00007ffb1e5ca000 	C:\Windows\SYSTEM32\WINNSI.DLL
0x00007ffb1b360000 - 0x00007ffb1b376000 	C:\Windows\SYSTEM32\dhcpcsvc6.DLL
0x00007ffb1b340000 - 0x00007ffb1b35a000 	C:\Windows\SYSTEM32\dhcpcsvc.DLL

VM Arguments:
jvm_args: -Xmx2048m -Dfile.encoding=windows-1252 -Duser.country=US -Duser.language=en -Duser.variant 
java_command: org.gradle.launcher.daemon.bootstrap.GradleDaemon 6.1.1
java_class_path (initial): C:\Users\SHADOWRATH\.gradle\wrapper\dists\gradle-6.1.1-all\cfmwm155h49vnt3hynmlrsdst\gradle-6.1.1\lib\gradle-launcher-6.1.1.jar
Launcher Type: SUN_STANDARD

Environment Variables:
PATH=C:\Program Files\Microsoft MPI\Bin\;C:\Program Files\Dell\DW WLAN Card;C:\Windows\system32;C:\Windows;C:\Windows\System32\Wbem;C:\Windows\System32\WindowsPowerShell\v1.0\;C:\Program Files\WIDCOMM\Bluetooth Software\;C:\Program Files\WIDCOMM\Bluetooth Software\syswow64;C:\Program Files (x86)\NVIDIA Corporation\PhysX\Common;C:\Program Files\Microsoft SQL Server\Client SDK\ODBC\130\Tools\Binn\;C:\Program Files (x86)\Microsoft SQL Server\140\Tools\Binn\;C:\Program Files\Microsoft SQL Server\140\Tools\Binn\;C:\Program Files\Microsoft SQL Server\140\DTS\Binn\;C:\Program Files (x86)\Microsoft SQL Server\150\DTS\Binn\;C:\Program Files (x86)\Microsoft SQL Server\140\DTS\Binn\;C:\Program Files\NVIDIA Corporation\NVIDIA NvDLISR\;C:\Program Files\Java\jdk13\bin;C:\Program Files\NVIDIA Corporation\NVIDIA NvDLISR;C:\Program Files\Git\cmd;C:\Program Files\MySQL\MySQL Shell 8.0\bin\;C:\Program Files\java\jdk-13.0.2\bin
USERNAME=SHADOWRATH
OS=Windows_NT
PROCESSOR_IDENTIFIER=Intel64 Family 6 Model 61 Stepping 4, GenuineIntel



---------------  S Y S T E M  ---------------

OS: Windows 8.1 , 64 bit Build 9600 (6.3.9600.17415)

CPU:total 4 (initial active 4) (2 cores per cpu, 2 threads per core) family 6 model 61 stepping 4, cmov, cx8, fxsr, mmx, sse, sse2, sse3, ssse3, sse4.1, sse4.2, popcnt, avx, avx2, aes, clmul, erms, 3dnowpref, lzcnt, ht, tsc, tscinvbit, bmi1, bmi2, adx

Memory: 4k page, physical 8297700k(917536k free), swap 11369700k(14688k free)

vm_info: OpenJDK 64-Bit Server VM (25.242-b01) for windows-amd64 JRE (1.8.0_242-release-1644-b01), built by "builder" with MS VC++ 10.0 (VS2010)

time: Fri Aug 07 13:09:09 2020
timezone: Sri Lanka Standard Time
elapsed time: 32 seconds (0d 0h 0m 32s)

