#
# There is insufficient memory for the Java Runtime Environment to continue.
# Native memory allocation (malloc) failed to allocate 1990928 bytes for Chunk::new
# Possible reasons:
#   The system is out of physical RAM or swap space
#   The process is running with CompressedOops enabled, and the Java Heap may be blocking the growth of the native heap
# Possible solutions:
#   Reduce memory load on the system
#   Increase physical memory or swap space
#   Check if swap backing store is full
#   Decrease Java heap size (-Xmx/-Xms)
#   Decrease number of Java threads
#   Decrease Java thread stack sizes (-Xss)
#   Set larger code cache with -XX:ReservedCodeCacheSize=
#   JVM is running with Unscaled Compressed Oops mode in which the Java heap is
#     placed in the first 4GB address space. The Java Heap base address is the
#     maximum limit for the native heap growth. Please use -XX:HeapBaseMinAddress
#     to set the Java Heap base and to place the Java Heap above 4GB virtual address.
# This output file may be truncated or incomplete.
#
#  Out of Memory Error (allocation.cpp:389), pid=29752, tid=0x0000000000004a34
#
# JRE version: OpenJDK Runtime Environment (8.0_242-b01) (build 1.8.0_242-release-1644-b01)
# Java VM: OpenJDK 64-Bit Server VM (25.242-b01 mixed mode windows-amd64 compressed oops)
# Failed to write core dump. Minidumps are not enabled by default on client versions of Windows
#

---------------  T H R E A D  ---------------

Current thread (0x0000000016fc6800):  JavaThread "C2 CompilerThread0" daemon [_thread_in_native, id=18996, stack(0x0000000018760000,0x0000000018860000)]

Stack: [0x0000000018760000,0x0000000018860000]
[error occurred during error reporting (printing stack bounds), id 0xc0000005]

Native frames: (J=compiled Java code, j=interpreted, Vv=VM code, C=native code)


Current CompileTask:
C2:3056234 15897 % !   4       com.android.tools.r8.dex.r::b @ 460 (2682 bytes)


---------------  P R O C E S S  ---------------

Java Threads: ( => current thread )
  0x000000001fa52000 JavaThread "WorkerExecutor Queue Thread 5" [_thread_blocked, id=44492, stack(0x00000000258a0000,0x00000000259a0000)]
  0x000000001fa59000 JavaThread "WorkerExecutor Queue Thread 4" [_thread_blocked, id=37916, stack(0x00000000273e0000,0x00000000274e0000)]
  0x000000001fa59800 JavaThread "WorkerExecutor Queue Thread 3" [_thread_in_native, id=26960, stack(0x0000000026bc0000,0x0000000026cc0000)]
  0x000000001fa5a800 JavaThread "Cache worker for Java compile cache (C:\Users\SHADOWRATH\AndroidStudioProjects\UsingStrings\.gradle\6.1.1\javaCompile)" [_thread_blocked, id=25980, stack(0x0000000020830000,0x0000000020930000)]
  0x000000001fa53000 JavaThread "stdout" [_thread_in_native, id=50236, stack(0x00000000257a0000,0x00000000258a0000)]
  0x000000001fa55000 JavaThread "stderr" [_thread_in_native, id=34820, stack(0x00000000256a0000,0x00000000257a0000)]
  0x000000001fa4e800 JavaThread "pool-6-thread-1" [_thread_blocked, id=25984, stack(0x00000000255a0000,0x00000000256a0000)]
  0x000000001fa51800 JavaThread "WorkerExecutor Queue" [_thread_blocked, id=67032, stack(0x00000000254a0000,0x00000000255a0000)]
  0x000000001fa50000 JavaThread "Cache worker for execution history cache (C:\Users\SHADOWRATH\AndroidStudioProjects\UsingStrings\.gradle\6.1.1\executionHistory)" [_thread_blocked, id=21992, stack(0x00000000253a0000,0x00000000254a0000)]
  0x000000001fa4c000 JavaThread "Execution worker for ':' Thread 3" [_thread_blocked, id=13304, stack(0x00000000250a0000,0x00000000251a0000)]
  0x000000001fa4d800 JavaThread "Execution worker for ':' Thread 2" [_thread_blocked, id=76852, stack(0x0000000024fa0000,0x00000000250a0000)]
  0x0000000019fc7800 JavaThread "Execution worker for ':'" [_thread_blocked, id=6376, stack(0x0000000024ea0000,0x0000000024fa0000)]
  0x0000000019fc3000 JavaThread "Cache worker for file content cache (C:\Users\SHADOWRATH\AndroidStudioProjects\UsingStrings\.gradle\6.1.1\fileContent)" [_thread_blocked, id=14960, stack(0x00000000249a0000,0x0000000024aa0000)]
  0x0000000019fc6000 JavaThread "Cache worker for Build Output Cleanup Cache (C:\Users\SHADOWRATH\AndroidStudioProjects\UsingStrings\.gradle\buildOutputCleanup)" [_thread_blocked, id=19804, stack(0x00000000246a0000,0x00000000247a0000)]
  0x0000000019fc2000 JavaThread "Build operations Thread 4" [_thread_blocked, id=2216, stack(0x0000000022f30000,0x0000000023030000)]
  0x0000000019fc3800 JavaThread "Build operations Thread 3" [_thread_blocked, id=22232, stack(0x0000000022330000,0x0000000022430000)]
  0x0000000019fc5000 JavaThread "Build operations Thread 2" [_thread_blocked, id=28872, stack(0x0000000021c30000,0x0000000021d30000)]
  0x0000000019fc4800 JavaThread "Build operations" [_thread_blocked, id=21816, stack(0x0000000021b30000,0x0000000021c30000)]
  0x0000000019fc0800 JavaThread "Cache worker for cache directory md-rule (C:\Users\SHADOWRATH\.gradle\caches\6.1.1\md-rule)" [_thread_blocked, id=26924, stack(0x0000000021a30000,0x0000000021b30000)]
  0x0000000019fc0000 JavaThread "Cache worker for cache directory md-supplier (C:\Users\SHADOWRATH\.gradle\caches\6.1.1\md-supplier)" [_thread_blocked, id=72692, stack(0x0000000021930000,0x0000000021a30000)]
  0x0000000019fc1800 JavaThread "Cache worker for file hash cache (C:\Users\SHADOWRATH\AndroidStudioProjects\UsingStrings\.gradle\6.1.1\fileHashes)" [_thread_blocked, id=36940, stack(0x0000000021630000,0x0000000021730000)]
  0x0000000019fbf000 JavaThread "Cache worker for checksums cache (C:\Users\SHADOWRATH\AndroidStudioProjects\UsingStrings\.gradle\checksums)" [_thread_blocked, id=30668, stack(0x0000000021530000,0x0000000021630000)]
  0x0000000019fba800 JavaThread "Thread-63" [_thread_blocked, id=36088, stack(0x0000000020930000,0x0000000020a30000)]
  0x0000000019fba000 JavaThread "Asynchronous log dispatcher for DefaultDaemonConnection: socket connection from /127.0.0.1:54945 to /127.0.0.1:55654" [_thread_blocked, id=64416, stack(0x000000001c6d0000,0x000000001c7d0000)]
  0x0000000019fbc000 JavaThread "Daemon worker Thread 3" [_thread_blocked, id=61192, stack(0x000000001c5d0000,0x000000001c6d0000)]
  0x0000000019fbd000 JavaThread "Cancel handler" [_thread_blocked, id=56968, stack(0x000000001c4d0000,0x000000001c5d0000)]
  0x0000000019fb9000 JavaThread "Handler for socket connection from /127.0.0.1:54945 to /127.0.0.1:55654" [_thread_in_native, id=2616, stack(0x000000001c1d0000,0x000000001c2d0000)]
  0x0000000019fbb800 JavaThread "Daemon Thread 3" [_thread_blocked, id=73752, stack(0x000000001c0d0000,0x000000001c1d0000)]
  0x000000001fa4f000 JavaThread "Cache worker for Java compile cache (C:\Users\SHADOWRATH\.gradle\caches\6.1.1\javaCompile)" [_thread_blocked, id=58108, stack(0x000000001c8d0000,0x000000001c9d0000)]
  0x000000001de18800 JavaThread "Cache worker for file content cache (C:\Users\SHADOWRATH\.gradle\caches\6.1.1\fileContent)" [_thread_blocked, id=50384, stack(0x0000000022e30000,0x0000000022f30000)]
  0x000000001de17800 JavaThread "Memory manager" [_thread_blocked, id=27744, stack(0x000000001c7d0000,0x000000001c8d0000)]
  0x0000000018a64000 JavaThread "Cache worker for execution history cache (C:\Users\SHADOWRATH\.gradle\caches\6.1.1\executionHistory)" [_thread_blocked, id=40352, stack(0x0000000020a30000,0x0000000020b30000)]
  0x0000000018a63800 JavaThread "Cache worker for file hash cache (C:\Users\SHADOWRATH\.gradle\caches\6.1.1\fileHashes)" [_thread_blocked, id=50248, stack(0x000000001cdd0000,0x000000001ced0000)]
  0x0000000018a62000 JavaThread "File lock request listener" [_thread_in_native, id=58832, stack(0x000000001ccd0000,0x000000001cdd0000)]
  0x0000000019cf7000 JavaThread "Cache worker for journal cache (C:\Users\SHADOWRATH\.gradle\caches\journal-1)" [_thread_blocked, id=28268, stack(0x000000001cbd0000,0x000000001ccd0000)]
  0x000000001a9c1800 JavaThread "Daemon periodic checks" [_thread_blocked, id=51068, stack(0x000000001bfd0000,0x000000001c0d0000)]
  0x000000001a969000 JavaThread "Incoming local TCP Connector on port 54945" [_thread_in_native, id=6664, stack(0x000000001bde0000,0x000000001bee0000)]
  0x0000000018b72000 JavaThread "Daemon health stats" [_thread_blocked, id=66884, stack(0x000000001b800000,0x000000001b900000)]
  0x000000001701a000 JavaThread "Service Thread" daemon [_thread_blocked, id=32488, stack(0x0000000018e60000,0x0000000018f60000)]
  0x0000000016fd7000 JavaThread "C1 CompilerThread2" daemon [_thread_blocked, id=37524, stack(0x0000000018960000,0x0000000018a60000)]
  0x0000000016fcc000 JavaThread "C2 CompilerThread1" daemon [_thread_blocked, id=7672, stack(0x0000000018860000,0x0000000018960000)]
=>0x0000000016fc6800 JavaThread "C2 CompilerThread0" daemon [_thread_in_native, id=18996, stack(0x0000000018760000,0x0000000018860000)]
  0x0000000016fc4000 JavaThread "Attach Listener" daemon [_thread_blocked, id=43940, stack(0x0000000018660000,0x0000000018760000)]
  0x0000000016fc3000 JavaThread "Signal Dispatcher" daemon [_thread_blocked, id=13476, stack(0x0000000018560000,0x0000000018660000)]
  0x000000000239b800 JavaThread "Finalizer" daemon [_thread_blocked, id=62112, stack(0x0000000018230000,0x0000000018330000)]
  0x0000000016fa9000 JavaThread "Reference Handler" daemon [_thread_blocked, id=30952, stack(0x0000000018130000,0x0000000018230000)]
  0x00000000022a2800 JavaThread "main" [_thread_blocked, id=33560, stack(0x0000000002120000,0x0000000002220000)]

Other Threads:
  0x0000000016f85800 VMThread [stack: 0x0000000018030000,0x0000000018130000] [id=13876]
  0x000000001701a800 WatcherThread [stack: 0x0000000018f60000,0x0000000019060000] [id=39628]

VM state:not at safepoint (normal execution)

VM Mutex/Monitor currently owned by a thread: None

heap address: 0x0000000080000000, size: 2048 MB, Compressed Oops mode: 32-bit
Narrow klass base: 0x0000000000000000, Narrow klass shift: 3
Compressed class space size: 1073741824 Address: 0x0000000100000000

Heap:
 PSYoungGen      total 614400K, used 495960K [0x00000000d5580000, 0x00000000fd100000, 0x0000000100000000)
  eden space 582144K, 85% used [0x00000000d5580000,0x00000000f39d6178,0x00000000f8e00000)
  from space 32256K, 0% used [0x00000000f8e00000,0x00000000f8e00000,0x00000000fad80000)
  to   space 31232K, 0% used [0x00000000fb280000,0x00000000fb280000,0x00000000fd100000)
 ParOldGen       total 142848K, used 51410K [0x0000000080000000, 0x0000000088b80000, 0x00000000d5580000)
  object space 142848K, 35% used [0x0000000080000000,0x0000000083234950,0x0000000088b80000)
 Metaspace       used 89775K, capacity 94248K, committed 94504K, reserved 1132544K
  class space    used 11896K, capacity 12755K, committed 12848K, reserved 1048576K

Card table byte_map: [0x0000000011760000,0x0000000011b70000] byte_map_base: 0x0000000011360000

Marking Bits: (ParMarkBitMap*) 0x0000000068bcf030
 Begin Bits: [0x0000000012220000, 0x0000000014220000)
 End Bits:   [0x0000000014220000, 0x0000000016220000)

Polling page: 0x0000000000900000

CodeCache: size=245760Kb used=43692Kb max_used=44041Kb free=202067Kb
 bounds [0x00000000023a0000, 0x0000000004ee0000, 0x00000000113a0000]
 total_blobs=14091 nmethods=13214 adapters=788
 compilation: enabled

Compilation events (10 events):
Event: 3055.573 Thread 0x0000000016fd7000 15960       3       com.sun.org.apache.xerces.internal.impl.XMLEntityManager$RewindableInputStream::read (168 bytes)
Event: 3055.573 Thread 0x0000000016fd7000 nmethod 15960 0x0000000002812590 code [0x0000000002812740, 0x0000000002812de8]
Event: 3055.574 Thread 0x0000000016fcc000 15961       4       java.io.File::exists (43 bytes)
Event: 3055.578 Thread 0x0000000016fcc000 nmethod 15961 0x000000000310bb10 code [0x000000000310bc60, 0x000000000310be68]
Event: 3055.578 Thread 0x0000000016fd7000 15962       3       org.gradle.api.internal.file.CompositeFileCollection::getFiles (96 bytes)
Event: 3055.579 Thread 0x0000000016fd7000 nmethod 15962 0x0000000003113290 code [0x00000000031134e0, 0x0000000003114288]
Event: 3055.579 Thread 0x0000000016fd7000 15963       3       java.io.ObjectOutputStream$BlockDataOutputStream::writeBytes (144 bytes)
Event: 3055.579 Thread 0x0000000016fcc000 15964       4       java.io.ObjectOutputStream$BlockDataOutputStream::writeByte (33 bytes)
Event: 3055.579 Thread 0x0000000016fd7000 nmethod 15963 0x0000000002581f90 code [0x0000000002582160, 0x00000000025828b8]
Event: 3055.580 Thread 0x0000000016fcc000 nmethod 15964 0x000000000322c710 code [0x000000000322c860, 0x000000000322c948]

GC Heap History (10 events):
Event: 70.832 GC heap before
{Heap before GC invocations=11 (full 2):
 PSYoungGen      total 434688K, used 23859K [0x00000000d5580000, 0x00000000f1e80000, 0x0000000100000000)
  eden space 419328K, 2% used [0x00000000d5580000,0x00000000d5dcdc10,0x00000000eef00000)
  from space 15360K, 99% used [0x00000000f0680000,0x00000000f157f300,0x00000000f1580000)
  to   space 24064K, 0% used [0x00000000eef00000,0x00000000eef00000,0x00000000f0680000)
 ParOldGen       total 74240K, used 29966K [0x0000000080000000, 0x0000000084880000, 0x00000000d5580000)
  object space 74240K, 40% used [0x0000000080000000,0x0000000081d43838,0x0000000084880000)
 Metaspace       used 57071K, capacity 59048K, committed 59160K, reserved 1099776K
  class space    used 7823K, capacity 8281K, committed 8368K, reserved 1048576K
Event: 70.850 GC heap after
Heap after GC invocations=11 (full 2):
 PSYoungGen      total 443392K, used 15688K [0x00000000d5580000, 0x00000000fcd00000, 0x0000000100000000)
  eden space 419328K, 0% used [0x00000000d5580000,0x00000000d5580000,0x00000000eef00000)
  from space 24064K, 65% used [0x00000000eef00000,0x00000000efe522f0,0x00000000f0680000)
  to   space 24576K, 0% used [0x00000000fb500000,0x00000000fb500000,0x00000000fcd00000)
 ParOldGen       total 74240K, used 29974K [0x0000000080000000, 0x0000000084880000, 0x00000000d5580000)
  object space 74240K, 40% used [0x0000000080000000,0x0000000081d45838,0x0000000084880000)
 Metaspace       used 57071K, capacity 59048K, committed 59160K, reserved 1099776K
  class space    used 7823K, capacity 8281K, committed 8368K, reserved 1048576K
}
Event: 70.850 GC heap before
{Heap before GC invocations=12 (full 3):
 PSYoungGen      total 443392K, used 15688K [0x00000000d5580000, 0x00000000fcd00000, 0x0000000100000000)
  eden space 419328K, 0% used [0x00000000d5580000,0x00000000d5580000,0x00000000eef00000)
  from space 24064K, 65% used [0x00000000eef00000,0x00000000efe522f0,0x00000000f0680000)
  to   space 24576K, 0% used [0x00000000fb500000,0x00000000fb500000,0x00000000fcd00000)
 ParOldGen       total 74240K, used 29974K [0x0000000080000000, 0x0000000084880000, 0x00000000d5580000)
  object space 74240K, 40% used [0x0000000080000000,0x0000000081d45838,0x0000000084880000)
 Metaspace       used 57071K, capacity 59048K, committed 59160K, reserved 1099776K
  class space    used 7823K, capacity 8281K, committed 8368K, reserved 1048576K
Event: 71.073 GC heap after
Heap after GC invocations=12 (full 3):
 PSYoungGen      total 443392K, used 0K [0x00000000d5580000, 0x00000000fcd00000, 0x0000000100000000)
  eden space 419328K, 0% used [0x00000000d5580000,0x00000000d5580000,0x00000000eef00000)
  from space 24064K, 0% used [0x00000000eef00000,0x00000000eef00000,0x00000000f0680000)
  to   space 24576K, 0% used [0x00000000fb500000,0x00000000fb500000,0x00000000fcd00000)
 ParOldGen       total 102400K, used 27868K [0x0000000080000000, 0x0000000086400000, 0x00000000d5580000)
  object space 102400K, 27% used [0x0000000080000000,0x0000000081b37240,0x0000000086400000)
 Metaspace       used 57062K, capacity 59018K, committed 59160K, reserved 1099776K
  class space    used 7820K, capacity 8276K, committed 8368K, reserved 1048576K
}
Event: 1043.902 GC heap before
{Heap before GC invocations=13 (full 3):
 PSYoungGen      total 443392K, used 419328K [0x00000000d5580000, 0x00000000fcd00000, 0x0000000100000000)
  eden space 419328K, 100% used [0x00000000d5580000,0x00000000eef00000,0x00000000eef00000)
  from space 24064K, 0% used [0x00000000eef00000,0x00000000eef00000,0x00000000f0680000)
  to   space 24576K, 0% used [0x00000000fb500000,0x00000000fb500000,0x00000000fcd00000)
 ParOldGen       total 102400K, used 27868K [0x0000000080000000, 0x0000000086400000, 0x00000000d5580000)
  object space 102400K, 27% used [0x0000000080000000,0x0000000081b37240,0x0000000086400000)
 Metaspace       used 71948K, capacity 75098K, committed 75304K, reserved 1114112K
  class space    used 9628K, capacity 10262K, committed 10288K, reserved 1048576K
Event: 1043.990 GC heap after
Heap after GC invocations=13 (full 3):
 PSYoungGen      total 425984K, used 24572K [0x00000000d5580000, 0x00000000fcd00000, 0x0000000100000000)
  eden space 401408K, 0% used [0x00000000d5580000,0x00000000d5580000,0x00000000edd80000)
  from space 24576K, 99% used [0x00000000fb500000,0x00000000fccff060,0x00000000fcd00000)
  to   space 32256K, 0% used [0x00000000f8e00000,0x00000000f8e00000,0x00000000fad80000)
 ParOldGen       total 102400K, used 39003K [0x0000000080000000, 0x0000000086400000, 0x00000000d5580000)
  object space 102400K, 38% used [0x0000000080000000,0x0000000082616d28,0x0000000086400000)
 Metaspace       used 71948K, capacity 75098K, committed 75304K, reserved 1114112K
  class space    used 9628K, capacity 10262K, committed 10288K, reserved 1048576K
}
Event: 1310.173 GC heap before
{Heap before GC invocations=14 (full 3):
 PSYoungGen      total 425984K, used 168014K [0x00000000d5580000, 0x00000000fcd00000, 0x0000000100000000)
  eden space 401408K, 35% used [0x00000000d5580000,0x00000000de194a68,0x00000000edd80000)
  from space 24576K, 99% used [0x00000000fb500000,0x00000000fccff060,0x00000000fcd00000)
  to   space 32256K, 0% used [0x00000000f8e00000,0x00000000f8e00000,0x00000000fad80000)
 ParOldGen       total 102400K, used 39003K [0x0000000080000000, 0x0000000086400000, 0x00000000d5580000)
  object space 102400K, 38% used [0x0000000080000000,0x0000000082616d28,0x0000000086400000)
 Metaspace       used 80583K, capacity 84036K, committed 84136K, reserved 1126400K
  class space    used 10735K, capacity 11397K, committed 11440K, reserved 1048576K
Event: 1321.996 GC heap after
Heap after GC invocations=14 (full 3):
 PSYoungGen      total 614400K, used 10626K [0x00000000d5580000, 0x00000000fd100000, 0x0000000100000000)
  eden space 582144K, 0% used [0x00000000d5580000,0x00000000d5580000,0x00000000f8e00000)
  from space 32256K, 32% used [0x00000000f8e00000,0x00000000f9860be8,0x00000000fad80000)
  to   space 31232K, 0% used [0x00000000fb280000,0x00000000fb280000,0x00000000fd100000)
 ParOldGen       total 102400K, used 60642K [0x0000000080000000, 0x0000000086400000, 0x00000000d5580000)
  object space 102400K, 59% used [0x0000000080000000,0x0000000083b38a08,0x0000000086400000)
 Metaspace       used 80583K, capacity 84036K, committed 84136K, reserved 1126400K
  class space    used 10735K, capacity 11397K, committed 11440K, reserved 1048576K
}
Event: 1321.996 GC heap before
{Heap before GC invocations=15 (full 4):
 PSYoungGen      total 614400K, used 10626K [0x00000000d5580000, 0x00000000fd100000, 0x0000000100000000)
  eden space 582144K, 0% used [0x00000000d5580000,0x00000000d5580000,0x00000000f8e00000)
  from space 32256K, 32% used [0x00000000f8e00000,0x00000000f9860be8,0x00000000fad80000)
  to   space 31232K, 0% used [0x00000000fb280000,0x00000000fb280000,0x00000000fd100000)
 ParOldGen       total 102400K, used 60642K [0x0000000080000000, 0x0000000086400000, 0x00000000d5580000)
  object space 102400K, 59% used [0x0000000080000000,0x0000000083b38a08,0x0000000086400000)
 Metaspace       used 80583K, capacity 84036K, committed 84136K, reserved 1126400K
  class space    used 10735K, capacity 11397K, committed 11440K, reserved 1048576K
Event: 1329.028 GC heap after
Heap after GC invocations=15 (full 4):
 PSYoungGen      total 614400K, used 0K [0x00000000d5580000, 0x00000000fd100000, 0x0000000100000000)
  eden space 582144K, 0% used [0x00000000d5580000,0x00000000d5580000,0x00000000f8e00000)
  from space 32256K, 0% used [0x00000000f8e00000,0x00000000f8e00000,0x00000000fad80000)
  to   space 31232K, 0% used [0x00000000fb280000,0x00000000fb280000,0x00000000fd100000)
 ParOldGen       total 142848K, used 51410K [0x0000000080000000, 0x0000000088b80000, 0x00000000d5580000)
  object space 142848K, 35% used [0x0000000080000000,0x0000000083234950,0x0000000088b80000)
 Metaspace       used 80381K, capacity 83460K, committed 84136K, reserved 1124352K
  class space    used 10668K, capacity 11281K, committed 11440K, reserved 1048576K
}

Deoptimization events (10 events):
Event: 3039.612 Thread 0x000000001fa51800 Uncommon trap: reason=unstable_if action=reinterpret pc=0x0000000004393768 method=com.android.tools.r8.ir.conversion.o.h(I)Lcom/android/tools/r8/ir/conversion/m; @ 22
Event: 3039.613 Thread 0x000000001fa51800 Uncommon trap: reason=class_check action=maybe_recompile pc=0x0000000004d46d84 method=com.android.tools.r8.ir.optimize.l.m(Lcom/android/tools/r8/u/b/W;)V @ 120
Event: 3039.613 Thread 0x000000001fa51800 Uncommon trap: reason=class_check action=maybe_recompile pc=0x0000000004d46d84 method=com.android.tools.r8.ir.optimize.l.m(Lcom/android/tools/r8/u/b/W;)V @ 120
Event: 3039.614 Thread 0x000000001fa51800 Uncommon trap: reason=class_check action=maybe_recompile pc=0x0000000004d46d84 method=com.android.tools.r8.ir.optimize.l.m(Lcom/android/tools/r8/u/b/W;)V @ 120
Event: 3039.615 Thread 0x000000001fa51800 Uncommon trap: reason=null_assert action=make_not_entrant pc=0x00000000043a22d8 method=com.android.tools.r8.u.b.m1.s()Lcom/android/tools/r8/graph/r; @ 4
Event: 3040.981 Thread 0x000000001fa59000 Uncommon trap: reason=unstable_if action=reinterpret pc=0x00000000045c150c method=com.android.tools.r8.dex.n.m()V @ 1414
Event: 3050.646 Thread 0x000000001fa52000 Uncommon trap: reason=unloaded action=reinterpret pc=0x00000000046a2eec method=com.android.tools.r8.code.u1.a(Ljava/nio/ShortBuffer;IILcom/android/tools/r8/graph/I0;)[Lcom/android/tools/r8/code/t1; @ 3019
Event: 3055.575 Thread 0x0000000019fbc000 Uncommon trap: reason=speculate_class_check action=maybe_recompile pc=0x0000000004a9a0dc method=com.google.common.collect.CompactHashMap$Itr.<init>(Lcom/google/common/collect/CompactHashMap;)V @ 25
Event: 3055.575 Thread 0x0000000019fbc000 Uncommon trap: reason=speculate_class_check action=maybe_recompile pc=0x0000000004a9a0dc method=com.google.common.collect.CompactHashMap$Itr.<init>(Lcom/google/common/collect/CompactHashMap;)V @ 25
Event: 3055.578 Thread 0x0000000019fbc000 Uncommon trap: reason=unstable_if action=reinterpret pc=0x0000000003718d78 method=java.io.ObjectOutputStream$BlockDataOutputStream.writeBytes(Ljava/lang/String;)V @ 22

Classes redefined (0 events):
No events

Internal exceptions (10 events):
Event: 3022.710 Thread 0x0000000019fbc000 Exception <a 'sun/nio/fs/WindowsException'> (0x00000000ea5b4300) thrown at [C:\src\AOSP-openjdk-git\hotspot\src\share\vm\prims\jni.cpp, line 710]
Event: 3022.711 Thread 0x0000000019fbc000 Exception <a 'sun/nio/fs/WindowsException'> (0x00000000ea5b5b48) thrown at [C:\src\AOSP-openjdk-git\hotspot\src\share\vm\prims\jni.cpp, line 710]
Event: 3022.711 Thread 0x0000000019fbc000 Exception <a 'sun/nio/fs/WindowsException'> (0x00000000ea5b7400) thrown at [C:\src\AOSP-openjdk-git\hotspot\src\share\vm\prims\jni.cpp, line 710]
Event: 3022.711 Thread 0x0000000019fbc000 Exception <a 'sun/nio/fs/WindowsException'> (0x00000000ea5b9e08) thrown at [C:\src\AOSP-openjdk-git\hotspot\src\share\vm\prims\jni.cpp, line 710]
Event: 3022.711 Thread 0x0000000019fbc000 Exception <a 'sun/nio/fs/WindowsException'> (0x00000000ea5bb660) thrown at [C:\src\AOSP-openjdk-git\hotspot\src\share\vm\prims\jni.cpp, line 710]
Event: 3022.711 Thread 0x0000000019fbc000 Exception <a 'sun/nio/fs/WindowsException'> (0x00000000ea5bcf28) thrown at [C:\src\AOSP-openjdk-git\hotspot\src\share\vm\prims\jni.cpp, line 710]
Event: 3038.483 Thread 0x000000001fa51800 Exception <a 'sun/nio/fs/WindowsException'> (0x00000000e9fe5460) thrown at [C:\src\AOSP-openjdk-git\hotspot\src\share\vm\prims\jni.cpp, line 710]
Event: 3039.623 Thread 0x000000001fa51800 Exception <a 'sun/nio/fs/WindowsException'> (0x00000000eca4c970) thrown at [C:\src\AOSP-openjdk-git\hotspot\src\share\vm\prims\jni.cpp, line 710]
Event: 3040.922 Thread 0x000000001fa59000 Exception <a 'sun/nio/fs/WindowsException'> (0x00000000ec47c8d8) thrown at [C:\src\AOSP-openjdk-git\hotspot\src\share\vm\prims\jni.cpp, line 710]
Event: 3055.404 Thread 0x000000001fa5b000 Exception <a 'sun/nio/fs/WindowsException'> (0x00000000f3749f90) thrown at [C:\src\AOSP-openjdk-git\hotspot\src\share\vm\prims\jni.cpp, line 710]

Events (10 events):
Event: 3055.578 Thread 0x0000000019fbc000 Uncommon trap: trap_request=0xffffff65 fr.pc=0x0000000003718d78
Event: 3055.578 Thread 0x0000000019fbc000 DEOPT PACKING pc=0x0000000003718d78 sp=0x000000001c6c7ac0
Event: 3055.578 Thread 0x0000000016fcc000 flushing nmethod 0x0000000003248690
Event: 3055.578 Thread 0x0000000019fbc000 DEOPT UNPACKING pc=0x00000000023e557b sp=0x000000001c6c7a70 mode 2
Event: 3055.578 Thread 0x0000000016fcc000 flushing nmethod 0x0000000003269a10
Event: 3055.578 Thread 0x0000000016fcc000 flushing nmethod 0x000000000326a390
Event: 3055.579 Thread 0x0000000016fcc000 flushing nmethod 0x00000000033499d0
Event: 3055.579 Thread 0x000000001fa52000 Thread added: 0x000000001fa52000
Event: 3055.582 Executing VM operation: RevokeBias
Event: 3055.582 Executing VM operation: RevokeBias done


Dynamic libraries:
0x00007ff67c270000 - 0x00007ff67c2a1000 	C:\Program Files\Android\Android Studio\jre\bin\java.exe
0x00007ffb254b0000 - 0x00007ffb2565d000 	C:\Windows\SYSTEM32\ntdll.dll
0x00007ffb22b30000 - 0x00007ffb22c6e000 	C:\Windows\system32\KERNEL32.DLL
0x00007ffb22960000 - 0x00007ffb22a75000 	C:\Windows\system32\KERNELBASE.dll
0x00007ffb24980000 - 0x00007ffb24a2a000 	C:\Windows\system32\ADVAPI32.dll
0x00007ffb22c70000 - 0x00007ffb22de7000 	C:\Windows\system32\USER32.dll
0x00007ffb206a0000 - 0x00007ffb2091a000 	C:\Windows\WinSxS\amd64_microsoft.windows.common-controls_6595b64144ccf1df_6.0.9600.17810_none_6240b9c7ecbd0bda\COMCTL32.dll
0x00007ffb233a0000 - 0x00007ffb2344a000 	C:\Windows\system32\msvcrt.dll
0x00007ffb24d70000 - 0x00007ffb24dc9000 	C:\Windows\SYSTEM32\sechost.dll
0x00007ffb24e10000 - 0x00007ffb24f51000 	C:\Windows\system32\RPCRT4.dll
0x00007ffb23250000 - 0x00007ffb2339b000 	C:\Windows\system32\GDI32.dll
0x00007ffb24dd0000 - 0x00007ffb24e06000 	C:\Windows\system32\IMM32.DLL
0x00007ffb23080000 - 0x00007ffb231d2000 	C:\Windows\system32\MSCTF.dll
0x00007ffb21850000 - 0x00007ffb21882000 	C:\Windows\SYSTEM32\ntmarta.dll
0x00007ffb223c0000 - 0x00007ffb223ee000 	C:\Windows\SYSTEM32\SspiCli.dll
0x0000000068320000 - 0x00000000683f2000 	C:\Program Files\Android\Android Studio\jre\jre\bin\msvcr100.dll
0x0000000068400000 - 0x0000000068c4b000 	C:\Program Files\Android\Android Studio\jre\jre\bin\server\jvm.dll
0x00007ffb15780000 - 0x00007ffb15789000 	C:\Windows\SYSTEM32\WSOCK32.dll
0x00007ffb1e860000 - 0x00007ffb1e882000 	C:\Windows\SYSTEM32\WINMM.dll
0x00007ffb1e820000 - 0x00007ffb1e82a000 	C:\Windows\SYSTEM32\VERSION.dll
0x00007ffb25100000 - 0x00007ffb25107000 	C:\Windows\system32\PSAPI.DLL
0x00007ffb24c40000 - 0x00007ffb24c9a000 	C:\Windows\system32\WS2_32.dll
0x00007ffb1e830000 - 0x00007ffb1e85a000 	C:\Windows\SYSTEM32\WINMMBASE.dll
0x00007ffb252b0000 - 0x00007ffb252b9000 	C:\Windows\system32\NSI.dll
0x00007ffb22910000 - 0x00007ffb2295f000 	C:\Windows\SYSTEM32\cfgmgr32.dll
0x00007ffb213a0000 - 0x00007ffb213c8000 	C:\Windows\SYSTEM32\DEVOBJ.dll
0x00007ffb204f0000 - 0x00007ffb204ff000 	C:\Program Files\Android\Android Studio\jre\jre\bin\verify.dll
0x00007ffb15bd0000 - 0x00007ffb15bf9000 	C:\Program Files\Android\Android Studio\jre\jre\bin\java.dll
0x00007ffb1c0f0000 - 0x00007ffb1c106000 	C:\Program Files\Android\Android Studio\jre\jre\bin\zip.dll
0x00007ffb23450000 - 0x00007ffb24979000 	C:\Windows\system32\SHELL32.dll
0x00007ffb22df0000 - 0x00007ffb23002000 	C:\Windows\SYSTEM32\combase.dll
0x00007ffb24a30000 - 0x00007ffb24a84000 	C:\Windows\system32\SHLWAPI.dll
0x00007ffb20b20000 - 0x00007ffb20bd2000 	C:\Windows\SYSTEM32\SHCORE.dll
0x00007ffb22600000 - 0x00007ffb22615000 	C:\Windows\SYSTEM32\profapi.dll
0x00007ffb1b190000 - 0x00007ffb1b1aa000 	C:\Program Files\Android\Android Studio\jre\jre\bin\net.dll
0x00007ffb21e00000 - 0x00007ffb21e59000 	C:\Windows\system32\mswsock.dll
0x00007ffb16bf0000 - 0x00007ffb16c03000 	C:\Program Files\Android\Android Studio\jre\jre\bin\nio.dll
0x00007ffb0ffd0000 - 0x00007ffb0fff6000 	C:\Users\SHADOWRATH\.gradle\native\31\windows-amd64\native-platform.dll
0x00007ffb1d6d0000 - 0x00007ffb1d6dd000 	C:\Program Files\Android\Android Studio\jre\jre\bin\management.dll
0x00007ffb21e60000 - 0x00007ffb21e80000 	C:\Windows\SYSTEM32\CRYPTSP.dll
0x00007ffb21a80000 - 0x00007ffb21ab6000 	C:\Windows\system32\rsaenh.dll
0x00007ffb220b0000 - 0x00007ffb220d6000 	C:\Windows\SYSTEM32\bcrypt.dll
0x00007ffb21b90000 - 0x00007ffb21bb1000 	C:\Windows\SYSTEM32\USERENV.dll
0x00007ffb22400000 - 0x00007ffb22463000 	C:\Windows\system32\bcryptprimitives.dll
0x00007ffb22470000 - 0x00007ffb2247b000 	C:\Windows\SYSTEM32\CRYPTBASE.dll
0x00007ffb1e5d0000 - 0x00007ffb1e5fa000 	C:\Windows\SYSTEM32\IPHLPAPI.DLL
0x00007ffb1e5c0000 - 0x00007ffb1e5ca000 	C:\Windows\SYSTEM32\WINNSI.DLL
0x00007ffb1b360000 - 0x00007ffb1b376000 	C:\Windows\SYSTEM32\dhcpcsvc6.DLL
0x00007ffb1b340000 - 0x00007ffb1b35a000 	C:\Windows\SYSTEM32\dhcpcsvc.DLL

VM Arguments:
jvm_args: -Xmx2048m -Dfile.encoding=windows-1252 -Duser.country=US -Duser.language=en -Duser.variant 
java_command: org.gradle.launcher.daemon.bootstrap.GradleDaemon 6.1.1
java_class_path (initial): C:\Users\SHADOWRATH\.gradle\wrapper\dists\gradle-6.1.1-all\cfmwm155h49vnt3hynmlrsdst\gradle-6.1.1\lib\gradle-launcher-6.1.1.jar
Launcher Type: SUN_STANDARD

Environment Variables:
PATH=C:\Program Files\Microsoft MPI\Bin\;C:\Program Files\Dell\DW WLAN Card;C:\Windows\system32;C:\Windows;C:\Windows\System32\Wbem;C:\Windows\System32\WindowsPowerShell\v1.0\;C:\Program Files\WIDCOMM\Bluetooth Software\;C:\Program Files\WIDCOMM\Bluetooth Software\syswow64;C:\Program Files (x86)\NVIDIA Corporation\PhysX\Common;C:\Program Files\Microsoft SQL Server\Client SDK\ODBC\130\Tools\Binn\;C:\Program Files (x86)\Microsoft SQL Server\140\Tools\Binn\;C:\Program Files\Microsoft SQL Server\140\Tools\Binn\;C:\Program Files\Microsoft SQL Server\140\DTS\Binn\;C:\Program Files (x86)\Microsoft SQL Server\150\DTS\Binn\;C:\Program Files (x86)\Microsoft SQL Server\140\DTS\Binn\;C:\Program Files\NVIDIA Corporation\NVIDIA NvDLISR\;C:\Program Files\Java\jdk13\bin;C:\Program Files\NVIDIA Corporation\NVIDIA NvDLISR;C:\Program Files\Git\cmd;C:\Program Files\MySQL\MySQL Shell 8.0\bin\;C:\Program Files\java\jdk-13.0.2\bin
USERNAME=SHADOWRATH
OS=Windows_NT
PROCESSOR_IDENTIFIER=Intel64 Family 6 Model 61 Stepping 4, GenuineIntel



---------------  S Y S T E M  ---------------

OS: Windows 8.1 , 64 bit Build 9600 (6.3.9600.17415)

CPU:total 4 (initial active 4) (2 cores per cpu, 2 threads per core) family 6 model 61 stepping 4, cmov, cx8, fxsr, mmx, sse, sse2, sse3, ssse3, sse4.1, sse4.2, popcnt, avx, avx2, aes, clmul, erms, 3dnowpref, lzcnt, ht, tsc, tscinvbit, bmi1, bmi2, adx

Memory: 4k page, physical 8297700k(619160k free), swap 11369700k(9376k free)

vm_info: OpenJDK 64-Bit Server VM (25.242-b01) for windows-amd64 JRE (1.8.0_242-release-1644-b01), built by "builder" with MS VC++ 10.0 (VS2010)

time: Fri Aug 07 12:32:35 2020
timezone: Sri Lanka Standard Time
elapsed time: 3056 seconds (0d 0h 50m 56s)

